[2026-03-04T02:55:29.488+0000] {local_task_job_runner.py:120} INFO - ::group::Pre task execution logs
[2026-03-04T02:55:29.510+0000] {taskinstance.py:2076} INFO - Dependencies all met for dep_context=non-requeueable deps ti=<TaskInstance: wikipedia_pageviews_to_postgres.extract_counts scheduled__2025-01-16T00:00:00+00:00 [queued]>
[2026-03-04T02:55:29.514+0000] {taskinstance.py:2076} INFO - Dependencies all met for dep_context=requeueable deps ti=<TaskInstance: wikipedia_pageviews_to_postgres.extract_counts scheduled__2025-01-16T00:00:00+00:00 [queued]>
[2026-03-04T02:55:29.515+0000] {taskinstance.py:2306} INFO - Starting attempt 1 of 1
[2026-03-04T02:55:29.522+0000] {taskinstance.py:2330} INFO - Executing <Task(PythonOperator): extract_counts> on 2025-01-16 00:00:00+00:00
[2026-03-04T02:55:29.530+0000] {standard_task_runner.py:90} INFO - Running: ['airflow', 'tasks', 'run', 'wikipedia_pageviews_to_postgres', 'extract_counts', 'scheduled__2025-01-16T00:00:00+00:00', '--job-id', '21', '--raw', '--subdir', 'DAGS_FOLDER/mini_4_wikipedia.py', '--cfg-path', '/tmp/tmpptdu7ofo']
[2026-03-04T02:55:29.532+0000] {standard_task_runner.py:91} INFO - Job 21: Subtask extract_counts
[2026-03-04T02:55:29.533+0000] {logging_mixin.py:188} WARNING - /home/airflow/.local/lib/python3.12/site-packages/airflow/task/task_runner/standard_task_runner.py:62 DeprecationWarning: This process (pid=2495) is multi-threaded, use of fork() may lead to deadlocks in the child.
[2026-03-04T02:55:29.533+0000] {standard_task_runner.py:64} INFO - Started process 2499 to run task
[2026-03-04T02:55:29.700+0000] {task_command.py:426} INFO - Running <TaskInstance: wikipedia_pageviews_to_postgres.extract_counts scheduled__2025-01-16T00:00:00+00:00 [running]> on host 877d8a31e027
[2026-03-04T02:55:29.748+0000] {taskinstance.py:2648} INFO - Exporting env vars: AIRFLOW_CTX_DAG_OWNER='airflow' AIRFLOW_CTX_DAG_ID='wikipedia_pageviews_to_postgres' AIRFLOW_CTX_TASK_ID='extract_counts' AIRFLOW_CTX_EXECUTION_DATE='2025-01-16T00:00:00+00:00' AIRFLOW_CTX_TRY_NUMBER='1' AIRFLOW_CTX_DAG_RUN_ID='scheduled__2025-01-16T00:00:00+00:00'
[2026-03-04T02:55:29.749+0000] {taskinstance.py:430} INFO - ::endgroup::
[2026-03-04T02:55:32.804+0000] {python.py:237} INFO - Done. Returned value was: None
[2026-03-04T02:55:32.805+0000] {taskinstance.py:441} INFO - ::group::Post task execution logs
[2026-03-04T02:55:32.812+0000] {taskinstance.py:1206} INFO - Marking task as SUCCESS. dag_id=wikipedia_pageviews_to_postgres, task_id=extract_counts, run_id=scheduled__2025-01-16T00:00:00+00:00, execution_date=20250116T000000, start_date=20260304T025529, end_date=20260304T025532
[2026-03-04T02:55:32.835+0000] {local_task_job_runner.py:243} INFO - Task exited with return code 0
[2026-03-04T02:55:32.843+0000] {logging_mixin.py:188} WARNING - /home/airflow/.local/lib/python3.12/site-packages/airflow/models/baseoperator.py:1297 AirflowProviderDeprecationWarning: Call to deprecated class PostgresOperator. (Please use `airflow.providers.common.sql.operators.sql.SQLExecuteQueryOperator`.Also, you can provide `hook_params={'schema': <database>}`.)
[2026-03-04T02:55:32.946+0000] {taskinstance.py:3503} INFO - 1 downstream tasks scheduled from follow-on schedule check
[2026-03-04T02:55:32.947+0000] {local_task_job_runner.py:222} INFO - ::endgroup::
[2026-03-04T03:25:54.357+0000] {local_task_job_runner.py:120} INFO - ::group::Pre task execution logs
[2026-03-04T03:25:54.377+0000] {taskinstance.py:2076} INFO - Dependencies all met for dep_context=non-requeueable deps ti=<TaskInstance: wikipedia_pageviews_to_postgres.extract_counts scheduled__2025-01-16T00:00:00+00:00 [queued]>
[2026-03-04T03:25:54.381+0000] {taskinstance.py:2076} INFO - Dependencies all met for dep_context=requeueable deps ti=<TaskInstance: wikipedia_pageviews_to_postgres.extract_counts scheduled__2025-01-16T00:00:00+00:00 [queued]>
[2026-03-04T03:25:54.381+0000] {taskinstance.py:2306} INFO - Starting attempt 1 of 1
[2026-03-04T03:25:54.388+0000] {taskinstance.py:2330} INFO - Executing <Task(PythonOperator): extract_counts> on 2025-01-16 00:00:00+00:00
[2026-03-04T03:25:54.394+0000] {standard_task_runner.py:90} INFO - Running: ['airflow', 'tasks', 'run', 'wikipedia_pageviews_to_postgres', 'extract_counts', 'scheduled__2025-01-16T00:00:00+00:00', '--job-id', '27', '--raw', '--subdir', 'DAGS_FOLDER/mini_4_wikipedia.py', '--cfg-path', '/tmp/tmps5j7xh5v']
[2026-03-04T03:25:54.397+0000] {standard_task_runner.py:91} INFO - Job 27: Subtask extract_counts
[2026-03-04T03:25:54.399+0000] {logging_mixin.py:188} WARNING - /home/airflow/.local/lib/python3.12/site-packages/airflow/task/task_runner/standard_task_runner.py:62 DeprecationWarning: This process (pid=4109) is multi-threaded, use of fork() may lead to deadlocks in the child.
[2026-03-04T03:25:54.399+0000] {standard_task_runner.py:64} INFO - Started process 4111 to run task
[2026-03-04T03:25:54.429+0000] {task_command.py:426} INFO - Running <TaskInstance: wikipedia_pageviews_to_postgres.extract_counts scheduled__2025-01-16T00:00:00+00:00 [running]> on host 877d8a31e027
[2026-03-04T03:25:54.580+0000] {taskinstance.py:2648} INFO - Exporting env vars: AIRFLOW_CTX_DAG_OWNER='airflow' AIRFLOW_CTX_DAG_ID='wikipedia_pageviews_to_postgres' AIRFLOW_CTX_TASK_ID='extract_counts' AIRFLOW_CTX_EXECUTION_DATE='2025-01-16T00:00:00+00:00' AIRFLOW_CTX_TRY_NUMBER='1' AIRFLOW_CTX_DAG_RUN_ID='scheduled__2025-01-16T00:00:00+00:00'
[2026-03-04T03:25:54.581+0000] {taskinstance.py:430} INFO - ::endgroup::
[2026-03-04T03:25:57.548+0000] {python.py:237} INFO - Done. Returned value was: None
[2026-03-04T03:25:57.548+0000] {taskinstance.py:441} INFO - ::group::Post task execution logs
[2026-03-04T03:25:57.555+0000] {taskinstance.py:1206} INFO - Marking task as SUCCESS. dag_id=wikipedia_pageviews_to_postgres, task_id=extract_counts, run_id=scheduled__2025-01-16T00:00:00+00:00, execution_date=20250116T000000, start_date=20260304T032554, end_date=20260304T032557
[2026-03-04T03:25:57.580+0000] {local_task_job_runner.py:243} INFO - Task exited with return code 0
[2026-03-04T03:25:57.704+0000] {taskinstance.py:3503} INFO - 1 downstream tasks scheduled from follow-on schedule check
[2026-03-04T03:25:57.705+0000] {local_task_job_runner.py:222} INFO - ::endgroup::
[2026-03-04T03:47:53.211+0000] {local_task_job_runner.py:120} INFO - ::group::Pre task execution logs
[2026-03-04T03:47:53.235+0000] {taskinstance.py:2076} INFO - Dependencies all met for dep_context=non-requeueable deps ti=<TaskInstance: wikipedia_pageviews_to_postgres.extract_counts scheduled__2025-01-16T00:00:00+00:00 [queued]>
[2026-03-04T03:47:53.239+0000] {taskinstance.py:2076} INFO - Dependencies all met for dep_context=requeueable deps ti=<TaskInstance: wikipedia_pageviews_to_postgres.extract_counts scheduled__2025-01-16T00:00:00+00:00 [queued]>
[2026-03-04T03:47:53.240+0000] {taskinstance.py:2306} INFO - Starting attempt 1 of 1
[2026-03-04T03:47:53.246+0000] {taskinstance.py:2330} INFO - Executing <Task(PythonOperator): extract_counts> on 2025-01-16 00:00:00+00:00
[2026-03-04T03:47:53.254+0000] {standard_task_runner.py:90} INFO - Running: ['airflow', 'tasks', 'run', 'wikipedia_pageviews_to_postgres', 'extract_counts', 'scheduled__2025-01-16T00:00:00+00:00', '--job-id', '34', '--raw', '--subdir', 'DAGS_FOLDER/mini_4_wikipedia.py', '--cfg-path', '/tmp/tmpo5i4ek1h']
[2026-03-04T03:47:53.256+0000] {standard_task_runner.py:91} INFO - Job 34: Subtask extract_counts
[2026-03-04T03:47:53.256+0000] {logging_mixin.py:188} WARNING - /home/airflow/.local/lib/python3.12/site-packages/airflow/task/task_runner/standard_task_runner.py:62 DeprecationWarning: This process (pid=5344) is multi-threaded, use of fork() may lead to deadlocks in the child.
[2026-03-04T03:47:53.256+0000] {standard_task_runner.py:64} INFO - Started process 5346 to run task
[2026-03-04T03:47:53.295+0000] {task_command.py:426} INFO - Running <TaskInstance: wikipedia_pageviews_to_postgres.extract_counts scheduled__2025-01-16T00:00:00+00:00 [running]> on host 877d8a31e027
[2026-03-04T03:47:53.486+0000] {taskinstance.py:2648} INFO - Exporting env vars: AIRFLOW_CTX_DAG_OWNER='airflow' AIRFLOW_CTX_DAG_ID='wikipedia_pageviews_to_postgres' AIRFLOW_CTX_TASK_ID='extract_counts' AIRFLOW_CTX_EXECUTION_DATE='2025-01-16T00:00:00+00:00' AIRFLOW_CTX_TRY_NUMBER='1' AIRFLOW_CTX_DAG_RUN_ID='scheduled__2025-01-16T00:00:00+00:00'
[2026-03-04T03:47:53.487+0000] {taskinstance.py:430} INFO - ::endgroup::
[2026-03-04T03:47:56.798+0000] {python.py:237} INFO - Done. Returned value was: None
[2026-03-04T03:47:56.799+0000] {taskinstance.py:441} INFO - ::group::Post task execution logs
[2026-03-04T03:47:56.806+0000] {taskinstance.py:1206} INFO - Marking task as SUCCESS. dag_id=wikipedia_pageviews_to_postgres, task_id=extract_counts, run_id=scheduled__2025-01-16T00:00:00+00:00, execution_date=20250116T000000, start_date=20260304T034753, end_date=20260304T034756
[2026-03-04T03:47:56.839+0000] {local_task_job_runner.py:243} INFO - Task exited with return code 0
[2026-03-04T03:47:56.854+0000] {taskinstance.py:3503} INFO - 1 downstream tasks scheduled from follow-on schedule check
[2026-03-04T03:47:56.855+0000] {local_task_job_runner.py:222} INFO - ::endgroup::
