[2026-03-04T02:18:12.037+0000] {local_task_job_runner.py:120} INFO - ::group::Pre task execution logs
[2026-03-04T02:18:12.062+0000] {taskinstance.py:2076} INFO - Dependencies all met for dep_context=non-requeueable deps ti=<TaskInstance: wikipedia_pageviews_to_postgres.create_table scheduled__2026-03-03T00:00:00+00:00 [queued]>
[2026-03-04T02:18:12.067+0000] {taskinstance.py:2076} INFO - Dependencies all met for dep_context=requeueable deps ti=<TaskInstance: wikipedia_pageviews_to_postgres.create_table scheduled__2026-03-03T00:00:00+00:00 [queued]>
[2026-03-04T02:18:12.067+0000] {taskinstance.py:2306} INFO - Starting attempt 1 of 1
[2026-03-04T02:18:12.075+0000] {taskinstance.py:2330} INFO - Executing <Task(PostgresOperator): create_table> on 2026-03-03 00:00:00+00:00
[2026-03-04T02:18:12.083+0000] {standard_task_runner.py:90} INFO - Running: ['airflow', 'tasks', 'run', 'wikipedia_pageviews_to_postgres', 'create_table', 'scheduled__2026-03-03T00:00:00+00:00', '--job-id', '6', '--raw', '--subdir', 'DAGS_FOLDER/mini_4_wikipedia.py', '--cfg-path', '/tmp/tmpzx2f1d0t']
[2026-03-04T02:18:12.085+0000] {standard_task_runner.py:91} INFO - Job 6: Subtask create_table
[2026-03-04T02:18:12.089+0000] {logging_mixin.py:188} WARNING - /home/airflow/.local/lib/python3.12/site-packages/airflow/task/task_runner/standard_task_runner.py:62 DeprecationWarning: This process (pid=438) is multi-threaded, use of fork() may lead to deadlocks in the child.
[2026-03-04T02:18:12.090+0000] {standard_task_runner.py:64} INFO - Started process 440 to run task
[2026-03-04T02:18:12.278+0000] {task_command.py:426} INFO - Running <TaskInstance: wikipedia_pageviews_to_postgres.create_table scheduled__2026-03-03T00:00:00+00:00 [running]> on host 877d8a31e027
[2026-03-04T02:18:12.333+0000] {taskinstance.py:2648} INFO - Exporting env vars: AIRFLOW_CTX_DAG_OWNER='airflow' AIRFLOW_CTX_DAG_ID='wikipedia_pageviews_to_postgres' AIRFLOW_CTX_TASK_ID='create_table' AIRFLOW_CTX_EXECUTION_DATE='2026-03-03T00:00:00+00:00' AIRFLOW_CTX_TRY_NUMBER='1' AIRFLOW_CTX_DAG_RUN_ID='scheduled__2026-03-03T00:00:00+00:00'
[2026-03-04T02:18:12.334+0000] {taskinstance.py:430} INFO - ::endgroup::
[2026-03-04T02:18:12.341+0000] {sql.py:282} INFO - Executing: 
        CREATE TABLE IF NOT EXISTS pageview_counts (
        ds DATE NOT NULL,
        hour INT NOT NULL,
        title TEXT NOT NULL,
        view_count BIGINT NOT NULL,
        PRIMARY KEY (ds, hour, title)
        );
        
[2026-03-04T02:18:12.347+0000] {taskinstance.py:441} INFO - ::group::Post task execution logs
[2026-03-04T02:18:12.354+0000] {taskinstance.py:2905} ERROR - Task failed with exception
Traceback (most recent call last):
  File "/home/airflow/.local/lib/python3.12/site-packages/airflow/models/taskinstance.py", line 465, in _execute_task
    result = _execute_callable(context=context, **execute_callable_kwargs)
             ^^^^^^^^^^^^^^^^^^^^^^^^^^^^^^^^^^^^^^^^^^^^^^^^^^^^^^^^^^^^^
  File "/home/airflow/.local/lib/python3.12/site-packages/airflow/models/taskinstance.py", line 432, in _execute_callable
    return execute_callable(context=context, **execute_callable_kwargs)
           ^^^^^^^^^^^^^^^^^^^^^^^^^^^^^^^^^^^^^^^^^^^^^^^^^^^^^^^^^^^^
  File "/home/airflow/.local/lib/python3.12/site-packages/airflow/models/baseoperator.py", line 401, in wrapper
    return func(self, *args, **kwargs)
           ^^^^^^^^^^^^^^^^^^^^^^^^^^^
  File "/home/airflow/.local/lib/python3.12/site-packages/airflow/providers/common/sql/operators/sql.py", line 283, in execute
    hook = self.get_db_hook()
           ^^^^^^^^^^^^^^^^^^
  File "/home/airflow/.local/lib/python3.12/site-packages/airflow/providers/common/sql/operators/sql.py", line 194, in get_db_hook
    return self._hook
           ^^^^^^^^^^
  File "/usr/local/lib/python3.12/functools.py", line 995, in __get__
    val = self.func(instance)
          ^^^^^^^^^^^^^^^^^^^
  File "/home/airflow/.local/lib/python3.12/site-packages/airflow/providers/common/sql/operators/sql.py", line 153, in _hook
    conn = BaseHook.get_connection(conn_id)
           ^^^^^^^^^^^^^^^^^^^^^^^^^^^^^^^^
  File "/home/airflow/.local/lib/python3.12/site-packages/airflow/hooks/base.py", line 83, in get_connection
    conn = Connection.get_connection_from_secrets(conn_id)
           ^^^^^^^^^^^^^^^^^^^^^^^^^^^^^^^^^^^^^^^^^^^^^^^
  File "/home/airflow/.local/lib/python3.12/site-packages/airflow/models/connection.py", line 519, in get_connection_from_secrets
    raise AirflowNotFoundException(f"The conn_id `{conn_id}` isn't defined")
airflow.exceptions.AirflowNotFoundException: The conn_id `postgres_default` isn't defined
[2026-03-04T02:18:12.358+0000] {taskinstance.py:1206} INFO - Marking task as FAILED. dag_id=wikipedia_pageviews_to_postgres, task_id=create_table, run_id=scheduled__2026-03-03T00:00:00+00:00, execution_date=20260303T000000, start_date=20260304T021812, end_date=20260304T021812
[2026-03-04T02:18:12.365+0000] {standard_task_runner.py:110} ERROR - Failed to execute job 6 for task create_table (The conn_id `postgres_default` isn't defined; 440)
[2026-03-04T02:18:12.384+0000] {local_task_job_runner.py:243} INFO - Task exited with return code 1
[2026-03-04T02:18:12.393+0000] {logging_mixin.py:188} WARNING - /home/airflow/.local/lib/python3.12/site-packages/airflow/models/baseoperator.py:1297 AirflowProviderDeprecationWarning: Call to deprecated class PostgresOperator. (Please use `airflow.providers.common.sql.operators.sql.SQLExecuteQueryOperator`.Also, you can provide `hook_params={'schema': <database>}`.)
[2026-03-04T02:18:12.502+0000] {taskinstance.py:3503} INFO - 0 downstream tasks scheduled from follow-on schedule check
[2026-03-04T02:18:12.505+0000] {local_task_job_runner.py:222} INFO - ::endgroup::
