[2026-03-04T02:30:32.993+0000] {local_task_job_runner.py:120} INFO - ::group::Pre task execution logs
[2026-03-04T02:30:33.022+0000] {taskinstance.py:2076} INFO - Dependencies all met for dep_context=non-requeueable deps ti=<TaskInstance: wikipedia_pageviews_to_postgres.create_table scheduled__2026-03-03T00:00:00+00:00 [queued]>
[2026-03-04T02:30:33.027+0000] {taskinstance.py:2076} INFO - Dependencies all met for dep_context=requeueable deps ti=<TaskInstance: wikipedia_pageviews_to_postgres.create_table scheduled__2026-03-03T00:00:00+00:00 [queued]>
[2026-03-04T02:30:33.027+0000] {taskinstance.py:2306} INFO - Starting attempt 2 of 2
[2026-03-04T02:30:33.037+0000] {taskinstance.py:2330} INFO - Executing <Task(PostgresOperator): create_table> on 2026-03-03 00:00:00+00:00
[2026-03-04T02:30:33.045+0000] {standard_task_runner.py:90} INFO - Running: ['airflow', 'tasks', 'run', 'wikipedia_pageviews_to_postgres', 'create_table', 'scheduled__2026-03-03T00:00:00+00:00', '--job-id', '7', '--raw', '--subdir', 'DAGS_FOLDER/mini_4_wikipedia.py', '--cfg-path', '/tmp/tmpgsr4d3ge']
[2026-03-04T02:30:33.048+0000] {standard_task_runner.py:91} INFO - Job 7: Subtask create_table
[2026-03-04T02:30:33.050+0000] {logging_mixin.py:188} WARNING - /home/airflow/.local/lib/python3.12/site-packages/airflow/task/task_runner/standard_task_runner.py:62 DeprecationWarning: This process (pid=1089) is multi-threaded, use of fork() may lead to deadlocks in the child.
[2026-03-04T02:30:33.051+0000] {standard_task_runner.py:64} INFO - Started process 1091 to run task
[2026-03-04T02:30:33.232+0000] {task_command.py:426} INFO - Running <TaskInstance: wikipedia_pageviews_to_postgres.create_table scheduled__2026-03-03T00:00:00+00:00 [running]> on host 877d8a31e027
[2026-03-04T02:30:33.281+0000] {taskinstance.py:2648} INFO - Exporting env vars: AIRFLOW_CTX_DAG_OWNER='airflow' AIRFLOW_CTX_DAG_ID='wikipedia_pageviews_to_postgres' AIRFLOW_CTX_TASK_ID='create_table' AIRFLOW_CTX_EXECUTION_DATE='2026-03-03T00:00:00+00:00' AIRFLOW_CTX_TRY_NUMBER='2' AIRFLOW_CTX_DAG_RUN_ID='scheduled__2026-03-03T00:00:00+00:00'
[2026-03-04T02:30:33.282+0000] {taskinstance.py:430} INFO - ::endgroup::
[2026-03-04T02:30:33.293+0000] {sql.py:282} INFO - Executing: 
        CREATE TABLE IF NOT EXISTS pageview_counts (
        ds DATE NOT NULL,
        hour INT NOT NULL,
        title TEXT NOT NULL,
        view_count BIGINT NOT NULL,
        PRIMARY KEY (ds, hour, title)
        );
        
[2026-03-04T02:30:33.299+0000] {base.py:84} INFO - Using connection ID 'postgres_default' for task execution.
[2026-03-04T02:30:33.312+0000] {base.py:84} INFO - Using connection ID 'postgres_default' for task execution.
[2026-03-04T02:30:33.316+0000] {sql.py:495} INFO - Running statement: 
        CREATE TABLE IF NOT EXISTS pageview_counts (
        ds DATE NOT NULL,
        hour INT NOT NULL,
        title TEXT NOT NULL,
        view_count BIGINT NOT NULL,
        PRIMARY KEY (ds, hour, title)
        );
        , parameters: None
[2026-03-04T02:30:33.331+0000] {taskinstance.py:441} INFO - ::group::Post task execution logs
[2026-03-04T02:30:33.338+0000] {taskinstance.py:1206} INFO - Marking task as SUCCESS. dag_id=wikipedia_pageviews_to_postgres, task_id=create_table, run_id=scheduled__2026-03-03T00:00:00+00:00, execution_date=20260303T000000, start_date=20260304T023033, end_date=20260304T023033
[2026-03-04T02:30:33.385+0000] {local_task_job_runner.py:243} INFO - Task exited with return code 0
[2026-03-04T02:30:33.395+0000] {logging_mixin.py:188} WARNING - /home/airflow/.local/lib/python3.12/site-packages/airflow/models/baseoperator.py:1297 AirflowProviderDeprecationWarning: Call to deprecated class PostgresOperator. (Please use `airflow.providers.common.sql.operators.sql.SQLExecuteQueryOperator`.Also, you can provide `hook_params={'schema': <database>}`.)
[2026-03-04T02:30:33.507+0000] {taskinstance.py:3503} INFO - 1 downstream tasks scheduled from follow-on schedule check
[2026-03-04T02:30:33.508+0000] {local_task_job_runner.py:222} INFO - ::endgroup::
