[2026-02-27T16:13:08.131+0000] {local_task_job_runner.py:120} INFO - ::group::Pre task execution logs
[2026-02-27T16:13:08.156+0000] {taskinstance.py:2076} INFO - Dependencies all met for dep_context=non-requeueable deps ti=<TaskInstance: download_rocket_launches.notify manual__2026-02-27T16:12:50.228134+00:00 [queued]>
[2026-02-27T16:13:08.161+0000] {taskinstance.py:2076} INFO - Dependencies all met for dep_context=requeueable deps ti=<TaskInstance: download_rocket_launches.notify manual__2026-02-27T16:12:50.228134+00:00 [queued]>
[2026-02-27T16:13:08.161+0000] {taskinstance.py:2306} INFO - Starting attempt 1 of 1
[2026-02-27T16:13:08.169+0000] {taskinstance.py:2330} INFO - Executing <Task(BashOperator): notify> on 2026-02-27 16:12:50.228134+00:00
[2026-02-27T16:13:08.175+0000] {standard_task_runner.py:90} INFO - Running: ['airflow', 'tasks', 'run', 'download_rocket_launches', 'notify', 'manual__2026-02-27T16:12:50.228134+00:00', '--job-id', '11', '--raw', '--subdir', 'DAGS_FOLDER/mini_2_real_rocket.py', '--cfg-path', '/tmp/tmpd66tacc7']
[2026-02-27T16:13:08.177+0000] {standard_task_runner.py:91} INFO - Job 11: Subtask notify
[2026-02-27T16:13:08.177+0000] {logging_mixin.py:188} WARNING - /home/airflow/.local/lib/python3.12/site-packages/airflow/task/task_runner/standard_task_runner.py:62 DeprecationWarning: This process (pid=254) is multi-threaded, use of fork() may lead to deadlocks in the child.
[2026-02-27T16:13:08.178+0000] {standard_task_runner.py:64} INFO - Started process 255 to run task
[2026-02-27T16:13:08.211+0000] {task_command.py:426} INFO - Running <TaskInstance: download_rocket_launches.notify manual__2026-02-27T16:12:50.228134+00:00 [running]> on host 90e8a0c7f0d0
[2026-02-27T16:13:08.271+0000] {taskinstance.py:2648} INFO - Exporting env vars: AIRFLOW_CTX_DAG_OWNER='airflow' AIRFLOW_CTX_DAG_ID='download_rocket_launches' AIRFLOW_CTX_TASK_ID='notify' AIRFLOW_CTX_EXECUTION_DATE='2026-02-27T16:12:50.228134+00:00' AIRFLOW_CTX_TRY_NUMBER='1' AIRFLOW_CTX_DAG_RUN_ID='manual__2026-02-27T16:12:50.228134+00:00'
[2026-02-27T16:13:08.273+0000] {taskinstance.py:430} INFO - ::endgroup::
[2026-02-27T16:13:08.282+0000] {subprocess.py:63} INFO - Tmp dir root location: /tmp
[2026-02-27T16:13:08.283+0000] {subprocess.py:75} INFO - Running command: ['/usr/bin/bash', '-c', 'echo "there are now $(ls /opt/airflow/data/images/ | wc -l) images."']
[2026-02-27T16:13:08.292+0000] {subprocess.py:86} INFO - Output:
[2026-02-27T16:13:08.299+0000] {subprocess.py:93} INFO - there are now 5 images.
[2026-02-27T16:13:08.299+0000] {subprocess.py:97} INFO - Command exited with return code 0
[2026-02-27T16:13:08.300+0000] {taskinstance.py:441} INFO - ::group::Post task execution logs
[2026-02-27T16:13:08.318+0000] {taskinstance.py:1206} INFO - Marking task as SUCCESS. dag_id=download_rocket_launches, task_id=notify, run_id=manual__2026-02-27T16:12:50.228134+00:00, execution_date=20260227T161250, start_date=20260227T161308, end_date=20260227T161308
[2026-02-27T16:13:08.352+0000] {local_task_job_runner.py:243} INFO - Task exited with return code 0
[2026-02-27T16:13:08.364+0000] {taskinstance.py:3503} INFO - 0 downstream tasks scheduled from follow-on schedule check
[2026-02-27T16:13:08.366+0000] {local_task_job_runner.py:222} INFO - ::endgroup::
