[2026-03-04T02:30:33.998+0000] {local_task_job_runner.py:120} INFO - ::group::Pre task execution logs
[2026-03-04T02:30:34.021+0000] {taskinstance.py:2076} INFO - Dependencies all met for dep_context=non-requeueable deps ti=<TaskInstance: wikipedia_pageviews_to_postgres.download_pageviews scheduled__2026-03-03T00:00:00+00:00 [queued]>
[2026-03-04T02:30:34.026+0000] {taskinstance.py:2076} INFO - Dependencies all met for dep_context=requeueable deps ti=<TaskInstance: wikipedia_pageviews_to_postgres.download_pageviews scheduled__2026-03-03T00:00:00+00:00 [queued]>
[2026-03-04T02:30:34.026+0000] {taskinstance.py:2306} INFO - Starting attempt 1 of 1
[2026-03-04T02:30:34.033+0000] {taskinstance.py:2330} INFO - Executing <Task(BashOperator): download_pageviews> on 2026-03-03 00:00:00+00:00
[2026-03-04T02:30:34.040+0000] {standard_task_runner.py:90} INFO - Running: ['airflow', 'tasks', 'run', 'wikipedia_pageviews_to_postgres', 'download_pageviews', 'scheduled__2026-03-03T00:00:00+00:00', '--job-id', '8', '--raw', '--subdir', 'DAGS_FOLDER/mini_4_wikipedia.py', '--cfg-path', '/tmp/tmpgs999um1']
[2026-03-04T02:30:34.043+0000] {standard_task_runner.py:91} INFO - Job 8: Subtask download_pageviews
[2026-03-04T02:30:34.045+0000] {logging_mixin.py:188} WARNING - /home/airflow/.local/lib/python3.12/site-packages/airflow/task/task_runner/standard_task_runner.py:62 DeprecationWarning: This process (pid=1092) is multi-threaded, use of fork() may lead to deadlocks in the child.
[2026-03-04T02:30:34.046+0000] {standard_task_runner.py:64} INFO - Started process 1094 to run task
[2026-03-04T02:30:34.224+0000] {task_command.py:426} INFO - Running <TaskInstance: wikipedia_pageviews_to_postgres.download_pageviews scheduled__2026-03-03T00:00:00+00:00 [running]> on host 877d8a31e027
[2026-03-04T02:30:34.272+0000] {taskinstance.py:2648} INFO - Exporting env vars: AIRFLOW_CTX_DAG_OWNER='airflow' AIRFLOW_CTX_DAG_ID='wikipedia_pageviews_to_postgres' AIRFLOW_CTX_TASK_ID='download_pageviews' AIRFLOW_CTX_EXECUTION_DATE='2026-03-03T00:00:00+00:00' AIRFLOW_CTX_TRY_NUMBER='1' AIRFLOW_CTX_DAG_RUN_ID='scheduled__2026-03-03T00:00:00+00:00'
[2026-03-04T02:30:34.273+0000] {taskinstance.py:430} INFO - ::endgroup::
[2026-03-04T02:30:34.280+0000] {subprocess.py:63} INFO - Tmp dir root location: /tmp
[2026-03-04T02:30:34.281+0000] {subprocess.py:75} INFO - Running command: ['/usr/bin/bash', '-c', 'mkdir -p /opt/airflow/data/wiki && curl -sS -L -o /opt/airflow/data/wiki/pageviews-20260303-000000.gz https://dumps.wikimedia.org/other/pageviews/2026/2026-03/pageviews-20260303-000000.gz']
[2026-03-04T02:30:34.293+0000] {subprocess.py:86} INFO - Output:
[2026-03-04T02:30:35.104+0000] {subprocess.py:97} INFO - Command exited with return code 0
[2026-03-04T02:30:35.104+0000] {taskinstance.py:441} INFO - ::group::Post task execution logs
[2026-03-04T02:30:35.122+0000] {taskinstance.py:1206} INFO - Marking task as SUCCESS. dag_id=wikipedia_pageviews_to_postgres, task_id=download_pageviews, run_id=scheduled__2026-03-03T00:00:00+00:00, execution_date=20260303T000000, start_date=20260304T023034, end_date=20260304T023035
[2026-03-04T02:30:35.142+0000] {local_task_job_runner.py:243} INFO - Task exited with return code 0
[2026-03-04T02:30:35.151+0000] {logging_mixin.py:188} WARNING - /home/airflow/.local/lib/python3.12/site-packages/airflow/models/baseoperator.py:1297 AirflowProviderDeprecationWarning: Call to deprecated class PostgresOperator. (Please use `airflow.providers.common.sql.operators.sql.SQLExecuteQueryOperator`.Also, you can provide `hook_params={'schema': <database>}`.)
[2026-03-04T02:30:35.259+0000] {taskinstance.py:3503} INFO - 1 downstream tasks scheduled from follow-on schedule check
[2026-03-04T02:30:35.260+0000] {local_task_job_runner.py:222} INFO - ::endgroup::
