[2026-02-27T16:12:53.029+0000] {local_task_job_runner.py:120} INFO - ::group::Pre task execution logs
[2026-02-27T16:12:53.055+0000] {taskinstance.py:2076} INFO - Dependencies all met for dep_context=non-requeueable deps ti=<TaskInstance: download_rocket_launches.get_pictures manual__2026-02-27T16:12:50.228134+00:00 [queued]>
[2026-02-27T16:12:53.060+0000] {taskinstance.py:2076} INFO - Dependencies all met for dep_context=requeueable deps ti=<TaskInstance: download_rocket_launches.get_pictures manual__2026-02-27T16:12:50.228134+00:00 [queued]>
[2026-02-27T16:12:53.061+0000] {taskinstance.py:2306} INFO - Starting attempt 1 of 4
[2026-02-27T16:12:53.068+0000] {taskinstance.py:2330} INFO - Executing <Task(PythonOperator): get_pictures> on 2026-02-27 16:12:50.228134+00:00
[2026-02-27T16:12:53.074+0000] {standard_task_runner.py:90} INFO - Running: ['airflow', 'tasks', 'run', 'download_rocket_launches', 'get_pictures', 'manual__2026-02-27T16:12:50.228134+00:00', '--job-id', '10', '--raw', '--subdir', 'DAGS_FOLDER/mini_2_real_rocket.py', '--cfg-path', '/tmp/tmph3r8qcai']
[2026-02-27T16:12:53.076+0000] {standard_task_runner.py:91} INFO - Job 10: Subtask get_pictures
[2026-02-27T16:12:53.076+0000] {logging_mixin.py:188} WARNING - /home/airflow/.local/lib/python3.12/site-packages/airflow/task/task_runner/standard_task_runner.py:62 DeprecationWarning: This process (pid=242) is multi-threaded, use of fork() may lead to deadlocks in the child.
[2026-02-27T16:12:53.077+0000] {standard_task_runner.py:64} INFO - Started process 243 to run task
[2026-02-27T16:12:53.110+0000] {task_command.py:426} INFO - Running <TaskInstance: download_rocket_launches.get_pictures manual__2026-02-27T16:12:50.228134+00:00 [running]> on host 90e8a0c7f0d0
[2026-02-27T16:12:53.166+0000] {taskinstance.py:2648} INFO - Exporting env vars: AIRFLOW_CTX_DAG_OWNER='airflow' AIRFLOW_CTX_DAG_ID='download_rocket_launches' AIRFLOW_CTX_TASK_ID='get_pictures' AIRFLOW_CTX_EXECUTION_DATE='2026-02-27T16:12:50.228134+00:00' AIRFLOW_CTX_TRY_NUMBER='1' AIRFLOW_CTX_DAG_RUN_ID='manual__2026-02-27T16:12:50.228134+00:00'
[2026-02-27T16:12:53.167+0000] {taskinstance.py:430} INFO - ::endgroup::
[2026-02-27T16:12:54.612+0000] {logging_mixin.py:188} INFO - Downloaded https://thespacedevs-prod.nyc3.digitaloceanspaces.com/media/images/falcon2520925_image_20221009234147.png to /opt/airflow/data/images/falcon2520925_image_20221009234147.png
[2026-02-27T16:12:56.707+0000] {logging_mixin.py:188} INFO - Downloaded https://thespacedevs-prod.nyc3.digitaloceanspaces.com/media/images/electron_on_lc-_image_20260227083412.jpg to /opt/airflow/data/images/electron_on_lc-_image_20260227083412.jpg
[2026-02-27T16:12:58.009+0000] {logging_mixin.py:188} INFO - Downloaded https://thespacedevs-prod.nyc3.digitaloceanspaces.com/media/images/firefly_alpha_l_image_20240605174156.jpeg to /opt/airflow/data/images/firefly_alpha_l_image_20240605174156.jpeg
[2026-02-27T16:12:59.299+0000] {logging_mixin.py:188} INFO - Downloaded https://thespacedevs-prod.nyc3.digitaloceanspaces.com/media/images/kairos_image_20240216144656.jpeg to /opt/airflow/data/images/kairos_image_20240216144656.jpeg
[2026-02-27T16:13:00.744+0000] {logging_mixin.py:188} INFO - Downloaded https://thespacedevs-prod.nyc3.digitaloceanspaces.com/media/images/falcon2520925_image_20221009234147.png to /opt/airflow/data/images/falcon2520925_image_20221009234147.png
[2026-02-27T16:13:02.166+0000] {logging_mixin.py:188} INFO - Downloaded https://thespacedevs-prod.nyc3.digitaloceanspaces.com/media/images/falcon2520925_image_20221009234147.png to /opt/airflow/data/images/falcon2520925_image_20221009234147.png
[2026-02-27T16:13:03.579+0000] {logging_mixin.py:188} INFO - Downloaded https://thespacedevs-prod.nyc3.digitaloceanspaces.com/media/images/falcon2520925_image_20221009234147.png to /opt/airflow/data/images/falcon2520925_image_20221009234147.png
[2026-02-27T16:13:05.013+0000] {logging_mixin.py:188} INFO - Downloaded https://thespacedevs-prod.nyc3.digitaloceanspaces.com/media/images/falcon2520925_image_20221009234147.png to /opt/airflow/data/images/falcon2520925_image_20221009234147.png
[2026-02-27T16:13:06.429+0000] {logging_mixin.py:188} INFO - Downloaded https://thespacedevs-prod.nyc3.digitaloceanspaces.com/media/images/falcon_9_image_20230807133459.jpeg to /opt/airflow/data/images/falcon_9_image_20230807133459.jpeg
[2026-02-27T16:13:07.849+0000] {logging_mixin.py:188} INFO - Downloaded https://thespacedevs-prod.nyc3.digitaloceanspaces.com/media/images/falcon2520925_image_20221009234147.png to /opt/airflow/data/images/falcon2520925_image_20221009234147.png
[2026-02-27T16:13:07.849+0000] {python.py:237} INFO - Done. Returned value was: None
[2026-02-27T16:13:07.850+0000] {taskinstance.py:441} INFO - ::group::Post task execution logs
[2026-02-27T16:13:07.857+0000] {taskinstance.py:1206} INFO - Marking task as SUCCESS. dag_id=download_rocket_launches, task_id=get_pictures, run_id=manual__2026-02-27T16:12:50.228134+00:00, execution_date=20260227T161250, start_date=20260227T161253, end_date=20260227T161307
[2026-02-27T16:13:07.906+0000] {local_task_job_runner.py:243} INFO - Task exited with return code 0
[2026-02-27T16:13:07.919+0000] {taskinstance.py:3503} INFO - 1 downstream tasks scheduled from follow-on schedule check
[2026-02-27T16:13:07.921+0000] {local_task_job_runner.py:222} INFO - ::endgroup::
