[2026-03-04T02:55:06.840+0000] {local_task_job_runner.py:120} INFO - ::group::Pre task execution logs
[2026-03-04T02:55:06.865+0000] {taskinstance.py:2076} INFO - Dependencies all met for dep_context=non-requeueable deps ti=<TaskInstance: wikipedia_pageviews_to_postgres.create_table scheduled__2025-01-16T00:00:00+00:00 [queued]>
[2026-03-04T02:55:06.870+0000] {taskinstance.py:2076} INFO - Dependencies all met for dep_context=requeueable deps ti=<TaskInstance: wikipedia_pageviews_to_postgres.create_table scheduled__2025-01-16T00:00:00+00:00 [queued]>
[2026-03-04T02:55:06.871+0000] {taskinstance.py:2306} INFO - Starting attempt 1 of 1
[2026-03-04T02:55:06.879+0000] {taskinstance.py:2330} INFO - Executing <Task(PostgresOperator): create_table> on 2025-01-16 00:00:00+00:00
[2026-03-04T02:55:06.887+0000] {standard_task_runner.py:90} INFO - Running: ['airflow', 'tasks', 'run', 'wikipedia_pageviews_to_postgres', 'create_table', 'scheduled__2025-01-16T00:00:00+00:00', '--job-id', '17', '--raw', '--subdir', 'DAGS_FOLDER/mini_4_wikipedia.py', '--cfg-path', '/tmp/tmplrn5qlh_']
[2026-03-04T02:55:06.890+0000] {standard_task_runner.py:91} INFO - Job 17: Subtask create_table
[2026-03-04T02:55:06.893+0000] {logging_mixin.py:188} WARNING - /home/airflow/.local/lib/python3.12/site-packages/airflow/task/task_runner/standard_task_runner.py:62 DeprecationWarning: This process (pid=2448) is multi-threaded, use of fork() may lead to deadlocks in the child.
[2026-03-04T02:55:06.894+0000] {standard_task_runner.py:64} INFO - Started process 2452 to run task
[2026-03-04T02:55:07.083+0000] {task_command.py:426} INFO - Running <TaskInstance: wikipedia_pageviews_to_postgres.create_table scheduled__2025-01-16T00:00:00+00:00 [running]> on host 877d8a31e027
[2026-03-04T02:55:07.133+0000] {taskinstance.py:2648} INFO - Exporting env vars: AIRFLOW_CTX_DAG_OWNER='airflow' AIRFLOW_CTX_DAG_ID='wikipedia_pageviews_to_postgres' AIRFLOW_CTX_TASK_ID='create_table' AIRFLOW_CTX_EXECUTION_DATE='2025-01-16T00:00:00+00:00' AIRFLOW_CTX_TRY_NUMBER='1' AIRFLOW_CTX_DAG_RUN_ID='scheduled__2025-01-16T00:00:00+00:00'
[2026-03-04T02:55:07.133+0000] {taskinstance.py:430} INFO - ::endgroup::
[2026-03-04T02:55:07.142+0000] {sql.py:282} INFO - Executing: 
        CREATE TABLE IF NOT EXISTS pageview_counts (
        ds DATE NOT NULL,
        hour INT NOT NULL,
        title TEXT NOT NULL,
        view_count BIGINT NOT NULL,
        PRIMARY KEY (ds, hour, title)
        );
        
[2026-03-04T02:55:07.150+0000] {base.py:84} INFO - Using connection ID 'postgres_default' for task execution.
[2026-03-04T02:55:07.157+0000] {base.py:84} INFO - Using connection ID 'postgres_default' for task execution.
[2026-03-04T02:55:07.161+0000] {sql.py:495} INFO - Running statement: 
        CREATE TABLE IF NOT EXISTS pageview_counts (
        ds DATE NOT NULL,
        hour INT NOT NULL,
        title TEXT NOT NULL,
        view_count BIGINT NOT NULL,
        PRIMARY KEY (ds, hour, title)
        );
        , parameters: None
[2026-03-04T02:55:07.162+0000] {taskinstance.py:441} INFO - ::group::Post task execution logs
[2026-03-04T02:55:07.169+0000] {taskinstance.py:1206} INFO - Marking task as SUCCESS. dag_id=wikipedia_pageviews_to_postgres, task_id=create_table, run_id=scheduled__2025-01-16T00:00:00+00:00, execution_date=20250116T000000, start_date=20260304T025506, end_date=20260304T025507
[2026-03-04T02:55:07.228+0000] {local_task_job_runner.py:243} INFO - Task exited with return code 0
[2026-03-04T02:55:07.237+0000] {logging_mixin.py:188} WARNING - /home/airflow/.local/lib/python3.12/site-packages/airflow/models/baseoperator.py:1297 AirflowProviderDeprecationWarning: Call to deprecated class PostgresOperator. (Please use `airflow.providers.common.sql.operators.sql.SQLExecuteQueryOperator`.Also, you can provide `hook_params={'schema': <database>}`.)
[2026-03-04T02:55:07.355+0000] {taskinstance.py:3503} INFO - 1 downstream tasks scheduled from follow-on schedule check
[2026-03-04T02:55:07.356+0000] {local_task_job_runner.py:222} INFO - ::endgroup::
[2026-03-04T03:25:32.300+0000] {local_task_job_runner.py:120} INFO - ::group::Pre task execution logs
[2026-03-04T03:25:32.320+0000] {taskinstance.py:2076} INFO - Dependencies all met for dep_context=non-requeueable deps ti=<TaskInstance: wikipedia_pageviews_to_postgres.create_table scheduled__2025-01-16T00:00:00+00:00 [queued]>
[2026-03-04T03:25:32.324+0000] {taskinstance.py:2076} INFO - Dependencies all met for dep_context=requeueable deps ti=<TaskInstance: wikipedia_pageviews_to_postgres.create_table scheduled__2025-01-16T00:00:00+00:00 [queued]>
[2026-03-04T03:25:32.324+0000] {taskinstance.py:2306} INFO - Starting attempt 1 of 1
[2026-03-04T03:25:32.330+0000] {taskinstance.py:2330} INFO - Executing <Task(PostgresOperator): create_table> on 2025-01-16 00:00:00+00:00
[2026-03-04T03:25:32.337+0000] {standard_task_runner.py:90} INFO - Running: ['airflow', 'tasks', 'run', 'wikipedia_pageviews_to_postgres', 'create_table', 'scheduled__2025-01-16T00:00:00+00:00', '--job-id', '25', '--raw', '--subdir', 'DAGS_FOLDER/mini_4_wikipedia.py', '--cfg-path', '/tmp/tmpwrcxcgx7']
[2026-03-04T03:25:32.339+0000] {standard_task_runner.py:91} INFO - Job 25: Subtask create_table
[2026-03-04T03:25:32.340+0000] {logging_mixin.py:188} WARNING - /home/airflow/.local/lib/python3.12/site-packages/airflow/task/task_runner/standard_task_runner.py:62 DeprecationWarning: This process (pid=4090) is multi-threaded, use of fork() may lead to deadlocks in the child.
[2026-03-04T03:25:32.340+0000] {standard_task_runner.py:64} INFO - Started process 4092 to run task
[2026-03-04T03:25:32.372+0000] {task_command.py:426} INFO - Running <TaskInstance: wikipedia_pageviews_to_postgres.create_table scheduled__2025-01-16T00:00:00+00:00 [running]> on host 877d8a31e027
[2026-03-04T03:25:32.527+0000] {taskinstance.py:2648} INFO - Exporting env vars: AIRFLOW_CTX_DAG_OWNER='airflow' AIRFLOW_CTX_DAG_ID='wikipedia_pageviews_to_postgres' AIRFLOW_CTX_TASK_ID='create_table' AIRFLOW_CTX_EXECUTION_DATE='2025-01-16T00:00:00+00:00' AIRFLOW_CTX_TRY_NUMBER='1' AIRFLOW_CTX_DAG_RUN_ID='scheduled__2025-01-16T00:00:00+00:00'
[2026-03-04T03:25:32.529+0000] {taskinstance.py:430} INFO - ::endgroup::
[2026-03-04T03:25:32.535+0000] {sql.py:282} INFO - Executing: 
        CREATE TABLE IF NOT EXISTS pageview_counts (
        ds DATE NOT NULL,
        hour INT NOT NULL,
        title TEXT NOT NULL,
        view_count BIGINT NOT NULL,
        PRIMARY KEY (ds, hour, title)
        );
        
[2026-03-04T03:25:32.541+0000] {base.py:84} INFO - Using connection ID 'postgres_default' for task execution.
[2026-03-04T03:25:32.548+0000] {base.py:84} INFO - Using connection ID 'postgres_default' for task execution.
[2026-03-04T03:25:32.553+0000] {sql.py:495} INFO - Running statement: 
        CREATE TABLE IF NOT EXISTS pageview_counts (
        ds DATE NOT NULL,
        hour INT NOT NULL,
        title TEXT NOT NULL,
        view_count BIGINT NOT NULL,
        PRIMARY KEY (ds, hour, title)
        );
        , parameters: None
[2026-03-04T03:25:32.554+0000] {taskinstance.py:441} INFO - ::group::Post task execution logs
[2026-03-04T03:25:32.561+0000] {taskinstance.py:1206} INFO - Marking task as SUCCESS. dag_id=wikipedia_pageviews_to_postgres, task_id=create_table, run_id=scheduled__2025-01-16T00:00:00+00:00, execution_date=20250116T000000, start_date=20260304T032532, end_date=20260304T032532
[2026-03-04T03:25:32.594+0000] {local_task_job_runner.py:243} INFO - Task exited with return code 0
[2026-03-04T03:25:32.602+0000] {logging_mixin.py:188} WARNING - /home/airflow/.local/lib/python3.12/site-packages/airflow/models/baseoperator.py:1297 AirflowProviderDeprecationWarning: Call to deprecated class PostgresOperator. (Please use `airflow.providers.common.sql.operators.sql.SQLExecuteQueryOperator`.Also, you can provide `hook_params={'schema': <database>}`.)
[2026-03-04T03:25:32.707+0000] {taskinstance.py:3503} INFO - 1 downstream tasks scheduled from follow-on schedule check
[2026-03-04T03:25:32.708+0000] {local_task_job_runner.py:222} INFO - ::endgroup::
[2026-03-04T03:47:29.635+0000] {local_task_job_runner.py:120} INFO - ::group::Pre task execution logs
[2026-03-04T03:47:29.658+0000] {taskinstance.py:2076} INFO - Dependencies all met for dep_context=non-requeueable deps ti=<TaskInstance: wikipedia_pageviews_to_postgres.create_table scheduled__2025-01-16T00:00:00+00:00 [queued]>
[2026-03-04T03:47:29.663+0000] {taskinstance.py:2076} INFO - Dependencies all met for dep_context=requeueable deps ti=<TaskInstance: wikipedia_pageviews_to_postgres.create_table scheduled__2025-01-16T00:00:00+00:00 [queued]>
[2026-03-04T03:47:29.663+0000] {taskinstance.py:2306} INFO - Starting attempt 1 of 1
[2026-03-04T03:47:29.670+0000] {taskinstance.py:2330} INFO - Executing <Task(PostgresOperator): create_table> on 2025-01-16 00:00:00+00:00
[2026-03-04T03:47:29.678+0000] {standard_task_runner.py:90} INFO - Running: ['airflow', 'tasks', 'run', 'wikipedia_pageviews_to_postgres', 'create_table', 'scheduled__2025-01-16T00:00:00+00:00', '--job-id', '31', '--raw', '--subdir', 'DAGS_FOLDER/mini_4_wikipedia.py', '--cfg-path', '/tmp/tmpfg9dp72z']
[2026-03-04T03:47:29.680+0000] {logging_mixin.py:188} WARNING - /home/airflow/.local/lib/python3.12/site-packages/airflow/task/task_runner/standard_task_runner.py:62 DeprecationWarning: This process (pid=5300) is multi-threaded, use of fork() may lead to deadlocks in the child.
[2026-03-04T03:47:29.680+0000] {standard_task_runner.py:91} INFO - Job 31: Subtask create_table
[2026-03-04T03:47:29.680+0000] {standard_task_runner.py:64} INFO - Started process 5304 to run task
[2026-03-04T03:47:29.723+0000] {task_command.py:426} INFO - Running <TaskInstance: wikipedia_pageviews_to_postgres.create_table scheduled__2025-01-16T00:00:00+00:00 [running]> on host 877d8a31e027
[2026-03-04T03:47:29.930+0000] {taskinstance.py:2648} INFO - Exporting env vars: AIRFLOW_CTX_DAG_OWNER='airflow' AIRFLOW_CTX_DAG_ID='wikipedia_pageviews_to_postgres' AIRFLOW_CTX_TASK_ID='create_table' AIRFLOW_CTX_EXECUTION_DATE='2025-01-16T00:00:00+00:00' AIRFLOW_CTX_TRY_NUMBER='1' AIRFLOW_CTX_DAG_RUN_ID='scheduled__2025-01-16T00:00:00+00:00'
[2026-03-04T03:47:29.931+0000] {taskinstance.py:430} INFO - ::endgroup::
[2026-03-04T03:47:29.938+0000] {sql.py:282} INFO - Executing: 
        CREATE TABLE IF NOT EXISTS pageview_counts (
        ds DATE NOT NULL,
        hour INT NOT NULL,
        title TEXT NOT NULL,
        view_count BIGINT NOT NULL,
        PRIMARY KEY (ds, hour, title)
        );
        
[2026-03-04T03:47:29.945+0000] {base.py:84} INFO - Using connection ID 'postgres_default' for task execution.
[2026-03-04T03:47:29.952+0000] {base.py:84} INFO - Using connection ID 'postgres_default' for task execution.
[2026-03-04T03:47:29.956+0000] {sql.py:495} INFO - Running statement: 
        CREATE TABLE IF NOT EXISTS pageview_counts (
        ds DATE NOT NULL,
        hour INT NOT NULL,
        title TEXT NOT NULL,
        view_count BIGINT NOT NULL,
        PRIMARY KEY (ds, hour, title)
        );
        , parameters: None
[2026-03-04T03:47:29.957+0000] {taskinstance.py:441} INFO - ::group::Post task execution logs
[2026-03-04T03:47:29.964+0000] {taskinstance.py:1206} INFO - Marking task as SUCCESS. dag_id=wikipedia_pageviews_to_postgres, task_id=create_table, run_id=scheduled__2025-01-16T00:00:00+00:00, execution_date=20250116T000000, start_date=20260304T034729, end_date=20260304T034729
[2026-03-04T03:47:30.015+0000] {local_task_job_runner.py:243} INFO - Task exited with return code 0
[2026-03-04T03:47:30.024+0000] {logging_mixin.py:188} WARNING - /home/airflow/.local/lib/python3.12/site-packages/airflow/models/baseoperator.py:1297 AirflowProviderDeprecationWarning: Call to deprecated class PostgresOperator. (Please use `airflow.providers.common.sql.operators.sql.SQLExecuteQueryOperator`.Also, you can provide `hook_params={'schema': <database>}`.)
[2026-03-04T03:47:30.144+0000] {taskinstance.py:3503} INFO - 1 downstream tasks scheduled from follow-on schedule check
[2026-03-04T03:47:30.145+0000] {local_task_job_runner.py:222} INFO - ::endgroup::
