[2026-02-27T16:12:51.112+0000] {local_task_job_runner.py:120} INFO - ::group::Pre task execution logs
[2026-02-27T16:12:51.145+0000] {taskinstance.py:2076} INFO - Dependencies all met for dep_context=non-requeueable deps ti=<TaskInstance: download_rocket_launches.download_launches manual__2026-02-27T16:12:50.228134+00:00 [queued]>
[2026-02-27T16:12:51.152+0000] {taskinstance.py:2076} INFO - Dependencies all met for dep_context=requeueable deps ti=<TaskInstance: download_rocket_launches.download_launches manual__2026-02-27T16:12:50.228134+00:00 [queued]>
[2026-02-27T16:12:51.153+0000] {taskinstance.py:2306} INFO - Starting attempt 1 of 1
[2026-02-27T16:12:51.162+0000] {taskinstance.py:2330} INFO - Executing <Task(BashOperator): download_launches> on 2026-02-27 16:12:50.228134+00:00
[2026-02-27T16:12:51.169+0000] {standard_task_runner.py:90} INFO - Running: ['airflow', 'tasks', 'run', 'download_rocket_launches', 'download_launches', 'manual__2026-02-27T16:12:50.228134+00:00', '--job-id', '9', '--raw', '--subdir', 'DAGS_FOLDER/mini_2_real_rocket.py', '--cfg-path', '/tmp/tmp6oy917fv']
[2026-02-27T16:12:51.171+0000] {logging_mixin.py:188} WARNING - /home/airflow/.local/lib/python3.12/site-packages/airflow/task/task_runner/standard_task_runner.py:62 DeprecationWarning: This process (pid=238) is multi-threaded, use of fork() may lead to deadlocks in the child.
[2026-02-27T16:12:51.172+0000] {standard_task_runner.py:91} INFO - Job 9: Subtask download_launches
[2026-02-27T16:12:51.172+0000] {standard_task_runner.py:64} INFO - Started process 239 to run task
[2026-02-27T16:12:51.215+0000] {task_command.py:426} INFO - Running <TaskInstance: download_rocket_launches.download_launches manual__2026-02-27T16:12:50.228134+00:00 [running]> on host 90e8a0c7f0d0
[2026-02-27T16:12:51.279+0000] {taskinstance.py:2648} INFO - Exporting env vars: AIRFLOW_CTX_DAG_OWNER='airflow' AIRFLOW_CTX_DAG_ID='download_rocket_launches' AIRFLOW_CTX_TASK_ID='download_launches' AIRFLOW_CTX_EXECUTION_DATE='2026-02-27T16:12:50.228134+00:00' AIRFLOW_CTX_TRY_NUMBER='1' AIRFLOW_CTX_DAG_RUN_ID='manual__2026-02-27T16:12:50.228134+00:00'
[2026-02-27T16:12:51.280+0000] {taskinstance.py:430} INFO - ::endgroup::
[2026-02-27T16:12:51.289+0000] {subprocess.py:63} INFO - Tmp dir root location: /tmp
[2026-02-27T16:12:51.290+0000] {subprocess.py:75} INFO - Running command: ['/usr/bin/bash', '-c', "curl -o /opt/airflow/data/launches.json -L 'https://ll.thespacedevs.com/2.0.0/launch/upcoming/'"]
[2026-02-27T16:12:51.299+0000] {subprocess.py:86} INFO - Output:
[2026-02-27T16:12:51.336+0000] {subprocess.py:93} INFO -   % Total    % Received % Xferd  Average Speed   Time    Time     Time  Current
[2026-02-27T16:12:51.336+0000] {subprocess.py:93} INFO -                                  Dload  Upload   Total   Spent    Left  Speed
[2026-02-27T16:12:52.608+0000] {subprocess.py:93} INFO -   0     0    0     0    0     0      0      0 --:--:-- --:--:-- --:--:--     0  0     0    0     0    0     0      0      0 --:--:-- --:--:-- --:--:--     0100 25035  100 25035    0     0  19680      0  0:00:01  0:00:01 --:--:-- 19697
[2026-02-27T16:12:52.613+0000] {subprocess.py:97} INFO - Command exited with return code 0
[2026-02-27T16:12:52.613+0000] {taskinstance.py:441} INFO - ::group::Post task execution logs
[2026-02-27T16:12:52.632+0000] {taskinstance.py:1206} INFO - Marking task as SUCCESS. dag_id=download_rocket_launches, task_id=download_launches, run_id=manual__2026-02-27T16:12:50.228134+00:00, execution_date=20260227T161250, start_date=20260227T161251, end_date=20260227T161252
[2026-02-27T16:12:52.670+0000] {local_task_job_runner.py:243} INFO - Task exited with return code 0
[2026-02-27T16:12:52.687+0000] {taskinstance.py:3503} INFO - 1 downstream tasks scheduled from follow-on schedule check
[2026-02-27T16:12:52.688+0000] {local_task_job_runner.py:222} INFO - ::endgroup::
