[2026-03-04T03:23:43.741+0000] {local_task_job_runner.py:120} INFO - ::group::Pre task execution logs
[2026-03-04T03:23:43.768+0000] {taskinstance.py:2076} INFO - Dependencies all met for dep_context=non-requeueable deps ti=<TaskInstance: wikipedia_pageviews_to_postgres.load_to_postgres scheduled__2025-01-15T00:00:00+00:00 [queued]>
[2026-03-04T03:23:43.773+0000] {taskinstance.py:2076} INFO - Dependencies all met for dep_context=requeueable deps ti=<TaskInstance: wikipedia_pageviews_to_postgres.load_to_postgres scheduled__2025-01-15T00:00:00+00:00 [queued]>
[2026-03-04T03:23:43.774+0000] {taskinstance.py:2306} INFO - Starting attempt 2 of 2
[2026-03-04T03:23:43.780+0000] {taskinstance.py:2330} INFO - Executing <Task(PythonOperator): load_to_postgres> on 2025-01-15 00:00:00+00:00
[2026-03-04T03:23:43.788+0000] {standard_task_runner.py:90} INFO - Running: ['airflow', 'tasks', 'run', 'wikipedia_pageviews_to_postgres', 'load_to_postgres', 'scheduled__2025-01-15T00:00:00+00:00', '--job-id', '24', '--raw', '--subdir', 'DAGS_FOLDER/mini_4_wikipedia.py', '--cfg-path', '/tmp/tmpxa9ccn0f']
[2026-03-04T03:23:43.790+0000] {standard_task_runner.py:91} INFO - Job 24: Subtask load_to_postgres
[2026-03-04T03:23:43.791+0000] {logging_mixin.py:188} WARNING - /home/airflow/.local/lib/python3.12/site-packages/airflow/task/task_runner/standard_task_runner.py:62 DeprecationWarning: This process (pid=3989) is multi-threaded, use of fork() may lead to deadlocks in the child.
[2026-03-04T03:23:43.791+0000] {standard_task_runner.py:64} INFO - Started process 3991 to run task
[2026-03-04T03:23:43.835+0000] {task_command.py:426} INFO - Running <TaskInstance: wikipedia_pageviews_to_postgres.load_to_postgres scheduled__2025-01-15T00:00:00+00:00 [running]> on host 877d8a31e027
[2026-03-04T03:23:44.031+0000] {taskinstance.py:2648} INFO - Exporting env vars: AIRFLOW_CTX_DAG_OWNER='airflow' AIRFLOW_CTX_DAG_ID='wikipedia_pageviews_to_postgres' AIRFLOW_CTX_TASK_ID='load_to_postgres' AIRFLOW_CTX_EXECUTION_DATE='2025-01-15T00:00:00+00:00' AIRFLOW_CTX_TRY_NUMBER='2' AIRFLOW_CTX_DAG_RUN_ID='scheduled__2025-01-15T00:00:00+00:00'
[2026-03-04T03:23:44.032+0000] {taskinstance.py:430} INFO - ::endgroup::
[2026-03-04T03:23:44.052+0000] {base.py:84} INFO - Using connection ID 'postgres_default' for task execution.
[2026-03-04T03:23:44.057+0000] {sql.py:495} INFO - Running statement: -- auto genertaed
INSERT INTO pageview_counts(ds, hour, title, view_count) VALUES('2025-01-15', 0, 'Google', 0) ON CONFLICT (ds, hour, title) DO UPDATE SET view_count = EXCLUDED.view_count;
INSERT INTO pageview_counts(ds, hour, title, view_count) VALUES('2025-01-15', 0, 'Amazon', 0) ON CONFLICT (ds, hour, title) DO UPDATE SET view_count = EXCLUDED.view_count;
INSERT INTO pageview_counts(ds, hour, title, view_count) VALUES('2025-01-15', 0, 'Apple', 0) ON CONFLICT (ds, hour, title) DO UPDATE SET view_count = EXCLUDED.view_count;
INSERT INTO pageview_counts(ds, hour, title, view_count) VALUES('2025-01-15', 0, 'Microsoft', 0) ON CONFLICT (ds, hour, title) DO UPDATE SET view_count = EXCLUDED.view_count;
INSERT INTO pageview_counts(ds, hour, title, view_count) VALUES('2025-01-15', 0, 'Facebook', 0) ON CONFLICT (ds, hour, title) DO UPDATE SET view_count = EXCLUDED.view_count;
, parameters: None
[2026-03-04T03:23:44.059+0000] {sql.py:504} INFO - Rows affected: 1
[2026-03-04T03:23:44.060+0000] {python.py:237} INFO - Done. Returned value was: None
[2026-03-04T03:23:44.060+0000] {taskinstance.py:441} INFO - ::group::Post task execution logs
[2026-03-04T03:23:44.067+0000] {taskinstance.py:1206} INFO - Marking task as SUCCESS. dag_id=wikipedia_pageviews_to_postgres, task_id=load_to_postgres, run_id=scheduled__2025-01-15T00:00:00+00:00, execution_date=20250115T000000, start_date=20260304T032343, end_date=20260304T032344
[2026-03-04T03:23:44.125+0000] {local_task_job_runner.py:243} INFO - Task exited with return code 0
[2026-03-04T03:23:44.139+0000] {taskinstance.py:3503} INFO - 0 downstream tasks scheduled from follow-on schedule check
[2026-03-04T03:23:44.140+0000] {local_task_job_runner.py:222} INFO - ::endgroup::
