[2026-03-04T02:55:29.488+0000] {local_task_job_runner.py:120} INFO - ::group::Pre task execution logs
[2026-03-04T02:55:29.510+0000] {taskinstance.py:2076} INFO - Dependencies all met for dep_context=non-requeueable deps ti=<TaskInstance: wikipedia_pageviews_to_postgres.load_to_postgres scheduled__2025-01-15T00:00:00+00:00 [queued]>
[2026-03-04T02:55:29.514+0000] {taskinstance.py:2076} INFO - Dependencies all met for dep_context=requeueable deps ti=<TaskInstance: wikipedia_pageviews_to_postgres.load_to_postgres scheduled__2025-01-15T00:00:00+00:00 [queued]>
[2026-03-04T02:55:29.515+0000] {taskinstance.py:2306} INFO - Starting attempt 1 of 1
[2026-03-04T02:55:29.523+0000] {taskinstance.py:2330} INFO - Executing <Task(PostgresOperator): load_to_postgres> on 2025-01-15 00:00:00+00:00
[2026-03-04T02:55:29.530+0000] {standard_task_runner.py:90} INFO - Running: ['airflow', 'tasks', 'run', 'wikipedia_pageviews_to_postgres', 'load_to_postgres', 'scheduled__2025-01-15T00:00:00+00:00', '--job-id', '22', '--raw', '--subdir', 'DAGS_FOLDER/mini_4_wikipedia.py', '--cfg-path', '/tmp/tmpo__mmztj']
[2026-03-04T02:55:29.532+0000] {standard_task_runner.py:91} INFO - Job 22: Subtask load_to_postgres
[2026-03-04T02:55:29.533+0000] {logging_mixin.py:188} WARNING - /home/airflow/.local/lib/python3.12/site-packages/airflow/task/task_runner/standard_task_runner.py:62 DeprecationWarning: This process (pid=2496) is multi-threaded, use of fork() may lead to deadlocks in the child.
[2026-03-04T02:55:29.533+0000] {standard_task_runner.py:64} INFO - Started process 2500 to run task
[2026-03-04T02:55:29.700+0000] {task_command.py:426} INFO - Running <TaskInstance: wikipedia_pageviews_to_postgres.load_to_postgres scheduled__2025-01-15T00:00:00+00:00 [running]> on host 877d8a31e027
[2026-03-04T02:55:29.728+0000] {abstractoperator.py:725} ERROR - Exception rendering Jinja template for task 'load_to_postgres', field 'sql'. Template: '/opt/airflow/data/wiki/upsert_pageviews_{{ ds_nodash }}_00.sql'
Traceback (most recent call last):
  File "/home/airflow/.local/lib/python3.12/site-packages/airflow/models/abstractoperator.py", line 717, in _do_render_template_fields
    rendered_content = self.render_template(
                       ^^^^^^^^^^^^^^^^^^^^^
  File "/home/airflow/.local/lib/python3.12/site-packages/airflow/template/templater.py", line 166, in render_template
    template = jinja_env.get_template(value)
               ^^^^^^^^^^^^^^^^^^^^^^^^^^^^^
  File "/home/airflow/.local/lib/python3.12/site-packages/jinja2/environment.py", line 1013, in get_template
    return self._load_template(name, globals)
           ^^^^^^^^^^^^^^^^^^^^^^^^^^^^^^^^^^
  File "/home/airflow/.local/lib/python3.12/site-packages/jinja2/environment.py", line 972, in _load_template
    template = self.loader.load(self, name, self.make_globals(globals))
               ^^^^^^^^^^^^^^^^^^^^^^^^^^^^^^^^^^^^^^^^^^^^^^^^^^^^^^^^
  File "/home/airflow/.local/lib/python3.12/site-packages/jinja2/loaders.py", line 126, in load
    source, filename, uptodate = self.get_source(environment, name)
                                 ^^^^^^^^^^^^^^^^^^^^^^^^^^^^^^^^^^
  File "/home/airflow/.local/lib/python3.12/site-packages/jinja2/loaders.py", line 207, in get_source
    raise TemplateNotFound(template)
jinja2.exceptions.TemplateNotFound: /opt/airflow/data/wiki/upsert_pageviews_{{ ds_nodash }}_00.sql
[2026-03-04T02:55:29.731+0000] {taskinstance.py:2905} ERROR - Task failed with exception
Traceback (most recent call last):
  File "/home/airflow/.local/lib/python3.12/site-packages/airflow/models/taskinstance.py", line 2479, in _run_raw_task
    self._execute_task_with_callbacks(context, test_mode, session=session)
  File "/home/airflow/.local/lib/python3.12/site-packages/airflow/models/taskinstance.py", line 2633, in _execute_task_with_callbacks
    task_orig = self.render_templates(context=context, jinja_env=jinja_env)
                ^^^^^^^^^^^^^^^^^^^^^^^^^^^^^^^^^^^^^^^^^^^^^^^^^^^^^^^^^^^
  File "/home/airflow/.local/lib/python3.12/site-packages/airflow/models/taskinstance.py", line 3094, in render_templates
    original_task.render_template_fields(context, jinja_env)
  File "/home/airflow/.local/lib/python3.12/site-packages/airflow/models/baseoperator.py", line 1337, in render_template_fields
    self._do_render_template_fields(self, self.template_fields, context, jinja_env, set())
  File "/home/airflow/.local/lib/python3.12/site-packages/airflow/models/abstractoperator.py", line 717, in _do_render_template_fields
    rendered_content = self.render_template(
                       ^^^^^^^^^^^^^^^^^^^^^
  File "/home/airflow/.local/lib/python3.12/site-packages/airflow/template/templater.py", line 166, in render_template
    template = jinja_env.get_template(value)
               ^^^^^^^^^^^^^^^^^^^^^^^^^^^^^
  File "/home/airflow/.local/lib/python3.12/site-packages/jinja2/environment.py", line 1013, in get_template
    return self._load_template(name, globals)
           ^^^^^^^^^^^^^^^^^^^^^^^^^^^^^^^^^^
  File "/home/airflow/.local/lib/python3.12/site-packages/jinja2/environment.py", line 972, in _load_template
    template = self.loader.load(self, name, self.make_globals(globals))
               ^^^^^^^^^^^^^^^^^^^^^^^^^^^^^^^^^^^^^^^^^^^^^^^^^^^^^^^^
  File "/home/airflow/.local/lib/python3.12/site-packages/jinja2/loaders.py", line 126, in load
    source, filename, uptodate = self.get_source(environment, name)
                                 ^^^^^^^^^^^^^^^^^^^^^^^^^^^^^^^^^^
  File "/home/airflow/.local/lib/python3.12/site-packages/jinja2/loaders.py", line 207, in get_source
    raise TemplateNotFound(template)
jinja2.exceptions.TemplateNotFound: /opt/airflow/data/wiki/upsert_pageviews_{{ ds_nodash }}_00.sql
[2026-03-04T02:55:29.737+0000] {taskinstance.py:1206} INFO - Marking task as FAILED. dag_id=wikipedia_pageviews_to_postgres, task_id=load_to_postgres, run_id=scheduled__2025-01-15T00:00:00+00:00, execution_date=20250115T000000, start_date=20260304T025529, end_date=20260304T025529
[2026-03-04T02:55:29.744+0000] {standard_task_runner.py:110} ERROR - Failed to execute job 22 for task load_to_postgres (/opt/airflow/data/wiki/upsert_pageviews_{{ ds_nodash }}_00.sql; 2500)
[2026-03-04T02:55:29.787+0000] {local_task_job_runner.py:243} INFO - Task exited with return code 1
[2026-03-04T02:55:29.909+0000] {taskinstance.py:3503} INFO - 0 downstream tasks scheduled from follow-on schedule check
[2026-03-04T02:55:29.911+0000] {local_task_job_runner.py:222} INFO - ::endgroup::
[2026-03-04T03:48:01.189+0000] {local_task_job_runner.py:120} INFO - ::group::Pre task execution logs
[2026-03-04T03:48:01.211+0000] {taskinstance.py:2076} INFO - Dependencies all met for dep_context=non-requeueable deps ti=<TaskInstance: wikipedia_pageviews_to_postgres.load_to_postgres scheduled__2025-01-15T00:00:00+00:00 [queued]>
[2026-03-04T03:48:01.215+0000] {taskinstance.py:2076} INFO - Dependencies all met for dep_context=requeueable deps ti=<TaskInstance: wikipedia_pageviews_to_postgres.load_to_postgres scheduled__2025-01-15T00:00:00+00:00 [queued]>
[2026-03-04T03:48:01.215+0000] {taskinstance.py:2306} INFO - Starting attempt 1 of 1
[2026-03-04T03:48:01.221+0000] {taskinstance.py:2330} INFO - Executing <Task(PythonOperator): load_to_postgres> on 2025-01-15 00:00:00+00:00
[2026-03-04T03:48:01.228+0000] {standard_task_runner.py:90} INFO - Running: ['airflow', 'tasks', 'run', 'wikipedia_pageviews_to_postgres', 'load_to_postgres', 'scheduled__2025-01-15T00:00:00+00:00', '--job-id', '37', '--raw', '--subdir', 'DAGS_FOLDER/mini_4_wikipedia.py', '--cfg-path', '/tmp/tmpifddzfhi']
[2026-03-04T03:48:01.230+0000] {standard_task_runner.py:91} INFO - Job 37: Subtask load_to_postgres
[2026-03-04T03:48:01.231+0000] {logging_mixin.py:188} WARNING - /home/airflow/.local/lib/python3.12/site-packages/airflow/task/task_runner/standard_task_runner.py:62 DeprecationWarning: This process (pid=5353) is multi-threaded, use of fork() may lead to deadlocks in the child.
[2026-03-04T03:48:01.231+0000] {standard_task_runner.py:64} INFO - Started process 5355 to run task
[2026-03-04T03:48:01.267+0000] {task_command.py:426} INFO - Running <TaskInstance: wikipedia_pageviews_to_postgres.load_to_postgres scheduled__2025-01-15T00:00:00+00:00 [running]> on host 877d8a31e027
[2026-03-04T03:48:01.425+0000] {taskinstance.py:2648} INFO - Exporting env vars: AIRFLOW_CTX_DAG_OWNER='airflow' AIRFLOW_CTX_DAG_ID='wikipedia_pageviews_to_postgres' AIRFLOW_CTX_TASK_ID='load_to_postgres' AIRFLOW_CTX_EXECUTION_DATE='2025-01-15T00:00:00+00:00' AIRFLOW_CTX_TRY_NUMBER='1' AIRFLOW_CTX_DAG_RUN_ID='scheduled__2025-01-15T00:00:00+00:00'
[2026-03-04T03:48:01.427+0000] {taskinstance.py:430} INFO - ::endgroup::
[2026-03-04T03:48:01.441+0000] {base.py:84} INFO - Using connection ID 'postgres_default' for task execution.
[2026-03-04T03:48:01.445+0000] {sql.py:495} INFO - Running statement: -- auto genertaed
INSERT INTO pageview_counts(ds, hour, title, view_count) VALUES('2025-01-15', 0, 'Google', 275) ON CONFLICT (ds, hour, title) DO UPDATE SET view_count = EXCLUDED.view_count;
INSERT INTO pageview_counts(ds, hour, title, view_count) VALUES('2025-01-15', 0, 'Amazon', 3) ON CONFLICT (ds, hour, title) DO UPDATE SET view_count = EXCLUDED.view_count;
INSERT INTO pageview_counts(ds, hour, title, view_count) VALUES('2025-01-15', 0, 'Apple', 45) ON CONFLICT (ds, hour, title) DO UPDATE SET view_count = EXCLUDED.view_count;
INSERT INTO pageview_counts(ds, hour, title, view_count) VALUES('2025-01-15', 0, 'Microsoft', 136) ON CONFLICT (ds, hour, title) DO UPDATE SET view_count = EXCLUDED.view_count;
INSERT INTO pageview_counts(ds, hour, title, view_count) VALUES('2025-01-15', 0, 'Facebook', 278) ON CONFLICT (ds, hour, title) DO UPDATE SET view_count = EXCLUDED.view_count;
, parameters: None
[2026-03-04T03:48:01.446+0000] {sql.py:504} INFO - Rows affected: 1
[2026-03-04T03:48:01.447+0000] {python.py:237} INFO - Done. Returned value was: None
[2026-03-04T03:48:01.449+0000] {taskinstance.py:441} INFO - ::group::Post task execution logs
[2026-03-04T03:48:01.455+0000] {taskinstance.py:1206} INFO - Marking task as SUCCESS. dag_id=wikipedia_pageviews_to_postgres, task_id=load_to_postgres, run_id=scheduled__2025-01-15T00:00:00+00:00, execution_date=20250115T000000, start_date=20260304T034801, end_date=20260304T034801
[2026-03-04T03:48:01.485+0000] {local_task_job_runner.py:243} INFO - Task exited with return code 0
[2026-03-04T03:48:01.497+0000] {taskinstance.py:3503} INFO - 0 downstream tasks scheduled from follow-on schedule check
[2026-03-04T03:48:01.499+0000] {local_task_job_runner.py:222} INFO - ::endgroup::
