[2026-03-04T03:42:29.452+0000] {local_task_job_runner.py:120} INFO - ::group::Pre task execution logs
[2026-03-04T03:42:29.480+0000] {taskinstance.py:2076} INFO - Dependencies all met for dep_context=non-requeueable deps ti=<TaskInstance: wikipedia_pageviews_to_postgres.load_to_postgres scheduled__2025-01-15T00:00:00+00:00 [queued]>
[2026-03-04T03:42:29.485+0000] {taskinstance.py:2076} INFO - Dependencies all met for dep_context=requeueable deps ti=<TaskInstance: wikipedia_pageviews_to_postgres.load_to_postgres scheduled__2025-01-15T00:00:00+00:00 [queued]>
[2026-03-04T03:42:29.485+0000] {taskinstance.py:2306} INFO - Starting attempt 3 of 3
[2026-03-04T03:42:29.492+0000] {taskinstance.py:2330} INFO - Executing <Task(PythonOperator): load_to_postgres> on 2025-01-15 00:00:00+00:00
[2026-03-04T03:42:29.499+0000] {standard_task_runner.py:90} INFO - Running: ['airflow', 'tasks', 'run', 'wikipedia_pageviews_to_postgres', 'load_to_postgres', 'scheduled__2025-01-15T00:00:00+00:00', '--job-id', '29', '--raw', '--subdir', 'DAGS_FOLDER/mini_4_wikipedia.py', '--cfg-path', '/tmp/tmpzxkeepqe']
[2026-03-04T03:42:29.501+0000] {standard_task_runner.py:91} INFO - Job 29: Subtask load_to_postgres
[2026-03-04T03:42:29.501+0000] {logging_mixin.py:188} WARNING - /home/airflow/.local/lib/python3.12/site-packages/airflow/task/task_runner/standard_task_runner.py:62 DeprecationWarning: This process (pid=5047) is multi-threaded, use of fork() may lead to deadlocks in the child.
[2026-03-04T03:42:29.502+0000] {standard_task_runner.py:64} INFO - Started process 5049 to run task
[2026-03-04T03:42:29.545+0000] {task_command.py:426} INFO - Running <TaskInstance: wikipedia_pageviews_to_postgres.load_to_postgres scheduled__2025-01-15T00:00:00+00:00 [running]> on host 877d8a31e027
[2026-03-04T03:42:29.743+0000] {taskinstance.py:2648} INFO - Exporting env vars: AIRFLOW_CTX_DAG_OWNER='airflow' AIRFLOW_CTX_DAG_ID='wikipedia_pageviews_to_postgres' AIRFLOW_CTX_TASK_ID='load_to_postgres' AIRFLOW_CTX_EXECUTION_DATE='2025-01-15T00:00:00+00:00' AIRFLOW_CTX_TRY_NUMBER='3' AIRFLOW_CTX_DAG_RUN_ID='scheduled__2025-01-15T00:00:00+00:00'
[2026-03-04T03:42:29.744+0000] {taskinstance.py:430} INFO - ::endgroup::
[2026-03-04T03:42:29.763+0000] {base.py:84} INFO - Using connection ID 'postgres_default' for task execution.
[2026-03-04T03:42:29.767+0000] {sql.py:495} INFO - Running statement: -- auto genertaed
INSERT INTO pageview_counts(ds, hour, title, view_count) VALUES('2025-01-15', 0, 'Google', 0) ON CONFLICT (ds, hour, title) DO UPDATE SET view_count = EXCLUDED.view_count;
INSERT INTO pageview_counts(ds, hour, title, view_count) VALUES('2025-01-15', 0, 'Amazon', 0) ON CONFLICT (ds, hour, title) DO UPDATE SET view_count = EXCLUDED.view_count;
INSERT INTO pageview_counts(ds, hour, title, view_count) VALUES('2025-01-15', 0, 'Apple', 0) ON CONFLICT (ds, hour, title) DO UPDATE SET view_count = EXCLUDED.view_count;
INSERT INTO pageview_counts(ds, hour, title, view_count) VALUES('2025-01-15', 0, 'Microsoft', 0) ON CONFLICT (ds, hour, title) DO UPDATE SET view_count = EXCLUDED.view_count;
INSERT INTO pageview_counts(ds, hour, title, view_count) VALUES('2025-01-15', 0, 'Facebook', 0) ON CONFLICT (ds, hour, title) DO UPDATE SET view_count = EXCLUDED.view_count;
, parameters: None
[2026-03-04T03:42:29.768+0000] {sql.py:504} INFO - Rows affected: 1
[2026-03-04T03:42:29.769+0000] {python.py:237} INFO - Done. Returned value was: None
[2026-03-04T03:42:29.769+0000] {taskinstance.py:441} INFO - ::group::Post task execution logs
[2026-03-04T03:42:29.776+0000] {taskinstance.py:1206} INFO - Marking task as SUCCESS. dag_id=wikipedia_pageviews_to_postgres, task_id=load_to_postgres, run_id=scheduled__2025-01-15T00:00:00+00:00, execution_date=20250115T000000, start_date=20260304T034229, end_date=20260304T034229
[2026-03-04T03:42:29.836+0000] {local_task_job_runner.py:243} INFO - Task exited with return code 0
[2026-03-04T03:42:29.849+0000] {taskinstance.py:3503} INFO - 0 downstream tasks scheduled from follow-on schedule check
[2026-03-04T03:42:29.850+0000] {local_task_job_runner.py:222} INFO - ::endgroup::
