[2026-03-04T02:55:07.876+0000] {local_task_job_runner.py:120} INFO - ::group::Pre task execution logs
[2026-03-04T02:55:07.897+0000] {taskinstance.py:2076} INFO - Dependencies all met for dep_context=non-requeueable deps ti=<TaskInstance: wikipedia_pageviews_to_postgres.download_pageviews scheduled__2025-01-16T00:00:00+00:00 [queued]>
[2026-03-04T02:55:07.902+0000] {taskinstance.py:2076} INFO - Dependencies all met for dep_context=requeueable deps ti=<TaskInstance: wikipedia_pageviews_to_postgres.download_pageviews scheduled__2025-01-16T00:00:00+00:00 [queued]>
[2026-03-04T02:55:07.903+0000] {taskinstance.py:2306} INFO - Starting attempt 1 of 1
[2026-03-04T02:55:07.909+0000] {taskinstance.py:2330} INFO - Executing <Task(BashOperator): download_pageviews> on 2025-01-16 00:00:00+00:00
[2026-03-04T02:55:07.917+0000] {standard_task_runner.py:90} INFO - Running: ['airflow', 'tasks', 'run', 'wikipedia_pageviews_to_postgres', 'download_pageviews', 'scheduled__2025-01-16T00:00:00+00:00', '--job-id', '18', '--raw', '--subdir', 'DAGS_FOLDER/mini_4_wikipedia.py', '--cfg-path', '/tmp/tmpir5_e04v']
[2026-03-04T02:55:07.919+0000] {standard_task_runner.py:91} INFO - Job 18: Subtask download_pageviews
[2026-03-04T02:55:07.920+0000] {logging_mixin.py:188} WARNING - /home/airflow/.local/lib/python3.12/site-packages/airflow/task/task_runner/standard_task_runner.py:62 DeprecationWarning: This process (pid=2453) is multi-threaded, use of fork() may lead to deadlocks in the child.
[2026-03-04T02:55:07.921+0000] {standard_task_runner.py:64} INFO - Started process 2461 to run task
[2026-03-04T02:55:08.116+0000] {task_command.py:426} INFO - Running <TaskInstance: wikipedia_pageviews_to_postgres.download_pageviews scheduled__2025-01-16T00:00:00+00:00 [running]> on host 877d8a31e027
[2026-03-04T02:55:08.168+0000] {taskinstance.py:2648} INFO - Exporting env vars: AIRFLOW_CTX_DAG_OWNER='airflow' AIRFLOW_CTX_DAG_ID='wikipedia_pageviews_to_postgres' AIRFLOW_CTX_TASK_ID='download_pageviews' AIRFLOW_CTX_EXECUTION_DATE='2025-01-16T00:00:00+00:00' AIRFLOW_CTX_TRY_NUMBER='1' AIRFLOW_CTX_DAG_RUN_ID='scheduled__2025-01-16T00:00:00+00:00'
[2026-03-04T02:55:08.169+0000] {taskinstance.py:430} INFO - ::endgroup::
[2026-03-04T02:55:08.176+0000] {subprocess.py:63} INFO - Tmp dir root location: /tmp
[2026-03-04T02:55:08.177+0000] {subprocess.py:75} INFO - Running command: ['/usr/bin/bash', '-c', 'mkdir -p /opt/airflow/data/wiki && curl -fsSL -o /opt/airflow/data/wiki/pageviews-20250116-000000.gz https://dumps.wikimedia.org/other/pageviews/2025/2025-01/pageviews-20250116-000000.gz']
[2026-03-04T02:55:08.187+0000] {subprocess.py:86} INFO - Output:
[2026-03-04T02:55:28.489+0000] {subprocess.py:97} INFO - Command exited with return code 0
[2026-03-04T02:55:28.490+0000] {taskinstance.py:441} INFO - ::group::Post task execution logs
[2026-03-04T02:55:28.510+0000] {taskinstance.py:1206} INFO - Marking task as SUCCESS. dag_id=wikipedia_pageviews_to_postgres, task_id=download_pageviews, run_id=scheduled__2025-01-16T00:00:00+00:00, execution_date=20250116T000000, start_date=20260304T025507, end_date=20260304T025528
[2026-03-04T02:55:28.542+0000] {local_task_job_runner.py:243} INFO - Task exited with return code 0
[2026-03-04T02:55:28.551+0000] {logging_mixin.py:188} WARNING - /home/airflow/.local/lib/python3.12/site-packages/airflow/models/baseoperator.py:1297 AirflowProviderDeprecationWarning: Call to deprecated class PostgresOperator. (Please use `airflow.providers.common.sql.operators.sql.SQLExecuteQueryOperator`.Also, you can provide `hook_params={'schema': <database>}`.)
[2026-03-04T02:55:28.561+0000] {taskinstance.py:3503} INFO - 1 downstream tasks scheduled from follow-on schedule check
[2026-03-04T02:55:28.562+0000] {local_task_job_runner.py:222} INFO - ::endgroup::
[2026-03-04T03:25:33.187+0000] {local_task_job_runner.py:120} INFO - ::group::Pre task execution logs
[2026-03-04T03:25:33.209+0000] {taskinstance.py:2076} INFO - Dependencies all met for dep_context=non-requeueable deps ti=<TaskInstance: wikipedia_pageviews_to_postgres.download_pageviews scheduled__2025-01-16T00:00:00+00:00 [queued]>
[2026-03-04T03:25:33.213+0000] {taskinstance.py:2076} INFO - Dependencies all met for dep_context=requeueable deps ti=<TaskInstance: wikipedia_pageviews_to_postgres.download_pageviews scheduled__2025-01-16T00:00:00+00:00 [queued]>
[2026-03-04T03:25:33.214+0000] {taskinstance.py:2306} INFO - Starting attempt 1 of 1
[2026-03-04T03:25:33.220+0000] {taskinstance.py:2330} INFO - Executing <Task(BashOperator): download_pageviews> on 2025-01-16 00:00:00+00:00
[2026-03-04T03:25:33.228+0000] {standard_task_runner.py:90} INFO - Running: ['airflow', 'tasks', 'run', 'wikipedia_pageviews_to_postgres', 'download_pageviews', 'scheduled__2025-01-16T00:00:00+00:00', '--job-id', '26', '--raw', '--subdir', 'DAGS_FOLDER/mini_4_wikipedia.py', '--cfg-path', '/tmp/tmpl18r8faq']
[2026-03-04T03:25:33.231+0000] {standard_task_runner.py:91} INFO - Job 26: Subtask download_pageviews
[2026-03-04T03:25:33.233+0000] {logging_mixin.py:188} WARNING - /home/airflow/.local/lib/python3.12/site-packages/airflow/task/task_runner/standard_task_runner.py:62 DeprecationWarning: This process (pid=4099) is multi-threaded, use of fork() may lead to deadlocks in the child.
[2026-03-04T03:25:33.234+0000] {standard_task_runner.py:64} INFO - Started process 4105 to run task
[2026-03-04T03:25:33.271+0000] {task_command.py:426} INFO - Running <TaskInstance: wikipedia_pageviews_to_postgres.download_pageviews scheduled__2025-01-16T00:00:00+00:00 [running]> on host 877d8a31e027
[2026-03-04T03:25:33.451+0000] {taskinstance.py:2648} INFO - Exporting env vars: AIRFLOW_CTX_DAG_OWNER='airflow' AIRFLOW_CTX_DAG_ID='wikipedia_pageviews_to_postgres' AIRFLOW_CTX_TASK_ID='download_pageviews' AIRFLOW_CTX_EXECUTION_DATE='2025-01-16T00:00:00+00:00' AIRFLOW_CTX_TRY_NUMBER='1' AIRFLOW_CTX_DAG_RUN_ID='scheduled__2025-01-16T00:00:00+00:00'
[2026-03-04T03:25:33.452+0000] {taskinstance.py:430} INFO - ::endgroup::
[2026-03-04T03:25:33.458+0000] {subprocess.py:63} INFO - Tmp dir root location: /tmp
[2026-03-04T03:25:33.459+0000] {subprocess.py:75} INFO - Running command: ['/usr/bin/bash', '-c', 'mkdir -p /opt/airflow/data/wiki && curl -fsSL -o /opt/airflow/data/wiki/pageviews-20250116-000000.gz https://dumps.wikimedia.org/other/pageviews/2025/2025-01/pageviews-20250116-000000.gz']
[2026-03-04T03:25:33.470+0000] {subprocess.py:86} INFO - Output:
[2026-03-04T03:25:53.758+0000] {subprocess.py:97} INFO - Command exited with return code 0
[2026-03-04T03:25:53.759+0000] {taskinstance.py:441} INFO - ::group::Post task execution logs
[2026-03-04T03:25:53.777+0000] {taskinstance.py:1206} INFO - Marking task as SUCCESS. dag_id=wikipedia_pageviews_to_postgres, task_id=download_pageviews, run_id=scheduled__2025-01-16T00:00:00+00:00, execution_date=20250116T000000, start_date=20260304T032533, end_date=20260304T032553
[2026-03-04T03:25:53.836+0000] {local_task_job_runner.py:243} INFO - Task exited with return code 0
[2026-03-04T03:25:53.850+0000] {taskinstance.py:3503} INFO - 1 downstream tasks scheduled from follow-on schedule check
[2026-03-04T03:25:53.851+0000] {local_task_job_runner.py:222} INFO - ::endgroup::
[2026-03-04T03:47:30.727+0000] {local_task_job_runner.py:120} INFO - ::group::Pre task execution logs
[2026-03-04T03:47:30.748+0000] {taskinstance.py:2076} INFO - Dependencies all met for dep_context=non-requeueable deps ti=<TaskInstance: wikipedia_pageviews_to_postgres.download_pageviews scheduled__2025-01-16T00:00:00+00:00 [queued]>
[2026-03-04T03:47:30.753+0000] {taskinstance.py:2076} INFO - Dependencies all met for dep_context=requeueable deps ti=<TaskInstance: wikipedia_pageviews_to_postgres.download_pageviews scheduled__2025-01-16T00:00:00+00:00 [queued]>
[2026-03-04T03:47:30.753+0000] {taskinstance.py:2306} INFO - Starting attempt 1 of 1
[2026-03-04T03:47:30.760+0000] {taskinstance.py:2330} INFO - Executing <Task(BashOperator): download_pageviews> on 2025-01-16 00:00:00+00:00
[2026-03-04T03:47:30.767+0000] {standard_task_runner.py:90} INFO - Running: ['airflow', 'tasks', 'run', 'wikipedia_pageviews_to_postgres', 'download_pageviews', 'scheduled__2025-01-16T00:00:00+00:00', '--job-id', '33', '--raw', '--subdir', 'DAGS_FOLDER/mini_4_wikipedia.py', '--cfg-path', '/tmp/tmp0m7msedm']
[2026-03-04T03:47:30.769+0000] {standard_task_runner.py:91} INFO - Job 33: Subtask download_pageviews
[2026-03-04T03:47:30.769+0000] {logging_mixin.py:188} WARNING - /home/airflow/.local/lib/python3.12/site-packages/airflow/task/task_runner/standard_task_runner.py:62 DeprecationWarning: This process (pid=5305) is multi-threaded, use of fork() may lead to deadlocks in the child.
[2026-03-04T03:47:30.770+0000] {standard_task_runner.py:64} INFO - Started process 5309 to run task
[2026-03-04T03:47:30.806+0000] {task_command.py:426} INFO - Running <TaskInstance: wikipedia_pageviews_to_postgres.download_pageviews scheduled__2025-01-16T00:00:00+00:00 [running]> on host 877d8a31e027
[2026-03-04T03:47:31.028+0000] {taskinstance.py:2648} INFO - Exporting env vars: AIRFLOW_CTX_DAG_OWNER='airflow' AIRFLOW_CTX_DAG_ID='wikipedia_pageviews_to_postgres' AIRFLOW_CTX_TASK_ID='download_pageviews' AIRFLOW_CTX_EXECUTION_DATE='2025-01-16T00:00:00+00:00' AIRFLOW_CTX_TRY_NUMBER='1' AIRFLOW_CTX_DAG_RUN_ID='scheduled__2025-01-16T00:00:00+00:00'
[2026-03-04T03:47:31.029+0000] {taskinstance.py:430} INFO - ::endgroup::
[2026-03-04T03:47:31.035+0000] {subprocess.py:63} INFO - Tmp dir root location: /tmp
[2026-03-04T03:47:31.036+0000] {subprocess.py:75} INFO - Running command: ['/usr/bin/bash', '-c', 'mkdir -p /opt/airflow/data/wiki && curl -fsSL -o /opt/airflow/data/wiki/pageviews-20250116-000000.gz https://dumps.wikimedia.org/other/pageviews/2025/2025-01/pageviews-20250116-000000.gz']
[2026-03-04T03:47:31.047+0000] {subprocess.py:86} INFO - Output:
[2026-03-04T03:47:52.564+0000] {subprocess.py:97} INFO - Command exited with return code 0
[2026-03-04T03:47:52.565+0000] {taskinstance.py:441} INFO - ::group::Post task execution logs
[2026-03-04T03:47:52.584+0000] {taskinstance.py:1206} INFO - Marking task as SUCCESS. dag_id=wikipedia_pageviews_to_postgres, task_id=download_pageviews, run_id=scheduled__2025-01-16T00:00:00+00:00, execution_date=20250116T000000, start_date=20260304T034730, end_date=20260304T034752
[2026-03-04T03:47:52.642+0000] {local_task_job_runner.py:243} INFO - Task exited with return code 0
[2026-03-04T03:47:52.780+0000] {taskinstance.py:3503} INFO - 1 downstream tasks scheduled from follow-on schedule check
[2026-03-04T03:47:52.782+0000] {local_task_job_runner.py:222} INFO - ::endgroup::
