[2026-03-03T09:19:52.457+0000] {local_task_job_runner.py:120} INFO - ::group::Pre task execution logs
[2026-03-03T09:19:52.480+0000] {taskinstance.py:2076} INFO - Dependencies all met for dep_context=non-requeueable deps ti=<TaskInstance: daily_user_stats.calculate_stats scheduled__2026-03-02T00:00:00+00:00 [queued]>
[2026-03-03T09:19:52.485+0000] {taskinstance.py:2076} INFO - Dependencies all met for dep_context=requeueable deps ti=<TaskInstance: daily_user_stats.calculate_stats scheduled__2026-03-02T00:00:00+00:00 [queued]>
[2026-03-03T09:19:52.485+0000] {taskinstance.py:2306} INFO - Starting attempt 1 of 1
[2026-03-03T09:19:52.492+0000] {taskinstance.py:2330} INFO - Executing <Task(PythonOperator): calculate_stats> on 2026-03-02 00:00:00+00:00
[2026-03-03T09:19:52.499+0000] {standard_task_runner.py:90} INFO - Running: ['airflow', 'tasks', 'run', 'daily_user_stats', 'calculate_stats', 'scheduled__2026-03-02T00:00:00+00:00', '--job-id', '3', '--raw', '--subdir', 'DAGS_FOLDER/mini_3_schedule.py', '--cfg-path', '/tmp/tmpgwr8u_gv']
[2026-03-03T09:19:52.502+0000] {standard_task_runner.py:91} INFO - Job 3: Subtask calculate_stats
[2026-03-03T09:19:52.505+0000] {logging_mixin.py:188} WARNING - /home/airflow/.local/lib/python3.12/site-packages/airflow/task/task_runner/standard_task_runner.py:62 DeprecationWarning: This process (pid=216) is multi-threaded, use of fork() may lead to deadlocks in the child.
[2026-03-03T09:19:52.506+0000] {standard_task_runner.py:64} INFO - Started process 218 to run task
[2026-03-03T09:19:52.548+0000] {task_command.py:426} INFO - Running <TaskInstance: daily_user_stats.calculate_stats scheduled__2026-03-02T00:00:00+00:00 [running]> on host 877d8a31e027
[2026-03-03T09:19:52.587+0000] {logging_mixin.py:188} WARNING - /home/airflow/.local/lib/python3.12/site-packages/airflow/utils/context.py:212 AirflowContextDeprecationWarning: Accessing 'next_ds' from the template is deprecated and will be removed in a future version. Please use '{{ data_interval_end | ds }}' instead.
[2026-03-03T09:19:52.611+0000] {taskinstance.py:2648} INFO - Exporting env vars: AIRFLOW_CTX_DAG_OWNER='airflow' AIRFLOW_CTX_DAG_ID='daily_user_stats' AIRFLOW_CTX_TASK_ID='calculate_stats' AIRFLOW_CTX_EXECUTION_DATE='2026-03-02T00:00:00+00:00' AIRFLOW_CTX_TRY_NUMBER='1' AIRFLOW_CTX_DAG_RUN_ID='scheduled__2026-03-02T00:00:00+00:00'
[2026-03-03T09:19:52.612+0000] {taskinstance.py:430} INFO - ::endgroup::
[2026-03-03T09:19:52.643+0000] {taskinstance.py:441} INFO - ::group::Post task execution logs
[2026-03-03T09:19:52.643+0000] {taskinstance.py:2905} ERROR - Task failed with exception
Traceback (most recent call last):
  File "/home/airflow/.local/lib/python3.12/site-packages/airflow/models/taskinstance.py", line 465, in _execute_task
    result = _execute_callable(context=context, **execute_callable_kwargs)
             ^^^^^^^^^^^^^^^^^^^^^^^^^^^^^^^^^^^^^^^^^^^^^^^^^^^^^^^^^^^^^
  File "/home/airflow/.local/lib/python3.12/site-packages/airflow/models/taskinstance.py", line 432, in _execute_callable
    return execute_callable(context=context, **execute_callable_kwargs)
           ^^^^^^^^^^^^^^^^^^^^^^^^^^^^^^^^^^^^^^^^^^^^^^^^^^^^^^^^^^^^
  File "/home/airflow/.local/lib/python3.12/site-packages/airflow/models/baseoperator.py", line 401, in wrapper
    return func(self, *args, **kwargs)
           ^^^^^^^^^^^^^^^^^^^^^^^^^^^
  File "/home/airflow/.local/lib/python3.12/site-packages/airflow/operators/python.py", line 235, in execute
    return_value = self.execute_callable()
                   ^^^^^^^^^^^^^^^^^^^^^^^
  File "/home/airflow/.local/lib/python3.12/site-packages/airflow/operators/python.py", line 252, in execute_callable
    return self.python_callable(*self.op_args, **self.op_kwargs)
           ^^^^^^^^^^^^^^^^^^^^^^^^^^^^^^^^^^^^^^^^^^^^^^^^^^^^^
  File "/opt/airflow/dags/mini_3_schedule.py", line 18, in calculate_stats
    stats = df.groupby("name").size().reset_index(name="count")
            ^^^^^^^^^^^^^^^^^^
  File "/home/airflow/.local/lib/python3.12/site-packages/pandas/core/frame.py", line 8869, in groupby
    return DataFrameGroupBy(
           ^^^^^^^^^^^^^^^^^
  File "/home/airflow/.local/lib/python3.12/site-packages/pandas/core/groupby/groupby.py", line 1278, in __init__
    grouper, exclusions, obj = get_grouper(
                               ^^^^^^^^^^^^
  File "/home/airflow/.local/lib/python3.12/site-packages/pandas/core/groupby/grouper.py", line 1009, in get_grouper
    raise KeyError(gpr)
KeyError: 'name'
[2026-03-03T09:19:52.659+0000] {taskinstance.py:1206} INFO - Marking task as FAILED. dag_id=daily_user_stats, task_id=calculate_stats, run_id=scheduled__2026-03-02T00:00:00+00:00, execution_date=20260302T000000, start_date=20260303T091952, end_date=20260303T091952
[2026-03-03T09:19:52.666+0000] {standard_task_runner.py:110} ERROR - Failed to execute job 3 for task calculate_stats ('name'; 218)
[2026-03-03T09:19:52.680+0000] {local_task_job_runner.py:243} INFO - Task exited with return code 1
[2026-03-03T09:19:52.694+0000] {taskinstance.py:3503} INFO - 0 downstream tasks scheduled from follow-on schedule check
[2026-03-03T09:19:52.695+0000] {local_task_job_runner.py:222} INFO - ::endgroup::
