[2026-03-04T02:55:07.877+0000] {local_task_job_runner.py:120} INFO - ::group::Pre task execution logs
[2026-03-04T02:55:07.901+0000] {taskinstance.py:2076} INFO - Dependencies all met for dep_context=non-requeueable deps ti=<TaskInstance: wikipedia_pageviews_to_postgres.download_pageviews scheduled__2025-01-15T00:00:00+00:00 [queued]>
[2026-03-04T02:55:07.906+0000] {taskinstance.py:2076} INFO - Dependencies all met for dep_context=requeueable deps ti=<TaskInstance: wikipedia_pageviews_to_postgres.download_pageviews scheduled__2025-01-15T00:00:00+00:00 [queued]>
[2026-03-04T02:55:07.906+0000] {taskinstance.py:2306} INFO - Starting attempt 1 of 1
[2026-03-04T02:55:07.913+0000] {taskinstance.py:2330} INFO - Executing <Task(BashOperator): download_pageviews> on 2025-01-15 00:00:00+00:00
[2026-03-04T02:55:07.920+0000] {standard_task_runner.py:90} INFO - Running: ['airflow', 'tasks', 'run', 'wikipedia_pageviews_to_postgres', 'download_pageviews', 'scheduled__2025-01-15T00:00:00+00:00', '--job-id', '19', '--raw', '--subdir', 'DAGS_FOLDER/mini_4_wikipedia.py', '--cfg-path', '/tmp/tmpolph22fb']
[2026-03-04T02:55:07.921+0000] {standard_task_runner.py:91} INFO - Job 19: Subtask download_pageviews
[2026-03-04T02:55:07.923+0000] {logging_mixin.py:188} WARNING - /home/airflow/.local/lib/python3.12/site-packages/airflow/task/task_runner/standard_task_runner.py:62 DeprecationWarning: This process (pid=2454) is multi-threaded, use of fork() may lead to deadlocks in the child.
[2026-03-04T02:55:07.924+0000] {standard_task_runner.py:64} INFO - Started process 2462 to run task
[2026-03-04T02:55:08.116+0000] {task_command.py:426} INFO - Running <TaskInstance: wikipedia_pageviews_to_postgres.download_pageviews scheduled__2025-01-15T00:00:00+00:00 [running]> on host 877d8a31e027
[2026-03-04T02:55:08.167+0000] {taskinstance.py:2648} INFO - Exporting env vars: AIRFLOW_CTX_DAG_OWNER='airflow' AIRFLOW_CTX_DAG_ID='wikipedia_pageviews_to_postgres' AIRFLOW_CTX_TASK_ID='download_pageviews' AIRFLOW_CTX_EXECUTION_DATE='2025-01-15T00:00:00+00:00' AIRFLOW_CTX_TRY_NUMBER='1' AIRFLOW_CTX_DAG_RUN_ID='scheduled__2025-01-15T00:00:00+00:00'
[2026-03-04T02:55:08.168+0000] {taskinstance.py:430} INFO - ::endgroup::
[2026-03-04T02:55:08.174+0000] {subprocess.py:63} INFO - Tmp dir root location: /tmp
[2026-03-04T02:55:08.175+0000] {subprocess.py:75} INFO - Running command: ['/usr/bin/bash', '-c', 'mkdir -p /opt/airflow/data/wiki && curl -fsSL -o /opt/airflow/data/wiki/pageviews-20250115-000000.gz https://dumps.wikimedia.org/other/pageviews/2025/2025-01/pageviews-20250115-000000.gz']
[2026-03-04T02:55:08.187+0000] {subprocess.py:86} INFO - Output:
[2026-03-04T02:55:24.483+0000] {subprocess.py:97} INFO - Command exited with return code 0
[2026-03-04T02:55:24.484+0000] {taskinstance.py:441} INFO - ::group::Post task execution logs
[2026-03-04T02:55:24.505+0000] {taskinstance.py:1206} INFO - Marking task as SUCCESS. dag_id=wikipedia_pageviews_to_postgres, task_id=download_pageviews, run_id=scheduled__2025-01-15T00:00:00+00:00, execution_date=20250115T000000, start_date=20260304T025507, end_date=20260304T025524
[2026-03-04T02:55:24.537+0000] {local_task_job_runner.py:243} INFO - Task exited with return code 0
[2026-03-04T02:55:24.547+0000] {logging_mixin.py:188} WARNING - /home/airflow/.local/lib/python3.12/site-packages/airflow/models/baseoperator.py:1297 AirflowProviderDeprecationWarning: Call to deprecated class PostgresOperator. (Please use `airflow.providers.common.sql.operators.sql.SQLExecuteQueryOperator`.Also, you can provide `hook_params={'schema': <database>}`.)
[2026-03-04T02:55:24.553+0000] {taskinstance.py:3503} INFO - 0 downstream tasks scheduled from follow-on schedule check
[2026-03-04T02:55:24.554+0000] {local_task_job_runner.py:222} INFO - ::endgroup::
[2026-03-04T03:47:30.727+0000] {local_task_job_runner.py:120} INFO - ::group::Pre task execution logs
[2026-03-04T03:47:30.748+0000] {taskinstance.py:2076} INFO - Dependencies all met for dep_context=non-requeueable deps ti=<TaskInstance: wikipedia_pageviews_to_postgres.download_pageviews scheduled__2025-01-15T00:00:00+00:00 [queued]>
[2026-03-04T03:47:30.753+0000] {taskinstance.py:2076} INFO - Dependencies all met for dep_context=requeueable deps ti=<TaskInstance: wikipedia_pageviews_to_postgres.download_pageviews scheduled__2025-01-15T00:00:00+00:00 [queued]>
[2026-03-04T03:47:30.753+0000] {taskinstance.py:2306} INFO - Starting attempt 1 of 1
[2026-03-04T03:47:30.760+0000] {taskinstance.py:2330} INFO - Executing <Task(BashOperator): download_pageviews> on 2025-01-15 00:00:00+00:00
[2026-03-04T03:47:30.769+0000] {logging_mixin.py:188} WARNING - /home/airflow/.local/lib/python3.12/site-packages/airflow/task/task_runner/standard_task_runner.py:62 DeprecationWarning: This process (pid=5306) is multi-threaded, use of fork() may lead to deadlocks in the child.
[2026-03-04T03:47:30.768+0000] {standard_task_runner.py:90} INFO - Running: ['airflow', 'tasks', 'run', 'wikipedia_pageviews_to_postgres', 'download_pageviews', 'scheduled__2025-01-15T00:00:00+00:00', '--job-id', '32', '--raw', '--subdir', 'DAGS_FOLDER/mini_4_wikipedia.py', '--cfg-path', '/tmp/tmp_vyudnqe']
[2026-03-04T03:47:30.770+0000] {standard_task_runner.py:64} INFO - Started process 5310 to run task
[2026-03-04T03:47:30.770+0000] {standard_task_runner.py:91} INFO - Job 32: Subtask download_pageviews
[2026-03-04T03:47:30.806+0000] {task_command.py:426} INFO - Running <TaskInstance: wikipedia_pageviews_to_postgres.download_pageviews scheduled__2025-01-15T00:00:00+00:00 [running]> on host 877d8a31e027
[2026-03-04T03:47:31.020+0000] {taskinstance.py:2648} INFO - Exporting env vars: AIRFLOW_CTX_DAG_OWNER='airflow' AIRFLOW_CTX_DAG_ID='wikipedia_pageviews_to_postgres' AIRFLOW_CTX_TASK_ID='download_pageviews' AIRFLOW_CTX_EXECUTION_DATE='2025-01-15T00:00:00+00:00' AIRFLOW_CTX_TRY_NUMBER='1' AIRFLOW_CTX_DAG_RUN_ID='scheduled__2025-01-15T00:00:00+00:00'
[2026-03-04T03:47:31.021+0000] {taskinstance.py:430} INFO - ::endgroup::
[2026-03-04T03:47:31.027+0000] {subprocess.py:63} INFO - Tmp dir root location: /tmp
[2026-03-04T03:47:31.028+0000] {subprocess.py:75} INFO - Running command: ['/usr/bin/bash', '-c', 'mkdir -p /opt/airflow/data/wiki && curl -fsSL -o /opt/airflow/data/wiki/pageviews-20250115-000000.gz https://dumps.wikimedia.org/other/pageviews/2025/2025-01/pageviews-20250115-000000.gz']
[2026-03-04T03:47:31.038+0000] {subprocess.py:86} INFO - Output:
[2026-03-04T03:47:56.001+0000] {subprocess.py:97} INFO - Command exited with return code 0
[2026-03-04T03:47:56.001+0000] {taskinstance.py:441} INFO - ::group::Post task execution logs
[2026-03-04T03:47:56.021+0000] {taskinstance.py:1206} INFO - Marking task as SUCCESS. dag_id=wikipedia_pageviews_to_postgres, task_id=download_pageviews, run_id=scheduled__2025-01-15T00:00:00+00:00, execution_date=20250115T000000, start_date=20260304T034730, end_date=20260304T034756
[2026-03-04T03:47:56.078+0000] {local_task_job_runner.py:243} INFO - Task exited with return code 0
[2026-03-04T03:47:56.206+0000] {taskinstance.py:3503} INFO - 1 downstream tasks scheduled from follow-on schedule check
[2026-03-04T03:47:56.208+0000] {local_task_job_runner.py:222} INFO - ::endgroup::
