[2026-02-24T12:26:45.070+0000] {local_task_job_runner.py:120} INFO - ::group::Pre task execution logs
[2026-02-24T12:26:45.102+0000] {taskinstance.py:2076} INFO - Dependencies all met for dep_context=non-requeueable deps ti=<TaskInstance: mini_0_hello.hello manual__2026-02-24T12:26:44.400937+00:00 [queued]>
[2026-02-24T12:26:45.107+0000] {taskinstance.py:2076} INFO - Dependencies all met for dep_context=requeueable deps ti=<TaskInstance: mini_0_hello.hello manual__2026-02-24T12:26:44.400937+00:00 [queued]>
[2026-02-24T12:26:45.108+0000] {taskinstance.py:2306} INFO - Starting attempt 1 of 1
[2026-02-24T12:26:45.115+0000] {taskinstance.py:2330} INFO - Executing <Task(_PythonDecoratedOperator): hello> on 2026-02-24 12:26:44.400937+00:00
[2026-02-24T12:26:45.121+0000] {standard_task_runner.py:90} INFO - Running: ['***', 'tasks', 'run', 'mini_0_hello', 'hello', 'manual__2026-02-24T12:26:44.400937+00:00', '--job-id', '4', '--raw', '--subdir', 'DAGS_FOLDER/mini_0_hello.py', '--cfg-path', '/tmp/tmpy9ivcjtu']
[2026-02-24T12:26:45.123+0000] {standard_task_runner.py:91} INFO - Job 4: Subtask hello
[2026-02-24T12:26:45.124+0000] {logging_mixin.py:188} WARNING - /home/***/.local/lib/python3.12/site-packages/***/task/task_runner/standard_task_runner.py:62 DeprecationWarning: This process (pid=620) is multi-threaded, use of fork() may lead to deadlocks in the child.
[2026-02-24T12:26:45.124+0000] {standard_task_runner.py:64} INFO - Started process 621 to run task
[2026-02-24T12:26:45.161+0000] {task_command.py:426} INFO - Running <TaskInstance: mini_0_hello.hello manual__2026-02-24T12:26:44.400937+00:00 [running]> on host 2964302b905d
[2026-02-24T12:26:45.222+0000] {taskinstance.py:2648} INFO - Exporting env vars: AIRFLOW_CTX_DAG_OWNER='***' AIRFLOW_CTX_DAG_ID='mini_0_hello' AIRFLOW_CTX_TASK_ID='hello' AIRFLOW_CTX_EXECUTION_DATE='2026-02-24T12:26:44.400937+00:00' AIRFLOW_CTX_TRY_NUMBER='1' AIRFLOW_CTX_DAG_RUN_ID='manual__2026-02-24T12:26:44.400937+00:00'
[2026-02-24T12:26:45.223+0000] {taskinstance.py:430} INFO - ::endgroup::
[2026-02-24T12:26:45.224+0000] {logging_mixin.py:188} INFO - hello ***!
[2026-02-24T12:26:45.224+0000] {logging_mixin.py:188} INFO - hello world!
[2026-02-24T12:26:45.224+0000] {logging_mixin.py:188} INFO - ***
[2026-02-24T12:26:45.225+0000] {logging_mixin.py:188} INFO - notsecret_***
[2026-02-24T12:26:45.225+0000] {python.py:237} INFO - Done. Returned value was: None
[2026-02-24T12:26:45.225+0000] {taskinstance.py:441} INFO - ::group::Post task execution logs
[2026-02-24T12:26:45.232+0000] {taskinstance.py:1206} INFO - Marking task as SUCCESS. dag_id=mini_0_hello, task_id=hello, run_id=manual__2026-02-24T12:26:44.400937+00:00, execution_date=20260224T122644, start_date=20260224T122645, end_date=20260224T122645
[2026-02-24T12:26:45.258+0000] {local_task_job_runner.py:243} INFO - Task exited with return code 0
[2026-02-24T12:26:45.269+0000] {taskinstance.py:3503} INFO - 0 downstream tasks scheduled from follow-on schedule check
[2026-02-24T12:26:45.271+0000] {local_task_job_runner.py:222} INFO - ::endgroup::
