[2026-03-04T02:55:24.880+0000] {local_task_job_runner.py:120} INFO - ::group::Pre task execution logs
[2026-03-04T02:55:24.904+0000] {taskinstance.py:2076} INFO - Dependencies all met for dep_context=non-requeueable deps ti=<TaskInstance: wikipedia_pageviews_to_postgres.extract_counts scheduled__2025-01-15T00:00:00+00:00 [queued]>
[2026-03-04T02:55:24.909+0000] {taskinstance.py:2076} INFO - Dependencies all met for dep_context=requeueable deps ti=<TaskInstance: wikipedia_pageviews_to_postgres.extract_counts scheduled__2025-01-15T00:00:00+00:00 [queued]>
[2026-03-04T02:55:24.909+0000] {taskinstance.py:2306} INFO - Starting attempt 1 of 1
[2026-03-04T02:55:24.917+0000] {taskinstance.py:2330} INFO - Executing <Task(PythonOperator): extract_counts> on 2025-01-15 00:00:00+00:00
[2026-03-04T02:55:24.926+0000] {standard_task_runner.py:90} INFO - Running: ['airflow', 'tasks', 'run', 'wikipedia_pageviews_to_postgres', 'extract_counts', 'scheduled__2025-01-15T00:00:00+00:00', '--job-id', '20', '--raw', '--subdir', 'DAGS_FOLDER/mini_4_wikipedia.py', '--cfg-path', '/tmp/tmpc1wlgso8']
[2026-03-04T02:55:24.929+0000] {standard_task_runner.py:91} INFO - Job 20: Subtask extract_counts
[2026-03-04T02:55:24.932+0000] {logging_mixin.py:188} WARNING - /home/airflow/.local/lib/python3.12/site-packages/airflow/task/task_runner/standard_task_runner.py:62 DeprecationWarning: This process (pid=2492) is multi-threaded, use of fork() may lead to deadlocks in the child.
[2026-03-04T02:55:24.932+0000] {standard_task_runner.py:64} INFO - Started process 2494 to run task
[2026-03-04T02:55:25.087+0000] {task_command.py:426} INFO - Running <TaskInstance: wikipedia_pageviews_to_postgres.extract_counts scheduled__2025-01-15T00:00:00+00:00 [running]> on host 877d8a31e027
[2026-03-04T02:55:25.145+0000] {taskinstance.py:2648} INFO - Exporting env vars: AIRFLOW_CTX_DAG_OWNER='airflow' AIRFLOW_CTX_DAG_ID='wikipedia_pageviews_to_postgres' AIRFLOW_CTX_TASK_ID='extract_counts' AIRFLOW_CTX_EXECUTION_DATE='2025-01-15T00:00:00+00:00' AIRFLOW_CTX_TRY_NUMBER='1' AIRFLOW_CTX_DAG_RUN_ID='scheduled__2025-01-15T00:00:00+00:00'
[2026-03-04T02:55:25.145+0000] {taskinstance.py:430} INFO - ::endgroup::
[2026-03-04T02:55:28.565+0000] {python.py:237} INFO - Done. Returned value was: None
[2026-03-04T02:55:28.566+0000] {taskinstance.py:441} INFO - ::group::Post task execution logs
[2026-03-04T02:55:28.577+0000] {taskinstance.py:1206} INFO - Marking task as SUCCESS. dag_id=wikipedia_pageviews_to_postgres, task_id=extract_counts, run_id=scheduled__2025-01-15T00:00:00+00:00, execution_date=20250115T000000, start_date=20260304T025524, end_date=20260304T025528
[2026-03-04T02:55:28.635+0000] {local_task_job_runner.py:243} INFO - Task exited with return code 0
[2026-03-04T02:55:28.647+0000] {logging_mixin.py:188} WARNING - /home/airflow/.local/lib/python3.12/site-packages/airflow/models/baseoperator.py:1297 AirflowProviderDeprecationWarning: Call to deprecated class PostgresOperator. (Please use `airflow.providers.common.sql.operators.sql.SQLExecuteQueryOperator`.Also, you can provide `hook_params={'schema': <database>}`.)
[2026-03-04T02:55:28.763+0000] {taskinstance.py:3503} INFO - 1 downstream tasks scheduled from follow-on schedule check
[2026-03-04T02:55:28.765+0000] {local_task_job_runner.py:222} INFO - ::endgroup::
[2026-03-04T03:47:57.173+0000] {local_task_job_runner.py:120} INFO - ::group::Pre task execution logs
[2026-03-04T03:47:57.194+0000] {taskinstance.py:2076} INFO - Dependencies all met for dep_context=non-requeueable deps ti=<TaskInstance: wikipedia_pageviews_to_postgres.extract_counts scheduled__2025-01-15T00:00:00+00:00 [queued]>
[2026-03-04T03:47:57.199+0000] {taskinstance.py:2076} INFO - Dependencies all met for dep_context=requeueable deps ti=<TaskInstance: wikipedia_pageviews_to_postgres.extract_counts scheduled__2025-01-15T00:00:00+00:00 [queued]>
[2026-03-04T03:47:57.199+0000] {taskinstance.py:2306} INFO - Starting attempt 1 of 1
[2026-03-04T03:47:57.205+0000] {taskinstance.py:2330} INFO - Executing <Task(PythonOperator): extract_counts> on 2025-01-15 00:00:00+00:00
[2026-03-04T03:47:57.214+0000] {logging_mixin.py:188} WARNING - /home/airflow/.local/lib/python3.12/site-packages/airflow/task/task_runner/standard_task_runner.py:62 DeprecationWarning: This process (pid=5348) is multi-threaded, use of fork() may lead to deadlocks in the child.
[2026-03-04T03:47:57.215+0000] {standard_task_runner.py:64} INFO - Started process 5352 to run task
[2026-03-04T03:47:57.215+0000] {standard_task_runner.py:90} INFO - Running: ['airflow', 'tasks', 'run', 'wikipedia_pageviews_to_postgres', 'extract_counts', 'scheduled__2025-01-15T00:00:00+00:00', '--job-id', '36', '--raw', '--subdir', 'DAGS_FOLDER/mini_4_wikipedia.py', '--cfg-path', '/tmp/tmp56hnqrc7']
[2026-03-04T03:47:57.216+0000] {standard_task_runner.py:91} INFO - Job 36: Subtask extract_counts
[2026-03-04T03:47:57.252+0000] {task_command.py:426} INFO - Running <TaskInstance: wikipedia_pageviews_to_postgres.extract_counts scheduled__2025-01-15T00:00:00+00:00 [running]> on host 877d8a31e027
[2026-03-04T03:47:57.433+0000] {taskinstance.py:2648} INFO - Exporting env vars: AIRFLOW_CTX_DAG_OWNER='airflow' AIRFLOW_CTX_DAG_ID='wikipedia_pageviews_to_postgres' AIRFLOW_CTX_TASK_ID='extract_counts' AIRFLOW_CTX_EXECUTION_DATE='2025-01-15T00:00:00+00:00' AIRFLOW_CTX_TRY_NUMBER='1' AIRFLOW_CTX_DAG_RUN_ID='scheduled__2025-01-15T00:00:00+00:00'
[2026-03-04T03:47:57.433+0000] {taskinstance.py:430} INFO - ::endgroup::
[2026-03-04T03:48:00.516+0000] {python.py:237} INFO - Done. Returned value was: None
[2026-03-04T03:48:00.516+0000] {taskinstance.py:441} INFO - ::group::Post task execution logs
[2026-03-04T03:48:00.524+0000] {taskinstance.py:1206} INFO - Marking task as SUCCESS. dag_id=wikipedia_pageviews_to_postgres, task_id=extract_counts, run_id=scheduled__2025-01-15T00:00:00+00:00, execution_date=20250115T000000, start_date=20260304T034757, end_date=20260304T034800
[2026-03-04T03:48:00.555+0000] {local_task_job_runner.py:243} INFO - Task exited with return code 0
[2026-03-04T03:48:00.570+0000] {taskinstance.py:3503} INFO - 1 downstream tasks scheduled from follow-on schedule check
[2026-03-04T03:48:00.572+0000] {local_task_job_runner.py:222} INFO - ::endgroup::
