[2026-03-04T02:40:00.021+0000] {local_task_job_runner.py:120} INFO - ::group::Pre task execution logs
[2026-03-04T02:40:00.043+0000] {taskinstance.py:2076} INFO - Dependencies all met for dep_context=non-requeueable deps ti=<TaskInstance: wikipedia_pageviews_to_postgres.extract_counts manual__2026-03-04T02:39:56.564197+00:00 [queued]>
[2026-03-04T02:40:00.048+0000] {taskinstance.py:2076} INFO - Dependencies all met for dep_context=requeueable deps ti=<TaskInstance: wikipedia_pageviews_to_postgres.extract_counts manual__2026-03-04T02:39:56.564197+00:00 [queued]>
[2026-03-04T02:40:00.049+0000] {taskinstance.py:2306} INFO - Starting attempt 1 of 1
[2026-03-04T02:40:00.057+0000] {taskinstance.py:2330} INFO - Executing <Task(PythonOperator): extract_counts> on 2026-03-04 02:39:56.564197+00:00
[2026-03-04T02:40:00.064+0000] {standard_task_runner.py:90} INFO - Running: ['airflow', 'tasks', 'run', 'wikipedia_pageviews_to_postgres', 'extract_counts', 'manual__2026-03-04T02:39:56.564197+00:00', '--job-id', '14', '--raw', '--subdir', 'DAGS_FOLDER/mini_4_wikipedia.py', '--cfg-path', '/tmp/tmps4dpci40']
[2026-03-04T02:40:00.067+0000] {standard_task_runner.py:91} INFO - Job 14: Subtask extract_counts
[2026-03-04T02:40:00.216+0000] {logging_mixin.py:188} WARNING - /home/airflow/.local/lib/python3.12/site-packages/airflow/task/task_runner/standard_task_runner.py:62 DeprecationWarning: This process (pid=1620) is multi-threaded, use of fork() may lead to deadlocks in the child.
[2026-03-04T02:40:00.217+0000] {standard_task_runner.py:64} INFO - Started process 1622 to run task
[2026-03-04T02:40:00.240+0000] {task_command.py:426} INFO - Running <TaskInstance: wikipedia_pageviews_to_postgres.extract_counts manual__2026-03-04T02:39:56.564197+00:00 [running]> on host 877d8a31e027
[2026-03-04T02:40:00.291+0000] {taskinstance.py:2648} INFO - Exporting env vars: AIRFLOW_CTX_DAG_OWNER='airflow' AIRFLOW_CTX_DAG_ID='wikipedia_pageviews_to_postgres' AIRFLOW_CTX_TASK_ID='extract_counts' AIRFLOW_CTX_EXECUTION_DATE='2026-03-04T02:39:56.564197+00:00' AIRFLOW_CTX_TRY_NUMBER='1' AIRFLOW_CTX_DAG_RUN_ID='manual__2026-03-04T02:39:56.564197+00:00'
[2026-03-04T02:40:00.292+0000] {taskinstance.py:430} INFO - ::endgroup::
[2026-03-04T02:40:00.302+0000] {taskinstance.py:441} INFO - ::group::Post task execution logs
[2026-03-04T02:40:00.302+0000] {taskinstance.py:2905} ERROR - Task failed with exception
Traceback (most recent call last):
  File "/home/airflow/.local/lib/python3.12/site-packages/airflow/models/taskinstance.py", line 465, in _execute_task
    result = _execute_callable(context=context, **execute_callable_kwargs)
             ^^^^^^^^^^^^^^^^^^^^^^^^^^^^^^^^^^^^^^^^^^^^^^^^^^^^^^^^^^^^^
  File "/home/airflow/.local/lib/python3.12/site-packages/airflow/models/taskinstance.py", line 432, in _execute_callable
    return execute_callable(context=context, **execute_callable_kwargs)
           ^^^^^^^^^^^^^^^^^^^^^^^^^^^^^^^^^^^^^^^^^^^^^^^^^^^^^^^^^^^^
  File "/home/airflow/.local/lib/python3.12/site-packages/airflow/models/baseoperator.py", line 401, in wrapper
    return func(self, *args, **kwargs)
           ^^^^^^^^^^^^^^^^^^^^^^^^^^^
  File "/home/airflow/.local/lib/python3.12/site-packages/airflow/operators/python.py", line 235, in execute
    return_value = self.execute_callable()
                   ^^^^^^^^^^^^^^^^^^^^^^^
  File "/home/airflow/.local/lib/python3.12/site-packages/airflow/operators/python.py", line 252, in execute_callable
    return self.python_callable(*self.op_args, **self.op_kwargs)
           ^^^^^^^^^^^^^^^^^^^^^^^^^^^^^^^^^^^^^^^^^^^^^^^^^^^^^
  File "/opt/airflow/dags/mini_4_wikipedia.py", line 32, in extract_counts
    for line in f:
  File "/usr/local/lib/python3.12/gzip.py", line 337, in read1
    return self._buffer.read1(size)
           ^^^^^^^^^^^^^^^^^^^^^^^^
  File "/usr/local/lib/python3.12/_compression.py", line 68, in readinto
    data = self.read(len(byte_view))
           ^^^^^^^^^^^^^^^^^^^^^^^^^
  File "/usr/local/lib/python3.12/gzip.py", line 527, in read
    if not self._read_gzip_header():
           ^^^^^^^^^^^^^^^^^^^^^^^^
  File "/usr/local/lib/python3.12/gzip.py", line 496, in _read_gzip_header
    last_mtime = _read_gzip_header(self._fp)
                 ^^^^^^^^^^^^^^^^^^^^^^^^^^^
  File "/usr/local/lib/python3.12/gzip.py", line 456, in _read_gzip_header
    raise BadGzipFile('Not a gzipped file (%r)' % magic)
gzip.BadGzipFile: Not a gzipped file (b'<h')
[2026-03-04T02:40:00.314+0000] {taskinstance.py:1206} INFO - Marking task as FAILED. dag_id=wikipedia_pageviews_to_postgres, task_id=extract_counts, run_id=manual__2026-03-04T02:39:56.564197+00:00, execution_date=20260304T023956, start_date=20260304T024000, end_date=20260304T024000
[2026-03-04T02:40:00.320+0000] {standard_task_runner.py:110} ERROR - Failed to execute job 14 for task extract_counts (Not a gzipped file (b'<h'); 1622)
[2026-03-04T02:40:00.350+0000] {local_task_job_runner.py:243} INFO - Task exited with return code 1
[2026-03-04T02:40:00.358+0000] {logging_mixin.py:188} WARNING - /home/airflow/.local/lib/python3.12/site-packages/airflow/models/baseoperator.py:1297 AirflowProviderDeprecationWarning: Call to deprecated class PostgresOperator. (Please use `airflow.providers.common.sql.operators.sql.SQLExecuteQueryOperator`.Also, you can provide `hook_params={'schema': <database>}`.)
[2026-03-04T02:40:00.364+0000] {taskinstance.py:3503} INFO - 0 downstream tasks scheduled from follow-on schedule check
[2026-03-04T02:40:00.367+0000] {local_task_job_runner.py:222} INFO - ::endgroup::
