[2026-03-03T09:19:49.374+0000] {local_task_job_runner.py:120} INFO - ::group::Pre task execution logs
[2026-03-03T09:19:49.399+0000] {taskinstance.py:2076} INFO - Dependencies all met for dep_context=non-requeueable deps ti=<TaskInstance: daily_user_stats.fetch_events scheduled__2026-03-02T00:00:00+00:00 [queued]>
[2026-03-03T09:19:49.403+0000] {taskinstance.py:2076} INFO - Dependencies all met for dep_context=requeueable deps ti=<TaskInstance: daily_user_stats.fetch_events scheduled__2026-03-02T00:00:00+00:00 [queued]>
[2026-03-03T09:19:49.404+0000] {taskinstance.py:2306} INFO - Starting attempt 1 of 1
[2026-03-03T09:19:49.412+0000] {taskinstance.py:2330} INFO - Executing <Task(BashOperator): fetch_events> on 2026-03-02 00:00:00+00:00
[2026-03-03T09:19:49.420+0000] {standard_task_runner.py:90} INFO - Running: ['airflow', 'tasks', 'run', 'daily_user_stats', 'fetch_events', 'scheduled__2026-03-02T00:00:00+00:00', '--job-id', '2', '--raw', '--subdir', 'DAGS_FOLDER/mini_3_schedule.py', '--cfg-path', '/tmp/tmp5pomnszc']
[2026-03-03T09:19:49.423+0000] {standard_task_runner.py:91} INFO - Job 2: Subtask fetch_events
[2026-03-03T09:19:49.427+0000] {logging_mixin.py:188} WARNING - /home/airflow/.local/lib/python3.12/site-packages/airflow/task/task_runner/standard_task_runner.py:62 DeprecationWarning: This process (pid=210) is multi-threaded, use of fork() may lead to deadlocks in the child.
[2026-03-03T09:19:49.428+0000] {standard_task_runner.py:64} INFO - Started process 212 to run task
[2026-03-03T09:19:49.476+0000] {task_command.py:426} INFO - Running <TaskInstance: daily_user_stats.fetch_events scheduled__2026-03-02T00:00:00+00:00 [running]> on host 877d8a31e027
[2026-03-03T09:19:49.563+0000] {taskinstance.py:2648} INFO - Exporting env vars: AIRFLOW_CTX_DAG_OWNER='airflow' AIRFLOW_CTX_DAG_ID='daily_user_stats' AIRFLOW_CTX_TASK_ID='fetch_events' AIRFLOW_CTX_EXECUTION_DATE='2026-03-02T00:00:00+00:00' AIRFLOW_CTX_TRY_NUMBER='1' AIRFLOW_CTX_DAG_RUN_ID='scheduled__2026-03-02T00:00:00+00:00'
[2026-03-03T09:19:49.564+0000] {taskinstance.py:430} INFO - ::endgroup::
[2026-03-03T09:19:49.572+0000] {subprocess.py:63} INFO - Tmp dir root location: /tmp
[2026-03-03T09:19:49.573+0000] {subprocess.py:75} INFO - Running command: ['/usr/bin/bash', '-c', "mkdir -p /opt/airflow/data/events && curl -o /opt/airflow/data/events/2026-03-02.json -L 'https://ll.thespacedevs.com/2.0.0/launch/upcoming/'"]
[2026-03-03T09:19:49.585+0000] {subprocess.py:86} INFO - Output:
[2026-03-03T09:19:49.628+0000] {subprocess.py:93} INFO -   % Total    % Received % Xferd  Average Speed   Time    Time     Time  Current
[2026-03-03T09:19:49.629+0000] {subprocess.py:93} INFO -                                  Dload  Upload   Total   Spent    Left  Speed
[2026-03-03T09:19:51.145+0000] {subprocess.py:93} INFO -   0     0    0     0    0     0      0      0 --:--:-- --:--:-- --:--:--     0  0     0    0     0    0     0      0      0 --:--:--  0:00:01 --:--:--     0100 26078  100 26078    0     0  17193      0  0:00:01  0:00:01 --:--:-- 17201
[2026-03-03T09:19:51.150+0000] {subprocess.py:97} INFO - Command exited with return code 0
[2026-03-03T09:19:51.151+0000] {taskinstance.py:441} INFO - ::group::Post task execution logs
[2026-03-03T09:19:51.172+0000] {taskinstance.py:1206} INFO - Marking task as SUCCESS. dag_id=daily_user_stats, task_id=fetch_events, run_id=scheduled__2026-03-02T00:00:00+00:00, execution_date=20260302T000000, start_date=20260303T091949, end_date=20260303T091951
[2026-03-03T09:19:51.207+0000] {local_task_job_runner.py:243} INFO - Task exited with return code 0
[2026-03-03T09:19:51.221+0000] {taskinstance.py:3503} INFO - 1 downstream tasks scheduled from follow-on schedule check
[2026-03-03T09:19:51.222+0000] {local_task_job_runner.py:222} INFO - ::endgroup::
