[2026-02-27T16:09:21.987+0000] {processor.py:161} INFO - Started process (PID=171) to work on /opt/airflow/dags/mini_0_hello.py
[2026-02-27T16:09:21.988+0000] {processor.py:830} INFO - Processing file /opt/airflow/dags/mini_0_hello.py for tasks to queue
[2026-02-27T16:09:21.990+0000] {logging_mixin.py:188} INFO - [2026-02-27T16:09:21.990+0000] {dagbag.py:545} INFO - Filling up the DagBag from /opt/airflow/dags/mini_0_hello.py
[2026-02-27T16:09:22.007+0000] {processor.py:840} INFO - DAG(s) 'mini_0_hello' retrieved from /opt/airflow/dags/mini_0_hello.py
[2026-02-27T16:09:22.036+0000] {logging_mixin.py:188} INFO - [2026-02-27T16:09:22.035+0000] {dag.py:3089} INFO - Sync 1 DAGs
[2026-02-27T16:09:22.048+0000] {logging_mixin.py:188} INFO - [2026-02-27T16:09:22.048+0000] {dag.py:3947} INFO - Setting next_dagrun for mini_0_hello to None, run_after=None
[2026-02-27T16:09:22.062+0000] {processor.py:183} INFO - Processing /opt/airflow/dags/mini_0_hello.py took 0.080 seconds
[2026-02-27T16:09:52.234+0000] {processor.py:161} INFO - Started process (PID=181) to work on /opt/airflow/dags/mini_0_hello.py
[2026-02-27T16:09:52.235+0000] {processor.py:830} INFO - Processing file /opt/airflow/dags/mini_0_hello.py for tasks to queue
[2026-02-27T16:09:52.236+0000] {logging_mixin.py:188} INFO - [2026-02-27T16:09:52.236+0000] {dagbag.py:545} INFO - Filling up the DagBag from /opt/airflow/dags/mini_0_hello.py
[2026-02-27T16:09:52.250+0000] {processor.py:840} INFO - DAG(s) 'mini_0_hello' retrieved from /opt/airflow/dags/mini_0_hello.py
[2026-02-27T16:09:52.377+0000] {logging_mixin.py:188} INFO - [2026-02-27T16:09:52.377+0000] {dag.py:3089} INFO - Sync 1 DAGs
[2026-02-27T16:09:52.385+0000] {logging_mixin.py:188} INFO - [2026-02-27T16:09:52.385+0000] {dag.py:3947} INFO - Setting next_dagrun for mini_0_hello to None, run_after=None
[2026-02-27T16:09:52.398+0000] {processor.py:183} INFO - Processing /opt/airflow/dags/mini_0_hello.py took 0.170 seconds
[2026-02-27T16:10:22.546+0000] {processor.py:161} INFO - Started process (PID=191) to work on /opt/airflow/dags/mini_0_hello.py
[2026-02-27T16:10:22.547+0000] {processor.py:830} INFO - Processing file /opt/airflow/dags/mini_0_hello.py for tasks to queue
[2026-02-27T16:10:22.548+0000] {logging_mixin.py:188} INFO - [2026-02-27T16:10:22.548+0000] {dagbag.py:545} INFO - Filling up the DagBag from /opt/airflow/dags/mini_0_hello.py
[2026-02-27T16:10:22.562+0000] {processor.py:840} INFO - DAG(s) 'mini_0_hello' retrieved from /opt/airflow/dags/mini_0_hello.py
[2026-02-27T16:10:22.588+0000] {logging_mixin.py:188} INFO - [2026-02-27T16:10:22.588+0000] {dag.py:3089} INFO - Sync 1 DAGs
[2026-02-27T16:10:22.598+0000] {logging_mixin.py:188} INFO - [2026-02-27T16:10:22.598+0000] {dag.py:3947} INFO - Setting next_dagrun for mini_0_hello to None, run_after=None
[2026-02-27T16:10:22.611+0000] {processor.py:183} INFO - Processing /opt/airflow/dags/mini_0_hello.py took 0.070 seconds
[2026-02-27T16:10:52.782+0000] {processor.py:161} INFO - Started process (PID=201) to work on /opt/airflow/dags/mini_0_hello.py
[2026-02-27T16:10:52.783+0000] {processor.py:830} INFO - Processing file /opt/airflow/dags/mini_0_hello.py for tasks to queue
[2026-02-27T16:10:52.785+0000] {logging_mixin.py:188} INFO - [2026-02-27T16:10:52.785+0000] {dagbag.py:545} INFO - Filling up the DagBag from /opt/airflow/dags/mini_0_hello.py
[2026-02-27T16:10:52.797+0000] {processor.py:840} INFO - DAG(s) 'mini_0_hello' retrieved from /opt/airflow/dags/mini_0_hello.py
[2026-02-27T16:10:52.828+0000] {logging_mixin.py:188} INFO - [2026-02-27T16:10:52.827+0000] {dag.py:3089} INFO - Sync 1 DAGs
[2026-02-27T16:10:52.837+0000] {logging_mixin.py:188} INFO - [2026-02-27T16:10:52.837+0000] {dag.py:3947} INFO - Setting next_dagrun for mini_0_hello to None, run_after=None
[2026-02-27T16:10:52.850+0000] {processor.py:183} INFO - Processing /opt/airflow/dags/mini_0_hello.py took 0.074 seconds
[2026-02-27T16:11:23.024+0000] {processor.py:161} INFO - Started process (PID=211) to work on /opt/airflow/dags/mini_0_hello.py
[2026-02-27T16:11:23.024+0000] {processor.py:830} INFO - Processing file /opt/airflow/dags/mini_0_hello.py for tasks to queue
[2026-02-27T16:11:23.026+0000] {logging_mixin.py:188} INFO - [2026-02-27T16:11:23.025+0000] {dagbag.py:545} INFO - Filling up the DagBag from /opt/airflow/dags/mini_0_hello.py
[2026-02-27T16:11:23.039+0000] {processor.py:840} INFO - DAG(s) 'mini_0_hello' retrieved from /opt/airflow/dags/mini_0_hello.py
[2026-02-27T16:11:23.065+0000] {logging_mixin.py:188} INFO - [2026-02-27T16:11:23.065+0000] {dag.py:3089} INFO - Sync 1 DAGs
[2026-02-27T16:11:23.075+0000] {logging_mixin.py:188} INFO - [2026-02-27T16:11:23.075+0000] {dag.py:3947} INFO - Setting next_dagrun for mini_0_hello to None, run_after=None
[2026-02-27T16:11:23.088+0000] {processor.py:183} INFO - Processing /opt/airflow/dags/mini_0_hello.py took 0.070 seconds
[2026-02-27T16:11:53.256+0000] {processor.py:161} INFO - Started process (PID=221) to work on /opt/airflow/dags/mini_0_hello.py
[2026-02-27T16:11:53.256+0000] {processor.py:830} INFO - Processing file /opt/airflow/dags/mini_0_hello.py for tasks to queue
[2026-02-27T16:11:53.258+0000] {logging_mixin.py:188} INFO - [2026-02-27T16:11:53.258+0000] {dagbag.py:545} INFO - Filling up the DagBag from /opt/airflow/dags/mini_0_hello.py
[2026-02-27T16:11:53.272+0000] {processor.py:840} INFO - DAG(s) 'mini_0_hello' retrieved from /opt/airflow/dags/mini_0_hello.py
[2026-02-27T16:11:53.300+0000] {logging_mixin.py:188} INFO - [2026-02-27T16:11:53.300+0000] {dag.py:3089} INFO - Sync 1 DAGs
[2026-02-27T16:11:53.310+0000] {logging_mixin.py:188} INFO - [2026-02-27T16:11:53.310+0000] {dag.py:3947} INFO - Setting next_dagrun for mini_0_hello to None, run_after=None
[2026-02-27T16:11:53.325+0000] {processor.py:183} INFO - Processing /opt/airflow/dags/mini_0_hello.py took 0.074 seconds
[2026-02-27T16:12:23.507+0000] {processor.py:161} INFO - Started process (PID=231) to work on /opt/airflow/dags/mini_0_hello.py
[2026-02-27T16:12:23.508+0000] {processor.py:830} INFO - Processing file /opt/airflow/dags/mini_0_hello.py for tasks to queue
[2026-02-27T16:12:23.509+0000] {logging_mixin.py:188} INFO - [2026-02-27T16:12:23.509+0000] {dagbag.py:545} INFO - Filling up the DagBag from /opt/airflow/dags/mini_0_hello.py
[2026-02-27T16:12:23.521+0000] {processor.py:840} INFO - DAG(s) 'mini_0_hello' retrieved from /opt/airflow/dags/mini_0_hello.py
[2026-02-27T16:12:23.533+0000] {logging_mixin.py:188} INFO - [2026-02-27T16:12:23.532+0000] {dag.py:3089} INFO - Sync 1 DAGs
[2026-02-27T16:12:23.546+0000] {logging_mixin.py:188} INFO - [2026-02-27T16:12:23.546+0000] {dag.py:3947} INFO - Setting next_dagrun for mini_0_hello to None, run_after=None
[2026-02-27T16:12:23.560+0000] {processor.py:183} INFO - Processing /opt/airflow/dags/mini_0_hello.py took 0.057 seconds
[2026-02-27T16:12:53.732+0000] {processor.py:161} INFO - Started process (PID=247) to work on /opt/airflow/dags/mini_0_hello.py
[2026-02-27T16:12:53.733+0000] {processor.py:830} INFO - Processing file /opt/airflow/dags/mini_0_hello.py for tasks to queue
[2026-02-27T16:12:53.735+0000] {logging_mixin.py:188} INFO - [2026-02-27T16:12:53.734+0000] {dagbag.py:545} INFO - Filling up the DagBag from /opt/airflow/dags/mini_0_hello.py
[2026-02-27T16:12:53.749+0000] {processor.py:840} INFO - DAG(s) 'mini_0_hello' retrieved from /opt/airflow/dags/mini_0_hello.py
[2026-02-27T16:12:53.838+0000] {logging_mixin.py:188} INFO - [2026-02-27T16:12:53.838+0000] {dag.py:3089} INFO - Sync 1 DAGs
[2026-02-27T16:12:53.846+0000] {logging_mixin.py:188} INFO - [2026-02-27T16:12:53.846+0000] {dag.py:3947} INFO - Setting next_dagrun for mini_0_hello to None, run_after=None
[2026-02-27T16:12:53.862+0000] {processor.py:183} INFO - Processing /opt/airflow/dags/mini_0_hello.py took 0.135 seconds
[2026-02-27T16:13:24.036+0000] {processor.py:161} INFO - Started process (PID=263) to work on /opt/airflow/dags/mini_0_hello.py
[2026-02-27T16:13:24.036+0000] {processor.py:830} INFO - Processing file /opt/airflow/dags/mini_0_hello.py for tasks to queue
[2026-02-27T16:13:24.038+0000] {logging_mixin.py:188} INFO - [2026-02-27T16:13:24.038+0000] {dagbag.py:545} INFO - Filling up the DagBag from /opt/airflow/dags/mini_0_hello.py
[2026-02-27T16:13:24.053+0000] {processor.py:840} INFO - DAG(s) 'mini_0_hello' retrieved from /opt/airflow/dags/mini_0_hello.py
[2026-02-27T16:13:24.080+0000] {logging_mixin.py:188} INFO - [2026-02-27T16:13:24.080+0000] {dag.py:3089} INFO - Sync 1 DAGs
[2026-02-27T16:13:24.090+0000] {logging_mixin.py:188} INFO - [2026-02-27T16:13:24.090+0000] {dag.py:3947} INFO - Setting next_dagrun for mini_0_hello to None, run_after=None
[2026-02-27T16:13:24.104+0000] {processor.py:183} INFO - Processing /opt/airflow/dags/mini_0_hello.py took 0.073 seconds
[2026-02-27T16:13:54.274+0000] {processor.py:161} INFO - Started process (PID=273) to work on /opt/airflow/dags/mini_0_hello.py
[2026-02-27T16:13:54.275+0000] {processor.py:830} INFO - Processing file /opt/airflow/dags/mini_0_hello.py for tasks to queue
[2026-02-27T16:13:54.276+0000] {logging_mixin.py:188} INFO - [2026-02-27T16:13:54.276+0000] {dagbag.py:545} INFO - Filling up the DagBag from /opt/airflow/dags/mini_0_hello.py
[2026-02-27T16:13:54.291+0000] {processor.py:840} INFO - DAG(s) 'mini_0_hello' retrieved from /opt/airflow/dags/mini_0_hello.py
[2026-02-27T16:13:54.317+0000] {logging_mixin.py:188} INFO - [2026-02-27T16:13:54.317+0000] {dag.py:3089} INFO - Sync 1 DAGs
[2026-02-27T16:13:54.327+0000] {logging_mixin.py:188} INFO - [2026-02-27T16:13:54.327+0000] {dag.py:3947} INFO - Setting next_dagrun for mini_0_hello to None, run_after=None
[2026-02-27T16:13:54.343+0000] {processor.py:183} INFO - Processing /opt/airflow/dags/mini_0_hello.py took 0.075 seconds
[2026-02-27T16:14:24.556+0000] {processor.py:161} INFO - Started process (PID=288) to work on /opt/airflow/dags/mini_0_hello.py
[2026-02-27T16:14:24.556+0000] {processor.py:830} INFO - Processing file /opt/airflow/dags/mini_0_hello.py for tasks to queue
[2026-02-27T16:14:24.557+0000] {logging_mixin.py:188} INFO - [2026-02-27T16:14:24.557+0000] {dagbag.py:545} INFO - Filling up the DagBag from /opt/airflow/dags/mini_0_hello.py
[2026-02-27T16:14:24.569+0000] {processor.py:840} INFO - DAG(s) 'mini_0_hello' retrieved from /opt/airflow/dags/mini_0_hello.py
[2026-02-27T16:14:24.591+0000] {logging_mixin.py:188} INFO - [2026-02-27T16:14:24.591+0000] {dag.py:3089} INFO - Sync 1 DAGs
[2026-02-27T16:14:24.600+0000] {logging_mixin.py:188} INFO - [2026-02-27T16:14:24.600+0000] {dag.py:3947} INFO - Setting next_dagrun for mini_0_hello to None, run_after=None
[2026-02-27T16:14:24.613+0000] {processor.py:183} INFO - Processing /opt/airflow/dags/mini_0_hello.py took 0.062 seconds
[2026-02-27T16:14:54.812+0000] {processor.py:161} INFO - Started process (PID=303) to work on /opt/airflow/dags/mini_0_hello.py
[2026-02-27T16:14:54.813+0000] {processor.py:830} INFO - Processing file /opt/airflow/dags/mini_0_hello.py for tasks to queue
[2026-02-27T16:14:54.814+0000] {logging_mixin.py:188} INFO - [2026-02-27T16:14:54.814+0000] {dagbag.py:545} INFO - Filling up the DagBag from /opt/airflow/dags/mini_0_hello.py
[2026-02-27T16:14:54.826+0000] {processor.py:840} INFO - DAG(s) 'mini_0_hello' retrieved from /opt/airflow/dags/mini_0_hello.py
[2026-02-27T16:14:54.852+0000] {logging_mixin.py:188} INFO - [2026-02-27T16:14:54.852+0000] {dag.py:3089} INFO - Sync 1 DAGs
[2026-02-27T16:14:54.863+0000] {logging_mixin.py:188} INFO - [2026-02-27T16:14:54.862+0000] {dag.py:3947} INFO - Setting next_dagrun for mini_0_hello to None, run_after=None
[2026-02-27T16:14:54.876+0000] {processor.py:183} INFO - Processing /opt/airflow/dags/mini_0_hello.py took 0.068 seconds
[2026-02-27T16:15:25.076+0000] {processor.py:161} INFO - Started process (PID=318) to work on /opt/airflow/dags/mini_0_hello.py
[2026-02-27T16:15:25.076+0000] {processor.py:830} INFO - Processing file /opt/airflow/dags/mini_0_hello.py for tasks to queue
[2026-02-27T16:15:25.077+0000] {logging_mixin.py:188} INFO - [2026-02-27T16:15:25.077+0000] {dagbag.py:545} INFO - Filling up the DagBag from /opt/airflow/dags/mini_0_hello.py
[2026-02-27T16:15:25.090+0000] {processor.py:840} INFO - DAG(s) 'mini_0_hello' retrieved from /opt/airflow/dags/mini_0_hello.py
[2026-02-27T16:15:25.114+0000] {logging_mixin.py:188} INFO - [2026-02-27T16:15:25.114+0000] {dag.py:3089} INFO - Sync 1 DAGs
[2026-02-27T16:15:25.124+0000] {logging_mixin.py:188} INFO - [2026-02-27T16:15:25.124+0000] {dag.py:3947} INFO - Setting next_dagrun for mini_0_hello to None, run_after=None
[2026-02-27T16:15:25.137+0000] {processor.py:183} INFO - Processing /opt/airflow/dags/mini_0_hello.py took 0.066 seconds
[2026-02-27T16:15:55.335+0000] {processor.py:161} INFO - Started process (PID=333) to work on /opt/airflow/dags/mini_0_hello.py
[2026-02-27T16:15:55.336+0000] {processor.py:830} INFO - Processing file /opt/airflow/dags/mini_0_hello.py for tasks to queue
[2026-02-27T16:15:55.337+0000] {logging_mixin.py:188} INFO - [2026-02-27T16:15:55.337+0000] {dagbag.py:545} INFO - Filling up the DagBag from /opt/airflow/dags/mini_0_hello.py
[2026-02-27T16:15:55.349+0000] {processor.py:840} INFO - DAG(s) 'mini_0_hello' retrieved from /opt/airflow/dags/mini_0_hello.py
[2026-02-27T16:15:55.377+0000] {logging_mixin.py:188} INFO - [2026-02-27T16:15:55.377+0000] {dag.py:3089} INFO - Sync 1 DAGs
[2026-02-27T16:15:55.388+0000] {logging_mixin.py:188} INFO - [2026-02-27T16:15:55.388+0000] {dag.py:3947} INFO - Setting next_dagrun for mini_0_hello to None, run_after=None
[2026-02-27T16:15:55.403+0000] {processor.py:183} INFO - Processing /opt/airflow/dags/mini_0_hello.py took 0.072 seconds
[2026-02-27T16:16:25.599+0000] {processor.py:161} INFO - Started process (PID=348) to work on /opt/airflow/dags/mini_0_hello.py
[2026-02-27T16:16:25.600+0000] {processor.py:830} INFO - Processing file /opt/airflow/dags/mini_0_hello.py for tasks to queue
[2026-02-27T16:16:25.601+0000] {logging_mixin.py:188} INFO - [2026-02-27T16:16:25.601+0000] {dagbag.py:545} INFO - Filling up the DagBag from /opt/airflow/dags/mini_0_hello.py
[2026-02-27T16:16:25.614+0000] {processor.py:840} INFO - DAG(s) 'mini_0_hello' retrieved from /opt/airflow/dags/mini_0_hello.py
[2026-02-27T16:16:25.639+0000] {logging_mixin.py:188} INFO - [2026-02-27T16:16:25.639+0000] {dag.py:3089} INFO - Sync 1 DAGs
[2026-02-27T16:16:25.649+0000] {logging_mixin.py:188} INFO - [2026-02-27T16:16:25.648+0000] {dag.py:3947} INFO - Setting next_dagrun for mini_0_hello to None, run_after=None
[2026-02-27T16:16:25.662+0000] {processor.py:183} INFO - Processing /opt/airflow/dags/mini_0_hello.py took 0.067 seconds
[2026-02-27T16:16:55.870+0000] {processor.py:161} INFO - Started process (PID=363) to work on /opt/airflow/dags/mini_0_hello.py
[2026-02-27T16:16:55.871+0000] {processor.py:830} INFO - Processing file /opt/airflow/dags/mini_0_hello.py for tasks to queue
[2026-02-27T16:16:55.873+0000] {logging_mixin.py:188} INFO - [2026-02-27T16:16:55.872+0000] {dagbag.py:545} INFO - Filling up the DagBag from /opt/airflow/dags/mini_0_hello.py
[2026-02-27T16:16:55.885+0000] {processor.py:840} INFO - DAG(s) 'mini_0_hello' retrieved from /opt/airflow/dags/mini_0_hello.py
[2026-02-27T16:16:55.912+0000] {logging_mixin.py:188} INFO - [2026-02-27T16:16:55.911+0000] {dag.py:3089} INFO - Sync 1 DAGs
[2026-02-27T16:16:55.922+0000] {logging_mixin.py:188} INFO - [2026-02-27T16:16:55.922+0000] {dag.py:3947} INFO - Setting next_dagrun for mini_0_hello to None, run_after=None
[2026-02-27T16:16:55.935+0000] {processor.py:183} INFO - Processing /opt/airflow/dags/mini_0_hello.py took 0.068 seconds
[2026-02-27T16:17:26.147+0000] {processor.py:161} INFO - Started process (PID=378) to work on /opt/airflow/dags/mini_0_hello.py
[2026-02-27T16:17:26.147+0000] {processor.py:830} INFO - Processing file /opt/airflow/dags/mini_0_hello.py for tasks to queue
[2026-02-27T16:17:26.149+0000] {logging_mixin.py:188} INFO - [2026-02-27T16:17:26.148+0000] {dagbag.py:545} INFO - Filling up the DagBag from /opt/airflow/dags/mini_0_hello.py
[2026-02-27T16:17:26.163+0000] {processor.py:840} INFO - DAG(s) 'mini_0_hello' retrieved from /opt/airflow/dags/mini_0_hello.py
[2026-02-27T16:17:26.195+0000] {logging_mixin.py:188} INFO - [2026-02-27T16:17:26.194+0000] {dag.py:3089} INFO - Sync 1 DAGs
[2026-02-27T16:17:26.205+0000] {logging_mixin.py:188} INFO - [2026-02-27T16:17:26.205+0000] {dag.py:3947} INFO - Setting next_dagrun for mini_0_hello to None, run_after=None
[2026-02-27T16:17:26.219+0000] {processor.py:183} INFO - Processing /opt/airflow/dags/mini_0_hello.py took 0.076 seconds
[2026-02-27T16:17:56.489+0000] {processor.py:161} INFO - Started process (PID=398) to work on /opt/airflow/dags/mini_0_hello.py
[2026-02-27T16:17:56.489+0000] {processor.py:830} INFO - Processing file /opt/airflow/dags/mini_0_hello.py for tasks to queue
[2026-02-27T16:17:56.491+0000] {logging_mixin.py:188} INFO - [2026-02-27T16:17:56.490+0000] {dagbag.py:545} INFO - Filling up the DagBag from /opt/airflow/dags/mini_0_hello.py
[2026-02-27T16:17:56.504+0000] {processor.py:840} INFO - DAG(s) 'mini_0_hello' retrieved from /opt/airflow/dags/mini_0_hello.py
[2026-02-27T16:17:56.530+0000] {logging_mixin.py:188} INFO - [2026-02-27T16:17:56.530+0000] {dag.py:3089} INFO - Sync 1 DAGs
[2026-02-27T16:17:56.541+0000] {logging_mixin.py:188} INFO - [2026-02-27T16:17:56.541+0000] {dag.py:3947} INFO - Setting next_dagrun for mini_0_hello to None, run_after=None
[2026-02-27T16:17:56.554+0000] {processor.py:183} INFO - Processing /opt/airflow/dags/mini_0_hello.py took 0.069 seconds
