[2026-02-27T16:09:21.981+0000] {processor.py:161} INFO - Started process (PID=168) to work on /opt/airflow/dags/mini_1_etl_skeleton.py
[2026-02-27T16:09:21.982+0000] {processor.py:830} INFO - Processing file /opt/airflow/dags/mini_1_etl_skeleton.py for tasks to queue
[2026-02-27T16:09:21.984+0000] {logging_mixin.py:188} INFO - [2026-02-27T16:09:21.984+0000] {dagbag.py:545} INFO - Filling up the DagBag from /opt/airflow/dags/mini_1_etl_skeleton.py
[2026-02-27T16:09:22.029+0000] {processor.py:840} INFO - DAG(s) 'mini_1_etl_skeleton' retrieved from /opt/airflow/dags/mini_1_etl_skeleton.py
[2026-02-27T16:09:22.056+0000] {logging_mixin.py:188} INFO - [2026-02-27T16:09:22.056+0000] {dag.py:3089} INFO - Sync 1 DAGs
[2026-02-27T16:09:22.067+0000] {logging_mixin.py:188} INFO - [2026-02-27T16:09:22.066+0000] {dag.py:3947} INFO - Setting next_dagrun for mini_1_etl_skeleton to None, run_after=None
[2026-02-27T16:09:22.080+0000] {processor.py:183} INFO - Processing /opt/airflow/dags/mini_1_etl_skeleton.py took 0.105 seconds
[2026-02-27T16:09:52.229+0000] {processor.py:161} INFO - Started process (PID=178) to work on /opt/airflow/dags/mini_1_etl_skeleton.py
[2026-02-27T16:09:52.230+0000] {processor.py:830} INFO - Processing file /opt/airflow/dags/mini_1_etl_skeleton.py for tasks to queue
[2026-02-27T16:09:52.232+0000] {logging_mixin.py:188} INFO - [2026-02-27T16:09:52.232+0000] {dagbag.py:545} INFO - Filling up the DagBag from /opt/airflow/dags/mini_1_etl_skeleton.py
[2026-02-27T16:09:52.275+0000] {processor.py:840} INFO - DAG(s) 'mini_1_etl_skeleton' retrieved from /opt/airflow/dags/mini_1_etl_skeleton.py
[2026-02-27T16:09:52.377+0000] {logging_mixin.py:188} INFO - [2026-02-27T16:09:52.377+0000] {dag.py:3089} INFO - Sync 1 DAGs
[2026-02-27T16:09:52.385+0000] {logging_mixin.py:188} INFO - [2026-02-27T16:09:52.385+0000] {dag.py:3947} INFO - Setting next_dagrun for mini_1_etl_skeleton to None, run_after=None
[2026-02-27T16:09:52.399+0000] {processor.py:183} INFO - Processing /opt/airflow/dags/mini_1_etl_skeleton.py took 0.175 seconds
[2026-02-27T16:10:22.540+0000] {processor.py:161} INFO - Started process (PID=188) to work on /opt/airflow/dags/mini_1_etl_skeleton.py
[2026-02-27T16:10:22.541+0000] {processor.py:830} INFO - Processing file /opt/airflow/dags/mini_1_etl_skeleton.py for tasks to queue
[2026-02-27T16:10:22.543+0000] {logging_mixin.py:188} INFO - [2026-02-27T16:10:22.543+0000] {dagbag.py:545} INFO - Filling up the DagBag from /opt/airflow/dags/mini_1_etl_skeleton.py
[2026-02-27T16:10:22.586+0000] {processor.py:840} INFO - DAG(s) 'mini_1_etl_skeleton' retrieved from /opt/airflow/dags/mini_1_etl_skeleton.py
[2026-02-27T16:10:22.615+0000] {logging_mixin.py:188} INFO - [2026-02-27T16:10:22.614+0000] {dag.py:3089} INFO - Sync 1 DAGs
[2026-02-27T16:10:22.623+0000] {logging_mixin.py:188} INFO - [2026-02-27T16:10:22.623+0000] {dag.py:3947} INFO - Setting next_dagrun for mini_1_etl_skeleton to None, run_after=None
[2026-02-27T16:10:22.634+0000] {processor.py:183} INFO - Processing /opt/airflow/dags/mini_1_etl_skeleton.py took 0.099 seconds
[2026-02-27T16:10:52.777+0000] {processor.py:161} INFO - Started process (PID=198) to work on /opt/airflow/dags/mini_1_etl_skeleton.py
[2026-02-27T16:10:52.778+0000] {processor.py:830} INFO - Processing file /opt/airflow/dags/mini_1_etl_skeleton.py for tasks to queue
[2026-02-27T16:10:52.779+0000] {logging_mixin.py:188} INFO - [2026-02-27T16:10:52.779+0000] {dagbag.py:545} INFO - Filling up the DagBag from /opt/airflow/dags/mini_1_etl_skeleton.py
[2026-02-27T16:10:52.829+0000] {processor.py:840} INFO - DAG(s) 'mini_1_etl_skeleton' retrieved from /opt/airflow/dags/mini_1_etl_skeleton.py
[2026-02-27T16:10:52.854+0000] {logging_mixin.py:188} INFO - [2026-02-27T16:10:52.854+0000] {dag.py:3089} INFO - Sync 1 DAGs
[2026-02-27T16:10:52.862+0000] {logging_mixin.py:188} INFO - [2026-02-27T16:10:52.862+0000] {dag.py:3947} INFO - Setting next_dagrun for mini_1_etl_skeleton to None, run_after=None
[2026-02-27T16:10:52.874+0000] {processor.py:183} INFO - Processing /opt/airflow/dags/mini_1_etl_skeleton.py took 0.102 seconds
[2026-02-27T16:11:23.019+0000] {processor.py:161} INFO - Started process (PID=208) to work on /opt/airflow/dags/mini_1_etl_skeleton.py
[2026-02-27T16:11:23.020+0000] {processor.py:830} INFO - Processing file /opt/airflow/dags/mini_1_etl_skeleton.py for tasks to queue
[2026-02-27T16:11:23.021+0000] {logging_mixin.py:188} INFO - [2026-02-27T16:11:23.021+0000] {dagbag.py:545} INFO - Filling up the DagBag from /opt/airflow/dags/mini_1_etl_skeleton.py
[2026-02-27T16:11:23.061+0000] {processor.py:840} INFO - DAG(s) 'mini_1_etl_skeleton' retrieved from /opt/airflow/dags/mini_1_etl_skeleton.py
[2026-02-27T16:11:23.086+0000] {logging_mixin.py:188} INFO - [2026-02-27T16:11:23.086+0000] {dag.py:3089} INFO - Sync 1 DAGs
[2026-02-27T16:11:23.096+0000] {logging_mixin.py:188} INFO - [2026-02-27T16:11:23.096+0000] {dag.py:3947} INFO - Setting next_dagrun for mini_1_etl_skeleton to None, run_after=None
[2026-02-27T16:11:23.108+0000] {processor.py:183} INFO - Processing /opt/airflow/dags/mini_1_etl_skeleton.py took 0.095 seconds
[2026-02-27T16:11:53.251+0000] {processor.py:161} INFO - Started process (PID=218) to work on /opt/airflow/dags/mini_1_etl_skeleton.py
[2026-02-27T16:11:53.251+0000] {processor.py:830} INFO - Processing file /opt/airflow/dags/mini_1_etl_skeleton.py for tasks to queue
[2026-02-27T16:11:53.253+0000] {logging_mixin.py:188} INFO - [2026-02-27T16:11:53.253+0000] {dagbag.py:545} INFO - Filling up the DagBag from /opt/airflow/dags/mini_1_etl_skeleton.py
[2026-02-27T16:11:53.295+0000] {processor.py:840} INFO - DAG(s) 'mini_1_etl_skeleton' retrieved from /opt/airflow/dags/mini_1_etl_skeleton.py
[2026-02-27T16:11:53.322+0000] {logging_mixin.py:188} INFO - [2026-02-27T16:11:53.321+0000] {dag.py:3089} INFO - Sync 1 DAGs
[2026-02-27T16:11:53.332+0000] {logging_mixin.py:188} INFO - [2026-02-27T16:11:53.332+0000] {dag.py:3947} INFO - Setting next_dagrun for mini_1_etl_skeleton to None, run_after=None
[2026-02-27T16:11:53.344+0000] {processor.py:183} INFO - Processing /opt/airflow/dags/mini_1_etl_skeleton.py took 0.099 seconds
[2026-02-27T16:12:23.500+0000] {processor.py:161} INFO - Started process (PID=228) to work on /opt/airflow/dags/mini_1_etl_skeleton.py
[2026-02-27T16:12:23.501+0000] {processor.py:830} INFO - Processing file /opt/airflow/dags/mini_1_etl_skeleton.py for tasks to queue
[2026-02-27T16:12:23.503+0000] {logging_mixin.py:188} INFO - [2026-02-27T16:12:23.502+0000] {dagbag.py:545} INFO - Filling up the DagBag from /opt/airflow/dags/mini_1_etl_skeleton.py
[2026-02-27T16:12:23.544+0000] {processor.py:840} INFO - DAG(s) 'mini_1_etl_skeleton' retrieved from /opt/airflow/dags/mini_1_etl_skeleton.py
[2026-02-27T16:12:23.555+0000] {logging_mixin.py:188} INFO - [2026-02-27T16:12:23.555+0000] {dag.py:3089} INFO - Sync 1 DAGs
[2026-02-27T16:12:23.566+0000] {logging_mixin.py:188} INFO - [2026-02-27T16:12:23.566+0000] {dag.py:3947} INFO - Setting next_dagrun for mini_1_etl_skeleton to None, run_after=None
[2026-02-27T16:12:23.578+0000] {processor.py:183} INFO - Processing /opt/airflow/dags/mini_1_etl_skeleton.py took 0.084 seconds
[2026-02-27T16:12:53.727+0000] {processor.py:161} INFO - Started process (PID=244) to work on /opt/airflow/dags/mini_1_etl_skeleton.py
[2026-02-27T16:12:53.728+0000] {processor.py:830} INFO - Processing file /opt/airflow/dags/mini_1_etl_skeleton.py for tasks to queue
[2026-02-27T16:12:53.730+0000] {logging_mixin.py:188} INFO - [2026-02-27T16:12:53.729+0000] {dagbag.py:545} INFO - Filling up the DagBag from /opt/airflow/dags/mini_1_etl_skeleton.py
[2026-02-27T16:12:53.771+0000] {processor.py:840} INFO - DAG(s) 'mini_1_etl_skeleton' retrieved from /opt/airflow/dags/mini_1_etl_skeleton.py
[2026-02-27T16:12:53.859+0000] {logging_mixin.py:188} INFO - [2026-02-27T16:12:53.859+0000] {dag.py:3089} INFO - Sync 1 DAGs
[2026-02-27T16:12:53.869+0000] {logging_mixin.py:188} INFO - [2026-02-27T16:12:53.869+0000] {dag.py:3947} INFO - Setting next_dagrun for mini_1_etl_skeleton to None, run_after=None
[2026-02-27T16:12:53.884+0000] {processor.py:183} INFO - Processing /opt/airflow/dags/mini_1_etl_skeleton.py took 0.163 seconds
[2026-02-27T16:13:24.030+0000] {processor.py:161} INFO - Started process (PID=260) to work on /opt/airflow/dags/mini_1_etl_skeleton.py
[2026-02-27T16:13:24.031+0000] {processor.py:830} INFO - Processing file /opt/airflow/dags/mini_1_etl_skeleton.py for tasks to queue
[2026-02-27T16:13:24.032+0000] {logging_mixin.py:188} INFO - [2026-02-27T16:13:24.032+0000] {dagbag.py:545} INFO - Filling up the DagBag from /opt/airflow/dags/mini_1_etl_skeleton.py
[2026-02-27T16:13:24.076+0000] {processor.py:840} INFO - DAG(s) 'mini_1_etl_skeleton' retrieved from /opt/airflow/dags/mini_1_etl_skeleton.py
[2026-02-27T16:13:24.102+0000] {logging_mixin.py:188} INFO - [2026-02-27T16:13:24.102+0000] {dag.py:3089} INFO - Sync 1 DAGs
[2026-02-27T16:13:24.111+0000] {logging_mixin.py:188} INFO - [2026-02-27T16:13:24.111+0000] {dag.py:3947} INFO - Setting next_dagrun for mini_1_etl_skeleton to None, run_after=None
[2026-02-27T16:13:24.123+0000] {processor.py:183} INFO - Processing /opt/airflow/dags/mini_1_etl_skeleton.py took 0.099 seconds
[2026-02-27T16:13:54.267+0000] {processor.py:161} INFO - Started process (PID=270) to work on /opt/airflow/dags/mini_1_etl_skeleton.py
[2026-02-27T16:13:54.268+0000] {processor.py:830} INFO - Processing file /opt/airflow/dags/mini_1_etl_skeleton.py for tasks to queue
[2026-02-27T16:13:54.270+0000] {logging_mixin.py:188} INFO - [2026-02-27T16:13:54.269+0000] {dagbag.py:545} INFO - Filling up the DagBag from /opt/airflow/dags/mini_1_etl_skeleton.py
[2026-02-27T16:13:54.310+0000] {processor.py:840} INFO - DAG(s) 'mini_1_etl_skeleton' retrieved from /opt/airflow/dags/mini_1_etl_skeleton.py
[2026-02-27T16:13:54.339+0000] {logging_mixin.py:188} INFO - [2026-02-27T16:13:54.339+0000] {dag.py:3089} INFO - Sync 1 DAGs
[2026-02-27T16:13:54.352+0000] {logging_mixin.py:188} INFO - [2026-02-27T16:13:54.352+0000] {dag.py:3947} INFO - Setting next_dagrun for mini_1_etl_skeleton to None, run_after=None
[2026-02-27T16:13:54.370+0000] {processor.py:183} INFO - Processing /opt/airflow/dags/mini_1_etl_skeleton.py took 0.106 seconds
[2026-02-27T16:14:24.551+0000] {processor.py:161} INFO - Started process (PID=285) to work on /opt/airflow/dags/mini_1_etl_skeleton.py
[2026-02-27T16:14:24.551+0000] {processor.py:830} INFO - Processing file /opt/airflow/dags/mini_1_etl_skeleton.py for tasks to queue
[2026-02-27T16:14:24.553+0000] {logging_mixin.py:188} INFO - [2026-02-27T16:14:24.552+0000] {dagbag.py:545} INFO - Filling up the DagBag from /opt/airflow/dags/mini_1_etl_skeleton.py
[2026-02-27T16:14:24.591+0000] {processor.py:840} INFO - DAG(s) 'mini_1_etl_skeleton' retrieved from /opt/airflow/dags/mini_1_etl_skeleton.py
[2026-02-27T16:14:24.616+0000] {logging_mixin.py:188} INFO - [2026-02-27T16:14:24.616+0000] {dag.py:3089} INFO - Sync 1 DAGs
[2026-02-27T16:14:24.625+0000] {logging_mixin.py:188} INFO - [2026-02-27T16:14:24.625+0000] {dag.py:3947} INFO - Setting next_dagrun for mini_1_etl_skeleton to None, run_after=None
[2026-02-27T16:14:24.637+0000] {processor.py:183} INFO - Processing /opt/airflow/dags/mini_1_etl_skeleton.py took 0.091 seconds
[2026-02-27T16:14:54.806+0000] {processor.py:161} INFO - Started process (PID=300) to work on /opt/airflow/dags/mini_1_etl_skeleton.py
[2026-02-27T16:14:54.807+0000] {processor.py:830} INFO - Processing file /opt/airflow/dags/mini_1_etl_skeleton.py for tasks to queue
[2026-02-27T16:14:54.808+0000] {logging_mixin.py:188} INFO - [2026-02-27T16:14:54.808+0000] {dagbag.py:545} INFO - Filling up the DagBag from /opt/airflow/dags/mini_1_etl_skeleton.py
[2026-02-27T16:14:54.848+0000] {processor.py:840} INFO - DAG(s) 'mini_1_etl_skeleton' retrieved from /opt/airflow/dags/mini_1_etl_skeleton.py
[2026-02-27T16:14:54.875+0000] {logging_mixin.py:188} INFO - [2026-02-27T16:14:54.875+0000] {dag.py:3089} INFO - Sync 1 DAGs
[2026-02-27T16:14:54.885+0000] {logging_mixin.py:188} INFO - [2026-02-27T16:14:54.885+0000] {dag.py:3947} INFO - Setting next_dagrun for mini_1_etl_skeleton to None, run_after=None
[2026-02-27T16:14:54.897+0000] {processor.py:183} INFO - Processing /opt/airflow/dags/mini_1_etl_skeleton.py took 0.095 seconds
[2026-02-27T16:15:25.071+0000] {processor.py:161} INFO - Started process (PID=315) to work on /opt/airflow/dags/mini_1_etl_skeleton.py
[2026-02-27T16:15:25.072+0000] {processor.py:830} INFO - Processing file /opt/airflow/dags/mini_1_etl_skeleton.py for tasks to queue
[2026-02-27T16:15:25.074+0000] {logging_mixin.py:188} INFO - [2026-02-27T16:15:25.073+0000] {dagbag.py:545} INFO - Filling up the DagBag from /opt/airflow/dags/mini_1_etl_skeleton.py
[2026-02-27T16:15:25.113+0000] {processor.py:840} INFO - DAG(s) 'mini_1_etl_skeleton' retrieved from /opt/airflow/dags/mini_1_etl_skeleton.py
[2026-02-27T16:15:25.139+0000] {logging_mixin.py:188} INFO - [2026-02-27T16:15:25.139+0000] {dag.py:3089} INFO - Sync 1 DAGs
[2026-02-27T16:15:25.147+0000] {logging_mixin.py:188} INFO - [2026-02-27T16:15:25.147+0000] {dag.py:3947} INFO - Setting next_dagrun for mini_1_etl_skeleton to None, run_after=None
[2026-02-27T16:15:25.159+0000] {processor.py:183} INFO - Processing /opt/airflow/dags/mini_1_etl_skeleton.py took 0.093 seconds
[2026-02-27T16:15:55.330+0000] {processor.py:161} INFO - Started process (PID=330) to work on /opt/airflow/dags/mini_1_etl_skeleton.py
[2026-02-27T16:15:55.330+0000] {processor.py:830} INFO - Processing file /opt/airflow/dags/mini_1_etl_skeleton.py for tasks to queue
[2026-02-27T16:15:55.331+0000] {logging_mixin.py:188} INFO - [2026-02-27T16:15:55.331+0000] {dagbag.py:545} INFO - Filling up the DagBag from /opt/airflow/dags/mini_1_etl_skeleton.py
[2026-02-27T16:15:55.372+0000] {processor.py:840} INFO - DAG(s) 'mini_1_etl_skeleton' retrieved from /opt/airflow/dags/mini_1_etl_skeleton.py
[2026-02-27T16:15:55.399+0000] {logging_mixin.py:188} INFO - [2026-02-27T16:15:55.399+0000] {dag.py:3089} INFO - Sync 1 DAGs
[2026-02-27T16:15:55.408+0000] {logging_mixin.py:188} INFO - [2026-02-27T16:15:55.408+0000] {dag.py:3947} INFO - Setting next_dagrun for mini_1_etl_skeleton to None, run_after=None
[2026-02-27T16:15:55.421+0000] {processor.py:183} INFO - Processing /opt/airflow/dags/mini_1_etl_skeleton.py took 0.096 seconds
[2026-02-27T16:16:25.595+0000] {processor.py:161} INFO - Started process (PID=345) to work on /opt/airflow/dags/mini_1_etl_skeleton.py
[2026-02-27T16:16:25.595+0000] {processor.py:830} INFO - Processing file /opt/airflow/dags/mini_1_etl_skeleton.py for tasks to queue
[2026-02-27T16:16:25.597+0000] {logging_mixin.py:188} INFO - [2026-02-27T16:16:25.596+0000] {dagbag.py:545} INFO - Filling up the DagBag from /opt/airflow/dags/mini_1_etl_skeleton.py
[2026-02-27T16:16:25.636+0000] {processor.py:840} INFO - DAG(s) 'mini_1_etl_skeleton' retrieved from /opt/airflow/dags/mini_1_etl_skeleton.py
[2026-02-27T16:16:25.663+0000] {logging_mixin.py:188} INFO - [2026-02-27T16:16:25.663+0000] {dag.py:3089} INFO - Sync 1 DAGs
[2026-02-27T16:16:25.673+0000] {logging_mixin.py:188} INFO - [2026-02-27T16:16:25.673+0000] {dag.py:3947} INFO - Setting next_dagrun for mini_1_etl_skeleton to None, run_after=None
[2026-02-27T16:16:25.685+0000] {processor.py:183} INFO - Processing /opt/airflow/dags/mini_1_etl_skeleton.py took 0.094 seconds
[2026-02-27T16:16:55.866+0000] {processor.py:161} INFO - Started process (PID=360) to work on /opt/airflow/dags/mini_1_etl_skeleton.py
[2026-02-27T16:16:55.867+0000] {processor.py:830} INFO - Processing file /opt/airflow/dags/mini_1_etl_skeleton.py for tasks to queue
[2026-02-27T16:16:55.869+0000] {logging_mixin.py:188} INFO - [2026-02-27T16:16:55.869+0000] {dagbag.py:545} INFO - Filling up the DagBag from /opt/airflow/dags/mini_1_etl_skeleton.py
[2026-02-27T16:16:55.909+0000] {processor.py:840} INFO - DAG(s) 'mini_1_etl_skeleton' retrieved from /opt/airflow/dags/mini_1_etl_skeleton.py
[2026-02-27T16:16:55.934+0000] {logging_mixin.py:188} INFO - [2026-02-27T16:16:55.934+0000] {dag.py:3089} INFO - Sync 1 DAGs
[2026-02-27T16:16:55.943+0000] {logging_mixin.py:188} INFO - [2026-02-27T16:16:55.943+0000] {dag.py:3947} INFO - Setting next_dagrun for mini_1_etl_skeleton to None, run_after=None
[2026-02-27T16:16:55.954+0000] {processor.py:183} INFO - Processing /opt/airflow/dags/mini_1_etl_skeleton.py took 0.093 seconds
[2026-02-27T16:17:26.142+0000] {processor.py:161} INFO - Started process (PID=375) to work on /opt/airflow/dags/mini_1_etl_skeleton.py
[2026-02-27T16:17:26.143+0000] {processor.py:830} INFO - Processing file /opt/airflow/dags/mini_1_etl_skeleton.py for tasks to queue
[2026-02-27T16:17:26.144+0000] {logging_mixin.py:188} INFO - [2026-02-27T16:17:26.144+0000] {dagbag.py:545} INFO - Filling up the DagBag from /opt/airflow/dags/mini_1_etl_skeleton.py
[2026-02-27T16:17:26.190+0000] {processor.py:840} INFO - DAG(s) 'mini_1_etl_skeleton' retrieved from /opt/airflow/dags/mini_1_etl_skeleton.py
[2026-02-27T16:17:26.216+0000] {logging_mixin.py:188} INFO - [2026-02-27T16:17:26.216+0000] {dag.py:3089} INFO - Sync 1 DAGs
[2026-02-27T16:17:26.228+0000] {logging_mixin.py:188} INFO - [2026-02-27T16:17:26.227+0000] {dag.py:3947} INFO - Setting next_dagrun for mini_1_etl_skeleton to None, run_after=None
[2026-02-27T16:17:26.241+0000] {processor.py:183} INFO - Processing /opt/airflow/dags/mini_1_etl_skeleton.py took 0.103 seconds
[2026-02-27T16:17:56.485+0000] {processor.py:161} INFO - Started process (PID=395) to work on /opt/airflow/dags/mini_1_etl_skeleton.py
[2026-02-27T16:17:56.485+0000] {processor.py:830} INFO - Processing file /opt/airflow/dags/mini_1_etl_skeleton.py for tasks to queue
[2026-02-27T16:17:56.487+0000] {logging_mixin.py:188} INFO - [2026-02-27T16:17:56.487+0000] {dagbag.py:545} INFO - Filling up the DagBag from /opt/airflow/dags/mini_1_etl_skeleton.py
[2026-02-27T16:17:56.528+0000] {processor.py:840} INFO - DAG(s) 'mini_1_etl_skeleton' retrieved from /opt/airflow/dags/mini_1_etl_skeleton.py
[2026-02-27T16:17:56.557+0000] {logging_mixin.py:188} INFO - [2026-02-27T16:17:56.557+0000] {dag.py:3089} INFO - Sync 1 DAGs
[2026-02-27T16:17:56.567+0000] {logging_mixin.py:188} INFO - [2026-02-27T16:17:56.567+0000] {dag.py:3947} INFO - Setting next_dagrun for mini_1_etl_skeleton to None, run_after=None
[2026-02-27T16:17:56.579+0000] {processor.py:183} INFO - Processing /opt/airflow/dags/mini_1_etl_skeleton.py took 0.100 seconds
