[2026-03-04T02:55:33.522+0000] {local_task_job_runner.py:120} INFO - ::group::Pre task execution logs
[2026-03-04T02:55:33.543+0000] {taskinstance.py:2076} INFO - Dependencies all met for dep_context=non-requeueable deps ti=<TaskInstance: wikipedia_pageviews_to_postgres.load_to_postgres scheduled__2025-01-16T00:00:00+00:00 [queued]>
[2026-03-04T02:55:33.547+0000] {taskinstance.py:2076} INFO - Dependencies all met for dep_context=requeueable deps ti=<TaskInstance: wikipedia_pageviews_to_postgres.load_to_postgres scheduled__2025-01-16T00:00:00+00:00 [queued]>
[2026-03-04T02:55:33.548+0000] {taskinstance.py:2306} INFO - Starting attempt 1 of 1
[2026-03-04T02:55:33.555+0000] {taskinstance.py:2330} INFO - Executing <Task(PostgresOperator): load_to_postgres> on 2025-01-16 00:00:00+00:00
[2026-03-04T02:55:33.562+0000] {standard_task_runner.py:90} INFO - Running: ['airflow', 'tasks', 'run', 'wikipedia_pageviews_to_postgres', 'load_to_postgres', 'scheduled__2025-01-16T00:00:00+00:00', '--job-id', '23', '--raw', '--subdir', 'DAGS_FOLDER/mini_4_wikipedia.py', '--cfg-path', '/tmp/tmpf83g212f']
[2026-03-04T02:55:33.563+0000] {standard_task_runner.py:91} INFO - Job 23: Subtask load_to_postgres
[2026-03-04T02:55:33.566+0000] {logging_mixin.py:188} WARNING - /home/airflow/.local/lib/python3.12/site-packages/airflow/task/task_runner/standard_task_runner.py:62 DeprecationWarning: This process (pid=2501) is multi-threaded, use of fork() may lead to deadlocks in the child.
[2026-03-04T02:55:33.566+0000] {standard_task_runner.py:64} INFO - Started process 2503 to run task
[2026-03-04T02:55:33.701+0000] {task_command.py:426} INFO - Running <TaskInstance: wikipedia_pageviews_to_postgres.load_to_postgres scheduled__2025-01-16T00:00:00+00:00 [running]> on host 877d8a31e027
[2026-03-04T02:55:33.728+0000] {abstractoperator.py:725} ERROR - Exception rendering Jinja template for task 'load_to_postgres', field 'sql'. Template: '/opt/airflow/data/wiki/upsert_pageviews_{{ ds_nodash }}_00.sql'
Traceback (most recent call last):
  File "/home/airflow/.local/lib/python3.12/site-packages/airflow/models/abstractoperator.py", line 717, in _do_render_template_fields
    rendered_content = self.render_template(
                       ^^^^^^^^^^^^^^^^^^^^^
  File "/home/airflow/.local/lib/python3.12/site-packages/airflow/template/templater.py", line 166, in render_template
    template = jinja_env.get_template(value)
               ^^^^^^^^^^^^^^^^^^^^^^^^^^^^^
  File "/home/airflow/.local/lib/python3.12/site-packages/jinja2/environment.py", line 1013, in get_template
    return self._load_template(name, globals)
           ^^^^^^^^^^^^^^^^^^^^^^^^^^^^^^^^^^
  File "/home/airflow/.local/lib/python3.12/site-packages/jinja2/environment.py", line 972, in _load_template
    template = self.loader.load(self, name, self.make_globals(globals))
               ^^^^^^^^^^^^^^^^^^^^^^^^^^^^^^^^^^^^^^^^^^^^^^^^^^^^^^^^
  File "/home/airflow/.local/lib/python3.12/site-packages/jinja2/loaders.py", line 126, in load
    source, filename, uptodate = self.get_source(environment, name)
                                 ^^^^^^^^^^^^^^^^^^^^^^^^^^^^^^^^^^
  File "/home/airflow/.local/lib/python3.12/site-packages/jinja2/loaders.py", line 207, in get_source
    raise TemplateNotFound(template)
jinja2.exceptions.TemplateNotFound: /opt/airflow/data/wiki/upsert_pageviews_{{ ds_nodash }}_00.sql
[2026-03-04T02:55:33.729+0000] {taskinstance.py:2905} ERROR - Task failed with exception
Traceback (most recent call last):
  File "/home/airflow/.local/lib/python3.12/site-packages/airflow/models/taskinstance.py", line 2479, in _run_raw_task
    self._execute_task_with_callbacks(context, test_mode, session=session)
  File "/home/airflow/.local/lib/python3.12/site-packages/airflow/models/taskinstance.py", line 2633, in _execute_task_with_callbacks
    task_orig = self.render_templates(context=context, jinja_env=jinja_env)
                ^^^^^^^^^^^^^^^^^^^^^^^^^^^^^^^^^^^^^^^^^^^^^^^^^^^^^^^^^^^
  File "/home/airflow/.local/lib/python3.12/site-packages/airflow/models/taskinstance.py", line 3094, in render_templates
    original_task.render_template_fields(context, jinja_env)
  File "/home/airflow/.local/lib/python3.12/site-packages/airflow/models/baseoperator.py", line 1337, in render_template_fields
    self._do_render_template_fields(self, self.template_fields, context, jinja_env, set())
  File "/home/airflow/.local/lib/python3.12/site-packages/airflow/models/abstractoperator.py", line 717, in _do_render_template_fields
    rendered_content = self.render_template(
                       ^^^^^^^^^^^^^^^^^^^^^
  File "/home/airflow/.local/lib/python3.12/site-packages/airflow/template/templater.py", line 166, in render_template
    template = jinja_env.get_template(value)
               ^^^^^^^^^^^^^^^^^^^^^^^^^^^^^
  File "/home/airflow/.local/lib/python3.12/site-packages/jinja2/environment.py", line 1013, in get_template
    return self._load_template(name, globals)
           ^^^^^^^^^^^^^^^^^^^^^^^^^^^^^^^^^^
  File "/home/airflow/.local/lib/python3.12/site-packages/jinja2/environment.py", line 972, in _load_template
    template = self.loader.load(self, name, self.make_globals(globals))
               ^^^^^^^^^^^^^^^^^^^^^^^^^^^^^^^^^^^^^^^^^^^^^^^^^^^^^^^^
  File "/home/airflow/.local/lib/python3.12/site-packages/jinja2/loaders.py", line 126, in load
    source, filename, uptodate = self.get_source(environment, name)
                                 ^^^^^^^^^^^^^^^^^^^^^^^^^^^^^^^^^^
  File "/home/airflow/.local/lib/python3.12/site-packages/jinja2/loaders.py", line 207, in get_source
    raise TemplateNotFound(template)
jinja2.exceptions.TemplateNotFound: /opt/airflow/data/wiki/upsert_pageviews_{{ ds_nodash }}_00.sql
[2026-03-04T02:55:33.735+0000] {taskinstance.py:1206} INFO - Marking task as FAILED. dag_id=wikipedia_pageviews_to_postgres, task_id=load_to_postgres, run_id=scheduled__2025-01-16T00:00:00+00:00, execution_date=20250116T000000, start_date=20260304T025533, end_date=20260304T025533
[2026-03-04T02:55:33.740+0000] {standard_task_runner.py:110} ERROR - Failed to execute job 23 for task load_to_postgres (/opt/airflow/data/wiki/upsert_pageviews_{{ ds_nodash }}_00.sql; 2503)
[2026-03-04T02:55:33.780+0000] {local_task_job_runner.py:243} INFO - Task exited with return code 1
[2026-03-04T02:55:33.891+0000] {taskinstance.py:3503} INFO - 0 downstream tasks scheduled from follow-on schedule check
[2026-03-04T02:55:33.893+0000] {local_task_job_runner.py:222} INFO - ::endgroup::
[2026-03-04T03:25:58.777+0000] {local_task_job_runner.py:120} INFO - ::group::Pre task execution logs
[2026-03-04T03:25:58.797+0000] {taskinstance.py:2076} INFO - Dependencies all met for dep_context=non-requeueable deps ti=<TaskInstance: wikipedia_pageviews_to_postgres.load_to_postgres scheduled__2025-01-16T00:00:00+00:00 [queued]>
[2026-03-04T03:25:58.802+0000] {taskinstance.py:2076} INFO - Dependencies all met for dep_context=requeueable deps ti=<TaskInstance: wikipedia_pageviews_to_postgres.load_to_postgres scheduled__2025-01-16T00:00:00+00:00 [queued]>
[2026-03-04T03:25:58.802+0000] {taskinstance.py:2306} INFO - Starting attempt 1 of 1
[2026-03-04T03:25:58.808+0000] {taskinstance.py:2330} INFO - Executing <Task(PythonOperator): load_to_postgres> on 2025-01-16 00:00:00+00:00
[2026-03-04T03:25:58.816+0000] {standard_task_runner.py:90} INFO - Running: ['airflow', 'tasks', 'run', 'wikipedia_pageviews_to_postgres', 'load_to_postgres', 'scheduled__2025-01-16T00:00:00+00:00', '--job-id', '28', '--raw', '--subdir', 'DAGS_FOLDER/mini_4_wikipedia.py', '--cfg-path', '/tmp/tmp74pw6w96']
[2026-03-04T03:25:58.819+0000] {standard_task_runner.py:91} INFO - Job 28: Subtask load_to_postgres
[2026-03-04T03:25:58.821+0000] {logging_mixin.py:188} WARNING - /home/airflow/.local/lib/python3.12/site-packages/airflow/task/task_runner/standard_task_runner.py:62 DeprecationWarning: This process (pid=4112) is multi-threaded, use of fork() may lead to deadlocks in the child.
[2026-03-04T03:25:58.821+0000] {standard_task_runner.py:64} INFO - Started process 4114 to run task
[2026-03-04T03:25:58.858+0000] {task_command.py:426} INFO - Running <TaskInstance: wikipedia_pageviews_to_postgres.load_to_postgres scheduled__2025-01-16T00:00:00+00:00 [running]> on host 877d8a31e027
[2026-03-04T03:25:59.043+0000] {taskinstance.py:2648} INFO - Exporting env vars: AIRFLOW_CTX_DAG_OWNER='airflow' AIRFLOW_CTX_DAG_ID='wikipedia_pageviews_to_postgres' AIRFLOW_CTX_TASK_ID='load_to_postgres' AIRFLOW_CTX_EXECUTION_DATE='2025-01-16T00:00:00+00:00' AIRFLOW_CTX_TRY_NUMBER='1' AIRFLOW_CTX_DAG_RUN_ID='scheduled__2025-01-16T00:00:00+00:00'
[2026-03-04T03:25:59.044+0000] {taskinstance.py:430} INFO - ::endgroup::
[2026-03-04T03:25:59.058+0000] {base.py:84} INFO - Using connection ID 'postgres_default' for task execution.
[2026-03-04T03:25:59.062+0000] {sql.py:495} INFO - Running statement: -- auto genertaed
INSERT INTO pageview_counts(ds, hour, title, view_count) VALUES('2025-01-16', 0, 'Google', 0) ON CONFLICT (ds, hour, title) DO UPDATE SET view_count = EXCLUDED.view_count;
INSERT INTO pageview_counts(ds, hour, title, view_count) VALUES('2025-01-16', 0, 'Amazon', 0) ON CONFLICT (ds, hour, title) DO UPDATE SET view_count = EXCLUDED.view_count;
INSERT INTO pageview_counts(ds, hour, title, view_count) VALUES('2025-01-16', 0, 'Apple', 0) ON CONFLICT (ds, hour, title) DO UPDATE SET view_count = EXCLUDED.view_count;
INSERT INTO pageview_counts(ds, hour, title, view_count) VALUES('2025-01-16', 0, 'Microsoft', 0) ON CONFLICT (ds, hour, title) DO UPDATE SET view_count = EXCLUDED.view_count;
INSERT INTO pageview_counts(ds, hour, title, view_count) VALUES('2025-01-16', 0, 'Facebook', 0) ON CONFLICT (ds, hour, title) DO UPDATE SET view_count = EXCLUDED.view_count;
, parameters: None
[2026-03-04T03:25:59.063+0000] {sql.py:504} INFO - Rows affected: 1
[2026-03-04T03:25:59.064+0000] {python.py:237} INFO - Done. Returned value was: None
[2026-03-04T03:25:59.064+0000] {taskinstance.py:441} INFO - ::group::Post task execution logs
[2026-03-04T03:25:59.071+0000] {taskinstance.py:1206} INFO - Marking task as SUCCESS. dag_id=wikipedia_pageviews_to_postgres, task_id=load_to_postgres, run_id=scheduled__2025-01-16T00:00:00+00:00, execution_date=20250116T000000, start_date=20260304T032558, end_date=20260304T032559
[2026-03-04T03:25:59.114+0000] {local_task_job_runner.py:243} INFO - Task exited with return code 0
[2026-03-04T03:25:59.224+0000] {taskinstance.py:3503} INFO - 0 downstream tasks scheduled from follow-on schedule check
[2026-03-04T03:25:59.226+0000] {local_task_job_runner.py:222} INFO - ::endgroup::
[2026-03-04T03:47:57.173+0000] {local_task_job_runner.py:120} INFO - ::group::Pre task execution logs
[2026-03-04T03:47:57.194+0000] {taskinstance.py:2076} INFO - Dependencies all met for dep_context=non-requeueable deps ti=<TaskInstance: wikipedia_pageviews_to_postgres.load_to_postgres scheduled__2025-01-16T00:00:00+00:00 [queued]>
[2026-03-04T03:47:57.199+0000] {taskinstance.py:2076} INFO - Dependencies all met for dep_context=requeueable deps ti=<TaskInstance: wikipedia_pageviews_to_postgres.load_to_postgres scheduled__2025-01-16T00:00:00+00:00 [queued]>
[2026-03-04T03:47:57.199+0000] {taskinstance.py:2306} INFO - Starting attempt 1 of 1
[2026-03-04T03:47:57.206+0000] {taskinstance.py:2330} INFO - Executing <Task(PythonOperator): load_to_postgres> on 2025-01-16 00:00:00+00:00
[2026-03-04T03:47:57.213+0000] {standard_task_runner.py:90} INFO - Running: ['airflow', 'tasks', 'run', 'wikipedia_pageviews_to_postgres', 'load_to_postgres', 'scheduled__2025-01-16T00:00:00+00:00', '--job-id', '35', '--raw', '--subdir', 'DAGS_FOLDER/mini_4_wikipedia.py', '--cfg-path', '/tmp/tmp8a3ewzwk']
[2026-03-04T03:47:57.214+0000] {logging_mixin.py:188} WARNING - /home/airflow/.local/lib/python3.12/site-packages/airflow/task/task_runner/standard_task_runner.py:62 DeprecationWarning: This process (pid=5347) is multi-threaded, use of fork() may lead to deadlocks in the child.
[2026-03-04T03:47:57.214+0000] {standard_task_runner.py:91} INFO - Job 35: Subtask load_to_postgres
[2026-03-04T03:47:57.215+0000] {standard_task_runner.py:64} INFO - Started process 5351 to run task
[2026-03-04T03:47:57.251+0000] {task_command.py:426} INFO - Running <TaskInstance: wikipedia_pageviews_to_postgres.load_to_postgres scheduled__2025-01-16T00:00:00+00:00 [running]> on host 877d8a31e027
[2026-03-04T03:47:57.431+0000] {taskinstance.py:2648} INFO - Exporting env vars: AIRFLOW_CTX_DAG_OWNER='airflow' AIRFLOW_CTX_DAG_ID='wikipedia_pageviews_to_postgres' AIRFLOW_CTX_TASK_ID='load_to_postgres' AIRFLOW_CTX_EXECUTION_DATE='2025-01-16T00:00:00+00:00' AIRFLOW_CTX_TRY_NUMBER='1' AIRFLOW_CTX_DAG_RUN_ID='scheduled__2025-01-16T00:00:00+00:00'
[2026-03-04T03:47:57.433+0000] {taskinstance.py:430} INFO - ::endgroup::
[2026-03-04T03:47:57.448+0000] {base.py:84} INFO - Using connection ID 'postgres_default' for task execution.
[2026-03-04T03:47:57.453+0000] {sql.py:495} INFO - Running statement: -- auto genertaed
INSERT INTO pageview_counts(ds, hour, title, view_count) VALUES('2025-01-16', 0, 'Google', 289) ON CONFLICT (ds, hour, title) DO UPDATE SET view_count = EXCLUDED.view_count;
INSERT INTO pageview_counts(ds, hour, title, view_count) VALUES('2025-01-16', 0, 'Amazon', 7) ON CONFLICT (ds, hour, title) DO UPDATE SET view_count = EXCLUDED.view_count;
INSERT INTO pageview_counts(ds, hour, title, view_count) VALUES('2025-01-16', 0, 'Apple', 70) ON CONFLICT (ds, hour, title) DO UPDATE SET view_count = EXCLUDED.view_count;
INSERT INTO pageview_counts(ds, hour, title, view_count) VALUES('2025-01-16', 0, 'Microsoft', 141) ON CONFLICT (ds, hour, title) DO UPDATE SET view_count = EXCLUDED.view_count;
INSERT INTO pageview_counts(ds, hour, title, view_count) VALUES('2025-01-16', 0, 'Facebook', 253) ON CONFLICT (ds, hour, title) DO UPDATE SET view_count = EXCLUDED.view_count;
, parameters: None
[2026-03-04T03:47:57.454+0000] {sql.py:504} INFO - Rows affected: 1
[2026-03-04T03:47:57.455+0000] {python.py:237} INFO - Done. Returned value was: None
[2026-03-04T03:47:57.456+0000] {taskinstance.py:441} INFO - ::group::Post task execution logs
[2026-03-04T03:47:57.463+0000] {taskinstance.py:1206} INFO - Marking task as SUCCESS. dag_id=wikipedia_pageviews_to_postgres, task_id=load_to_postgres, run_id=scheduled__2025-01-16T00:00:00+00:00, execution_date=20250116T000000, start_date=20260304T034757, end_date=20260304T034757
[2026-03-04T03:47:57.508+0000] {local_task_job_runner.py:243} INFO - Task exited with return code 0
[2026-03-04T03:47:57.522+0000] {taskinstance.py:3503} INFO - 0 downstream tasks scheduled from follow-on schedule check
[2026-03-04T03:47:57.523+0000] {local_task_job_runner.py:222} INFO - ::endgroup::
