[2026-03-04T02:39:57.050+0000] {local_task_job_runner.py:120} INFO - ::group::Pre task execution logs
[2026-03-04T02:39:57.072+0000] {taskinstance.py:2076} INFO - Dependencies all met for dep_context=non-requeueable deps ti=<TaskInstance: wikipedia_pageviews_to_postgres.create_table manual__2026-03-04T02:39:56.564197+00:00 [queued]>
[2026-03-04T02:39:57.077+0000] {taskinstance.py:2076} INFO - Dependencies all met for dep_context=requeueable deps ti=<TaskInstance: wikipedia_pageviews_to_postgres.create_table manual__2026-03-04T02:39:56.564197+00:00 [queued]>
[2026-03-04T02:39:57.078+0000] {taskinstance.py:2306} INFO - Starting attempt 1 of 1
[2026-03-04T02:39:57.086+0000] {taskinstance.py:2330} INFO - Executing <Task(PostgresOperator): create_table> on 2026-03-04 02:39:56.564197+00:00
[2026-03-04T02:39:57.093+0000] {standard_task_runner.py:90} INFO - Running: ['airflow', 'tasks', 'run', 'wikipedia_pageviews_to_postgres', 'create_table', 'manual__2026-03-04T02:39:56.564197+00:00', '--job-id', '12', '--raw', '--subdir', 'DAGS_FOLDER/mini_4_wikipedia.py', '--cfg-path', '/tmp/tmpheyswti6']
[2026-03-04T02:39:57.096+0000] {standard_task_runner.py:91} INFO - Job 12: Subtask create_table
[2026-03-04T02:39:57.244+0000] {logging_mixin.py:188} WARNING - /home/airflow/.local/lib/python3.12/site-packages/airflow/task/task_runner/standard_task_runner.py:62 DeprecationWarning: This process (pid=1611) is multi-threaded, use of fork() may lead to deadlocks in the child.
[2026-03-04T02:39:57.244+0000] {standard_task_runner.py:64} INFO - Started process 1613 to run task
[2026-03-04T02:39:57.276+0000] {task_command.py:426} INFO - Running <TaskInstance: wikipedia_pageviews_to_postgres.create_table manual__2026-03-04T02:39:56.564197+00:00 [running]> on host 877d8a31e027
[2026-03-04T02:39:57.328+0000] {taskinstance.py:2648} INFO - Exporting env vars: AIRFLOW_CTX_DAG_OWNER='airflow' AIRFLOW_CTX_DAG_ID='wikipedia_pageviews_to_postgres' AIRFLOW_CTX_TASK_ID='create_table' AIRFLOW_CTX_EXECUTION_DATE='2026-03-04T02:39:56.564197+00:00' AIRFLOW_CTX_TRY_NUMBER='1' AIRFLOW_CTX_DAG_RUN_ID='manual__2026-03-04T02:39:56.564197+00:00'
[2026-03-04T02:39:57.329+0000] {taskinstance.py:430} INFO - ::endgroup::
[2026-03-04T02:39:57.336+0000] {sql.py:282} INFO - Executing: 
        CREATE TABLE IF NOT EXISTS pageview_counts (
        ds DATE NOT NULL,
        hour INT NOT NULL,
        title TEXT NOT NULL,
        view_count BIGINT NOT NULL,
        PRIMARY KEY (ds, hour, title)
        );
        
[2026-03-04T02:39:57.343+0000] {base.py:84} INFO - Using connection ID 'postgres_default' for task execution.
[2026-03-04T02:39:57.351+0000] {base.py:84} INFO - Using connection ID 'postgres_default' for task execution.
[2026-03-04T02:39:57.357+0000] {sql.py:495} INFO - Running statement: 
        CREATE TABLE IF NOT EXISTS pageview_counts (
        ds DATE NOT NULL,
        hour INT NOT NULL,
        title TEXT NOT NULL,
        view_count BIGINT NOT NULL,
        PRIMARY KEY (ds, hour, title)
        );
        , parameters: None
[2026-03-04T02:39:57.359+0000] {taskinstance.py:441} INFO - ::group::Post task execution logs
[2026-03-04T02:39:57.368+0000] {taskinstance.py:1206} INFO - Marking task as SUCCESS. dag_id=wikipedia_pageviews_to_postgres, task_id=create_table, run_id=manual__2026-03-04T02:39:56.564197+00:00, execution_date=20260304T023956, start_date=20260304T023957, end_date=20260304T023957
[2026-03-04T02:39:57.417+0000] {local_task_job_runner.py:243} INFO - Task exited with return code 0
[2026-03-04T02:39:57.426+0000] {logging_mixin.py:188} WARNING - /home/airflow/.local/lib/python3.12/site-packages/airflow/models/baseoperator.py:1297 AirflowProviderDeprecationWarning: Call to deprecated class PostgresOperator. (Please use `airflow.providers.common.sql.operators.sql.SQLExecuteQueryOperator`.Also, you can provide `hook_params={'schema': <database>}`.)
[2026-03-04T02:39:57.433+0000] {taskinstance.py:3503} INFO - 1 downstream tasks scheduled from follow-on schedule check
[2026-03-04T02:39:57.435+0000] {local_task_job_runner.py:222} INFO - ::endgroup::
