[2026-03-04T02:55:06.795+0000] {local_task_job_runner.py:120} INFO - ::group::Pre task execution logs
[2026-03-04T02:55:06.816+0000] {taskinstance.py:2076} INFO - Dependencies all met for dep_context=non-requeueable deps ti=<TaskInstance: wikipedia_pageviews_to_postgres.create_table scheduled__2025-01-15T00:00:00+00:00 [queued]>
[2026-03-04T02:55:06.821+0000] {taskinstance.py:2076} INFO - Dependencies all met for dep_context=requeueable deps ti=<TaskInstance: wikipedia_pageviews_to_postgres.create_table scheduled__2025-01-15T00:00:00+00:00 [queued]>
[2026-03-04T02:55:06.822+0000] {taskinstance.py:2306} INFO - Starting attempt 1 of 1
[2026-03-04T02:55:06.831+0000] {taskinstance.py:2330} INFO - Executing <Task(PostgresOperator): create_table> on 2025-01-15 00:00:00+00:00
[2026-03-04T02:55:06.840+0000] {standard_task_runner.py:90} INFO - Running: ['airflow', 'tasks', 'run', 'wikipedia_pageviews_to_postgres', 'create_table', 'scheduled__2025-01-15T00:00:00+00:00', '--job-id', '16', '--raw', '--subdir', 'DAGS_FOLDER/mini_4_wikipedia.py', '--cfg-path', '/tmp/tmptzsmd5bz']
[2026-03-04T02:55:06.842+0000] {standard_task_runner.py:91} INFO - Job 16: Subtask create_table
[2026-03-04T02:55:06.845+0000] {logging_mixin.py:188} WARNING - /home/airflow/.local/lib/python3.12/site-packages/airflow/task/task_runner/standard_task_runner.py:62 DeprecationWarning: This process (pid=2447) is multi-threaded, use of fork() may lead to deadlocks in the child.
[2026-03-04T02:55:06.845+0000] {standard_task_runner.py:64} INFO - Started process 2451 to run task
[2026-03-04T02:55:07.046+0000] {task_command.py:426} INFO - Running <TaskInstance: wikipedia_pageviews_to_postgres.create_table scheduled__2025-01-15T00:00:00+00:00 [running]> on host 877d8a31e027
[2026-03-04T02:55:07.096+0000] {taskinstance.py:2648} INFO - Exporting env vars: AIRFLOW_CTX_DAG_OWNER='airflow' AIRFLOW_CTX_DAG_ID='wikipedia_pageviews_to_postgres' AIRFLOW_CTX_TASK_ID='create_table' AIRFLOW_CTX_EXECUTION_DATE='2025-01-15T00:00:00+00:00' AIRFLOW_CTX_TRY_NUMBER='1' AIRFLOW_CTX_DAG_RUN_ID='scheduled__2025-01-15T00:00:00+00:00'
[2026-03-04T02:55:07.097+0000] {taskinstance.py:430} INFO - ::endgroup::
[2026-03-04T02:55:07.104+0000] {sql.py:282} INFO - Executing: 
        CREATE TABLE IF NOT EXISTS pageview_counts (
        ds DATE NOT NULL,
        hour INT NOT NULL,
        title TEXT NOT NULL,
        view_count BIGINT NOT NULL,
        PRIMARY KEY (ds, hour, title)
        );
        
[2026-03-04T02:55:07.110+0000] {base.py:84} INFO - Using connection ID 'postgres_default' for task execution.
[2026-03-04T02:55:07.119+0000] {base.py:84} INFO - Using connection ID 'postgres_default' for task execution.
[2026-03-04T02:55:07.125+0000] {sql.py:495} INFO - Running statement: 
        CREATE TABLE IF NOT EXISTS pageview_counts (
        ds DATE NOT NULL,
        hour INT NOT NULL,
        title TEXT NOT NULL,
        view_count BIGINT NOT NULL,
        PRIMARY KEY (ds, hour, title)
        );
        , parameters: None
[2026-03-04T02:55:07.126+0000] {taskinstance.py:441} INFO - ::group::Post task execution logs
[2026-03-04T02:55:07.134+0000] {taskinstance.py:1206} INFO - Marking task as SUCCESS. dag_id=wikipedia_pageviews_to_postgres, task_id=create_table, run_id=scheduled__2025-01-15T00:00:00+00:00, execution_date=20250115T000000, start_date=20260304T025506, end_date=20260304T025507
[2026-03-04T02:55:07.180+0000] {local_task_job_runner.py:243} INFO - Task exited with return code 0
[2026-03-04T02:55:07.189+0000] {logging_mixin.py:188} WARNING - /home/airflow/.local/lib/python3.12/site-packages/airflow/models/baseoperator.py:1297 AirflowProviderDeprecationWarning: Call to deprecated class PostgresOperator. (Please use `airflow.providers.common.sql.operators.sql.SQLExecuteQueryOperator`.Also, you can provide `hook_params={'schema': <database>}`.)
[2026-03-04T02:55:07.310+0000] {taskinstance.py:3503} INFO - 1 downstream tasks scheduled from follow-on schedule check
[2026-03-04T02:55:07.312+0000] {local_task_job_runner.py:222} INFO - ::endgroup::
[2026-03-04T03:47:29.587+0000] {local_task_job_runner.py:120} INFO - ::group::Pre task execution logs
[2026-03-04T03:47:29.611+0000] {taskinstance.py:2076} INFO - Dependencies all met for dep_context=non-requeueable deps ti=<TaskInstance: wikipedia_pageviews_to_postgres.create_table scheduled__2025-01-15T00:00:00+00:00 [queued]>
[2026-03-04T03:47:29.616+0000] {taskinstance.py:2076} INFO - Dependencies all met for dep_context=requeueable deps ti=<TaskInstance: wikipedia_pageviews_to_postgres.create_table scheduled__2025-01-15T00:00:00+00:00 [queued]>
[2026-03-04T03:47:29.616+0000] {taskinstance.py:2306} INFO - Starting attempt 1 of 1
[2026-03-04T03:47:29.623+0000] {taskinstance.py:2330} INFO - Executing <Task(PostgresOperator): create_table> on 2025-01-15 00:00:00+00:00
[2026-03-04T03:47:29.631+0000] {standard_task_runner.py:90} INFO - Running: ['airflow', 'tasks', 'run', 'wikipedia_pageviews_to_postgres', 'create_table', 'scheduled__2025-01-15T00:00:00+00:00', '--job-id', '30', '--raw', '--subdir', 'DAGS_FOLDER/mini_4_wikipedia.py', '--cfg-path', '/tmp/tmpwvudgszq']
[2026-03-04T03:47:29.633+0000] {standard_task_runner.py:91} INFO - Job 30: Subtask create_table
[2026-03-04T03:47:29.634+0000] {logging_mixin.py:188} WARNING - /home/airflow/.local/lib/python3.12/site-packages/airflow/task/task_runner/standard_task_runner.py:62 DeprecationWarning: This process (pid=5299) is multi-threaded, use of fork() may lead to deadlocks in the child.
[2026-03-04T03:47:29.634+0000] {standard_task_runner.py:64} INFO - Started process 5303 to run task
[2026-03-04T03:47:29.675+0000] {task_command.py:426} INFO - Running <TaskInstance: wikipedia_pageviews_to_postgres.create_table scheduled__2025-01-15T00:00:00+00:00 [running]> on host 877d8a31e027
[2026-03-04T03:47:29.886+0000] {taskinstance.py:2648} INFO - Exporting env vars: AIRFLOW_CTX_DAG_OWNER='airflow' AIRFLOW_CTX_DAG_ID='wikipedia_pageviews_to_postgres' AIRFLOW_CTX_TASK_ID='create_table' AIRFLOW_CTX_EXECUTION_DATE='2025-01-15T00:00:00+00:00' AIRFLOW_CTX_TRY_NUMBER='1' AIRFLOW_CTX_DAG_RUN_ID='scheduled__2025-01-15T00:00:00+00:00'
[2026-03-04T03:47:29.887+0000] {taskinstance.py:430} INFO - ::endgroup::
[2026-03-04T03:47:29.893+0000] {sql.py:282} INFO - Executing: 
        CREATE TABLE IF NOT EXISTS pageview_counts (
        ds DATE NOT NULL,
        hour INT NOT NULL,
        title TEXT NOT NULL,
        view_count BIGINT NOT NULL,
        PRIMARY KEY (ds, hour, title)
        );
        
[2026-03-04T03:47:29.900+0000] {base.py:84} INFO - Using connection ID 'postgres_default' for task execution.
[2026-03-04T03:47:29.906+0000] {base.py:84} INFO - Using connection ID 'postgres_default' for task execution.
[2026-03-04T03:47:29.910+0000] {sql.py:495} INFO - Running statement: 
        CREATE TABLE IF NOT EXISTS pageview_counts (
        ds DATE NOT NULL,
        hour INT NOT NULL,
        title TEXT NOT NULL,
        view_count BIGINT NOT NULL,
        PRIMARY KEY (ds, hour, title)
        );
        , parameters: None
[2026-03-04T03:47:29.912+0000] {taskinstance.py:441} INFO - ::group::Post task execution logs
[2026-03-04T03:47:29.919+0000] {taskinstance.py:1206} INFO - Marking task as SUCCESS. dag_id=wikipedia_pageviews_to_postgres, task_id=create_table, run_id=scheduled__2025-01-15T00:00:00+00:00, execution_date=20250115T000000, start_date=20260304T034729, end_date=20260304T034729
[2026-03-04T03:47:29.968+0000] {local_task_job_runner.py:243} INFO - Task exited with return code 0
[2026-03-04T03:47:29.977+0000] {logging_mixin.py:188} WARNING - /home/airflow/.local/lib/python3.12/site-packages/airflow/models/baseoperator.py:1297 AirflowProviderDeprecationWarning: Call to deprecated class PostgresOperator. (Please use `airflow.providers.common.sql.operators.sql.SQLExecuteQueryOperator`.Also, you can provide `hook_params={'schema': <database>}`.)
[2026-03-04T03:47:30.106+0000] {taskinstance.py:3503} INFO - 1 downstream tasks scheduled from follow-on schedule check
[2026-03-04T03:47:30.107+0000] {local_task_job_runner.py:222} INFO - ::endgroup::
